<?xml version="1.0" encoding="UTF-8"?>
<robot generator="Robot 6.1.1 (Python 3.12.1 on win32)" generated="20240109 23:53:42.639" rpa="false" schemaversion="4">
<suite id="s1" name="Suites" source="F:\A5 - QA\testautomation\suites">
<suite id="s1-s1" name="Browserstack" source="F:\A5 - QA\testautomation\suites\browserstack.robot">
<test id="s1-s1-t1" name="Test Network Should Be Successfuly Connected" line="8">
<kw>
<var>${ok_button_update_popup}</var>
<msg timestamp="20240109 23:53:43.452" level="FAIL">Keyword name cannot be empty.</msg>
<status status="FAIL" starttime="20240109 23:53:43.452" endtime="20240109 23:53:43.452"/>
</kw>
<kw name="Close Popup By Clicking Ok Button" library="testNetworkPage">
<status status="NOT RUN" starttime="20240109 23:53:43.452" endtime="20240109 23:53:43.452"/>
</kw>
<kw name="Click Test Button" library="testNetworkPage">
<status status="NOT RUN" starttime="20240109 23:53:43.454" endtime="20240109 23:53:43.454"/>
</kw>
<kw name="Verify Network Is Connected" library="testNetworkPage">
<status status="NOT RUN" starttime="20240109 23:53:43.455" endtime="20240109 23:53:43.455"/>
</kw>
<status status="FAIL" starttime="20240109 23:53:43.451" endtime="20240109 23:53:43.456">Keyword name cannot be empty.</status>
</test>
<status status="FAIL" starttime="20240109 23:53:42.727" endtime="20240109 23:53:43.457"/>
</suite>
<suite id="s1-s2" name="loginSuite" source="F:\A5 - QA\testautomation\suites\loginSuite.robot">
<test id="s1-s2-t1" name="User should be able to login with valid credentials" line="10">
<kw name="Open Flight Application" library="base">
<kw name="Open Application" library="AppiumLibrary">
<arg>remote_url=${REMOTE_URL}</arg>
<arg>platformName=${PLATFORM_NAME}</arg>
<arg>platformVersion=${PLATFORM_VERSION}</arg>
<arg>deviceName=${DEVICE_NAME}</arg>
<arg>appPackage=${APP_PACKAGE}</arg>
<arg>appActivity=${APP_ACTIVITY}</arg>
<doc>Opens a new application to given Appium server.
Capabilities of appium server, Android and iOS,
Please check https://github.com/appium/appium/blob/master/docs/en/writing-running-appium/server-args.md
| *Option*            | *Man.* | *Description*     |
| remote_url          | Yes    | Appium server url |
| alias               | no     | alias             |
| strict_ssl          | No     | allows you to send commands to an invalid certificate host like a self-signed one. |</doc>
<status status="PASS" starttime="20240109 23:53:43.478" endtime="20240109 23:54:24.494"/>
</kw>
<status status="PASS" starttime="20240109 23:53:43.478" endtime="20240109 23:54:24.495"/>
</kw>
<kw name="Verify Login Appears" library="loginPage">
<kw name="Wait Until Element Is Visible" library="AppiumLibrary">
<arg>${email_input_loginPage}</arg>
<doc>Waits until element specified with `locator` is visible.</doc>
<msg timestamp="20240109 23:54:32.961" level="INFO">&lt;?xml version='1.0' encoding='UTF-8' standalone='yes' ?&gt;
&lt;hierarchy index="0" class="hierarchy" rotation="0" width="1440" height="2392"&gt;
  &lt;android.widget.FrameLayout index="0" package="com.google.android.apps.nexuslauncher" class="android.widget.FrameLayout" text="" checkable="false" checked="false" clickable="false" enabled="true" focusable="false" focused="false" long-clickable="false" password="false" scrollable="false" selected="false" bounds="[0,0][1440,2392]" displayed="true"&gt;
    &lt;android.widget.LinearLayout index="0" package="com.google.android.apps.nexuslauncher" class="android.widget.LinearLayout" text="" checkable="false" checked="false" clickable="false" enabled="true" focusable="false" focused="false" long-clickable="false" password="false" scrollable="false" selected="false" bounds="[0,0][1440,2392]" displayed="true"&gt;
      &lt;android.widget.FrameLayout index="0" package="com.google.android.apps.nexuslauncher" class="android.widget.FrameLayout" text="" resource-id="android:id/content" checkable="false" checked="false" clickable="false" enabled="true" focusable="false" focused="false" long-clickable="false" password="false" scrollable="false" selected="false" bounds="[0,0][1440,2392]" displayed="true"&gt;
        &lt;android.widget.FrameLayout index="0" package="com.google.android.apps.nexuslauncher" class="android.widget.FrameLayout" text="" resource-id="com.google.android.apps.nexuslauncher:id/launcher" checkable="false" checked="false" clickable="false" enabled="true" focusable="false" focused="false" long-clickable="false" password="false" scrollable="false" selected="false" bounds="[0,0][1440,2392]" displayed="true"&gt;
          &lt;android.widget.FrameLayout index="0" package="com.google.android.apps.nexuslauncher" class="android.widget.FrameLayout" text="" resource-id="com.google.android.apps.nexuslauncher:id/drag_layer" checkable="false" checked="false" clickable="false" enabled="true" focusable="false" focused="false" long-clickable="false" password="false" scrollable="false" selected="false" bounds="[0,0][1440,2392]" displayed="true"&gt;
            &lt;android.view.View index="0" package="com.google.android.apps.nexuslauncher" class="android.view.View" text="" resource-id="com.google.android.apps.nexuslauncher:id/scrim_view" checkable="false" checked="false" clickable="false" enabled="true" focusable="false" focused="false" long-clickable="false" password="false" scrollable="false" selected="false" bounds="[0,0][1440,2392]" displayed="true" /&gt;
            &lt;android.widget.ScrollView index="1" package="com.google.android.apps.nexuslauncher" class="android.widget.ScrollView" text="" resource-id="com.google.android.apps.nexuslauncher:id/workspace" checkable="false" checked="false" clickable="false" enabled="true" focusable="false" focused="false" long-clickable="false" password="false" scrollable="true" selected="false" bounds="[0,0][1440,2392]" displayed="true"&gt;
              &lt;android.view.ViewGroup index="0" package="com.google.android.apps.nexuslauncher" class="android.view.ViewGroup" text="" checkable="false" checked="false" clickable="false" enabled="true" focusable="false" focused="false" long-clickable="false" password="false" scrollable="false" selected="false" bounds="[28,112][1412,1800]" displayed="true"&gt;
                &lt;android.view.ViewGroup index="0" package="com.google.android.apps.nexuslauncher" class="android.view.ViewGroup" text="" checkable="false" checked="false" clickable="false" enabled="true" focusable="false" focused="false" long-clickable="false" password="false" scrollable="false" selected="false" bounds="[48,112][1392,1800]" displayed="true"&gt;
                  &lt;android.widget.FrameLayout index="0" package="com.google.android.apps.nexuslauncher" class="android.widget.FrameLayout" text="" resource-id="com.google.android.apps.nexuslauncher:id/search_container_workspace" checkable="false" checked="false" clickable="false" enabled="true" focusable="false" focused="false" long-clickable="false" password="false" scrollable="false" selected="false" bounds="[48,112][1392,449]" displayed="true"&gt;
                    &lt;android.widget.FrameLayout index="0" package="com.google.android.apps.nexuslauncher" class="android.widget.FrameLayout" text="" resource-id="com.google.android.apps.nexuslauncher:id/bc_smartspace_view" checkable="false" checked="false" clickable="false" enabled="true" focusable="false" focused="false" long-clickable="false" password="false" scrollable="false" selected="false" bounds="[104,113][1392,449]" displayed="true"&gt;
                      &lt;androidx.viewpager.widget.ViewPager index="0" package="com.google.android.apps.nexuslauncher" class="androidx.viewpager.widget.ViewPager" text="" resource-id="com.google.android.apps.nexuslauncher:id/smartspace_card_pager" checkable="false" checked="false" clickable="false" enabled="true" focusable="true" focused="false" long-clickable="true" password="false" scrollable="false" selected="false" bounds="[104,113][1392,449]" displayed="true"&gt;
                        &lt;android.widget.LinearLayout index="0" package="com.google.android.apps.nexuslauncher" class="android.widget.LinearLayout" text="" checkable="false" checked="false" clickable="true" enabled="true" focusable="true" focused="false" long-clickable="false" password="false" scrollable="false" selected="false" bounds="[104,113][1392,449]" displayed="true"&gt;
                          &lt;android.widget.RelativeLayout index="0" package="com.google.android.apps.nexuslauncher" class="android.widget.RelativeLayout" text="" checkable="false" checked="false" clickable="false" enabled="true" focusable="false" focused="false" long-clickable="false" password="false" scrollable="false" selected="false" bounds="[104,164][1392,327]" displayed="true"&gt;
                            &lt;android.widget.TextView index="0" package="com.google.android.apps.nexuslauncher" class="android.widget.TextView" text="Tue, Jan 9" content-desc="Tue, Jan 9" resource-id="com.google.android.apps.nexuslauncher:id/clock" checkable="false" checked="false" clickable="false" enabled="true" focusable="false" focused="false" long-clickable="false" password="false" scrollable="false" selected="false" bounds="[104,164][1392,240]" displayed="true" /&gt;
                          &lt;/android.widget.RelativeLayout&gt;
                        &lt;/android.widget.LinearLayout&gt;
                      &lt;/androidx.viewpager.widget.ViewPager&gt;
                    &lt;/android.widget.FrameLayout&gt;
                  &lt;/android.widget.FrameLayout&gt;
                &lt;/android.view.ViewGroup&gt;
              &lt;/android.view.ViewGroup&gt;
            &lt;/android.widget.ScrollView&gt;
            &lt;android.view.View index="2" package="com.google.android.apps.nexuslauncher" class="android.view.View" text="" content-desc="Home" checkable="false" checked="false" clickable="false" enabled="true" focusable="false" focused="false" long-clickable="false" password="false" scrollable="false" selected="false" bounds="[0,84][1440,2392]" displayed="true" /&gt;
            &lt;android.view.View index="3" package="com.google.android.apps.nexuslauncher" class="android.view.View" text="" resource-id="com.google.android.apps.nexuslauncher:id/page_indicator" checkable="false" checked="false" clickable="false" enabled="true" focusable="false" focused="false" long-clickable="false" password="false" scrollable="false" selected="false" bounds="[0,1758][1440,1842]" displayed="true" /&gt;
            &lt;android.view.ViewGroup index="4" package="com.google.android.apps.nexuslauncher" class="android.view.ViewGroup" text="" resource-id="com.google.android.apps.nexuslauncher:id/hotseat" checkable="false" checked="false" clickable="false" enabled="true" focusable="false" focused="false" long-clickable="false" password="false" scrollable="false" selected="false" bounds="[0,1842][1440,2392]" displayed="true"&gt;
              &lt;android.view.ViewGroup index="0" package="com.google.android.apps.nexuslauncher" class="android.view.ViewGroup" text="" checkable="false" checked="false" clickable="false" enabled="true" focusable="false" focused="false" long-clickable="false" password="false" scrollable="false" selected="false" bounds="[48,1842][1392,2063]" displayed="true"&gt;
                &lt;android.widget.TextView index="0" package="com.google.android.apps.nexuslauncher" class="android.widget.TextView" text="Messages" content-desc="Messages" checkable="false" checked="false" clickable="true" enabled="true" focusable="true" focused="false" long-clickable="true" password="false" scrollable="false" selected="false" bounds="[317,1842][586,2063]" displayed="true" /&gt;
                &lt;android.widget.TextView index="1" package="com.google.android.apps.nexuslauncher" class="android.widget.TextView" text="Chrome" content-desc="Chrome" checkable="false" checked="false" clickable="true" enabled="true" focusable="true" focused="false" long-clickable="true" password="false" scrollable="false" selected="false" bounds="[855,1842][1124,2063]" displayed="true" /&gt;
              &lt;/android.view.ViewGroup&gt;
              &lt;android.widget.FrameLayout index="1" package="com.google.android.apps.nexuslauncher" class="android.widget.FrameLayout" text="" content-desc="Search" checkable="false" checked="false" clickable="true" enabled="true" focusable="true" focused="false" long-clickable="true" password="false" scrollable="false" selected="false" bounds="[91,2136][1348,2357]" displayed="true"&gt;
                &lt;android.widget.ImageView index="0" package="com.google.android.apps.nexuslauncher" class="android.widget.ImageView" text="" resource-id="com.google.android.apps.nexuslauncher:id/g_icon" checkable="false" checked="false" clickable="false" enabled="true" focusable="false" focused="false" long-clickable="false" password="false" scrollable="false" selected="false" bounds="[147,2204][231,2288]" displayed="true" /&gt;
                &lt;android.widget.LinearLayout index="1" package="com.google.android.apps.nexuslauncher" class="android.widget.LinearLayout" text="" checkable="false" checked="false" clickable="false" enabled="true" focusable="false" focused="false" long-clickable="false" password="false" scrollable="false" selected="false" bounds="[1159,2136][1348,2357]" displayed="true"&gt;
                  &lt;android.widget.ImageView index="0" package="com.google.android.apps.nexuslauncher" class="android.widget.ImageView" text="" content-desc="Voice search" resource-id="com.google.android.apps.nexuslauncher:id/mic_icon" checkable="false" checked="false" clickable="true" enabled="true" focusable="false" focused="false" long-clickable="false" password="false" scrollable="false" selected="false" bounds="[1159,2136][1348,2357]" displayed="true" /&gt;
                &lt;/android.widget.LinearLayout&gt;
              &lt;/android.widget.FrameLayout&gt;
            &lt;/android.view.ViewGroup&gt;
          &lt;/android.widget.FrameLayout&gt;
        &lt;/android.widget.FrameLayout&gt;
      &lt;/android.widget.FrameLayout&gt;
    &lt;/android.widget.LinearLayout&gt;
  &lt;/android.widget.FrameLayout&gt;
&lt;/hierarchy&gt;</msg>
<kw name="Capture Page Screenshot" library="AppiumLibrary">
<doc>Takes a screenshot of the current page and embeds it into the log.</doc>
<msg timestamp="20240109 23:54:36.798" level="INFO" html="true">&lt;/td&gt;&lt;/tr&gt;&lt;tr&gt;&lt;td colspan="3"&gt;&lt;img src="data:image/png;base64, iVBORw0KGgoAAAANSUhEUgAABaAAAAoACAYAAABH9IXPAAAAAXNSR0IArs4c6QAAAARzQklUCAgI
CHwIZIgAACAASURBVHic7N13lBzXfSf6762uDtOTA4BBjkTOAAGCBBhAShSjZImy1rIlB9le+8lp
7ffs83af9+yuve+8s+HYXr/zZO/aXitQNpVWIsUkkZQoECRBAkwIBEiAyGGQMZjc3XXfHz3d07mr
u9Ktqu/HHhEz01N16+b69e1b4m//8D9KVFP9NwEQ6IsjIiI/4xBFROQvwusEEPkTpzyTmBFEFHC6
EDVmSwI+7QjNJJqzRCJf8WVfRNQkDlFERERE4cG5HxEFnFb3Fb7rCBmlIgok3/VFRERERERERESk
m4rp+Crw46vEkkv4tkRAlDZvFixZpeqQwbpNREREIaDqVIyIiOyle50AZ/DOnYpxYhNQvt0mqFms
yaER+qIOVcMmIuU00AlX6a7YixERERFN0UW9AI4vVxyG/s7dO7Wy3hd1h3yHzZ0ogNiwicgnct1V
wTxXgr0YEQB3GkIQ7jHtyKcg5AMR+V+N/kxvuKPibIqawQGRiFTEvomIKNgYACPyjtPvxgSl7eWu
w0peMU5DRIrTIUz0VOzMqBGVJgIVVoe4KShzEyKqotFxyo6JPhEREcCxhMgrbHtERL5hbg9oRu/I
KtYhInIS+xgiIiIiIiIiJQX0IYTkGQaByG4er56f4nkCiMgzXGJFTuC4QkREREQBVGGaq2tC8z4V
FByK3qOz1gWA53XL8wQQEVGghGhc4USMKJTY9ImIQqrCNJcroCkUQnSLRz7HiToREQUOJ2JEoSQA
SE5uiYgIngegORoFEm8ygifUTdXdCs3mQ6SyUHeGZCv29kEjodCuYUQKYW9HRBRClVZAC9dHBFHl
30RkGzYtCgurd/lsK9QQVhiipgU0Kpu7LN7hEFXBBkFEFHoSnq+AJiJHFC7DIfJaM0GHavXX7gBG
QAMiocP+Tn1sa/ZgXSciIiIiH9I5kyUKKN7skwqarYeV3kRhnaZq+Kab2th27ePXuh7gOuDH4iDF
edlezFboALdpIiKyV276yhXQRM0SQLKjDfNWLMG8NUvRO2s6YokEIAAxOXuTBbOzkRtDuHTqHI6/
exjnj53CxNgYJ2/kvNI65uadstX6zfZBjWB9obBgXacgqlevgxLpV739qp4+IiLyjdIhRZ8ayyuN
6hyBfI2rB+0ngHiyBdt+7uOYtXQBorEYJCRElc3URUEhtHa1o7VrGRasXQYpJcZHRnH0zf146/ld
kAYLhxzi5Q1bUG4WyR/YjaqLfYG9/FrXWQ+oGrMr+/1chyptFk5E1CgV+hC/zkPIc+If//g/SQaf
A4hFaisJiY6ebjz6r34ZkWi0asC54ePKbKEMXr6GH/63ryM9MWHLcYmIQoXjm/pUuGEKAj/XddYB
qqTROu3XeuTntktE6lChD2R/RgUaqQ7iq3/yX6q8nrXKt9x6eFdIJFqTePj3v4hke5ujHb40DHzj
3/xFPiht/YD2HMZJQtMQ0SOI6BFACEACUhrIpDMwMgakYXidRHUIIKLr0GNR68eazOf0RBpGJmP9
eNWoMEEi//JBH0YK8Fs/w3pNRETkqGRHG9p6OhFPtiCWTCCWiCMajyI1nsLE6BgmRscxPjKKoas3
MDI45HVyldPW3Ymhaze8TgbW3Xe76dce23dQiTSHTaPTWt3cxN3KbNlvdwYBxqJoiBACGz6+Havu
2mLbiufa59MwfdEcDHx02vFzuUFoArGWBFJjE0VBTiEEook4ookYWjvb0TGtBx193dCjUUgpMTE6
hsFLVzFycxijg0NIT6QwPjKGTDpdcHBA16OIRHWMj4yaSE2tPswHDUMAsUQcs5cuxLT5sy0fLrcF
zOXT53H59AVMjI7ZkMgSPshW8pFABu3CsuyvWTXyR1T5d02K5V8g6zQRVaVYF0QUFC3trZh1ywLM
vGUBemdPR1t3JyJR8486y6TSGLp2A1fOXsT5D0/g3IcnMHpz2MEUN6FwzuBwX7L89g1o7+3Gm0+9
ZC49Dlr3MfMB6IGPTjMArbgaDyHkrJjCLRqP4dE/+BW0dna4N2EUwPbPPoDv/qf/bk8TFPCsKQtN
Q9eMXizdshanDn6IgeNnIQ0DsZY4Wrs6MG/1UsxcMg/T5s2qeZxMKo2B42fw4Zvv4dLJc9lAdCaN
eEsCs5ctRPfM6Tj48psYGx6plyL7Ls4DejSKWUsXYttn7rdnBfSkidExvL/7Lbz/yj5MjI3bdlwA
5vdzpPAK/VSDDaQ2k/nj13rk4RhNRB4IyLyI3RZ5LaLrmLFwDmYvXYBZSxega0afteNFdXRO70Xn
9F4s2rACAHB94DLOfnAC5z44jgsfnXH2E6ONcrARLt+2AVsevRfvv/IW7PpQtlsk2D+pTgLQ6xeT
1WIMyGhLoRGNx/C5P/0ytEjE9XO3tLcWff+xX/95vPD3325+Ww4Pmp7QNHTP6MOmB+9C/+J5mLlk
Pt546iUM37iJJZtWYfHG1Ui0JU0dKxLVMWvpAsxYOCcfiL56/iJmLpmPzQ/eDSklovEY3vnxbhNB
aH+KRLOTrA3377A1+AwAsZYElm/bgPGRMRx+9S1bjw2AswCyxsXVHuQzQakbfk47US0c/yvzWb74
LLkUAu09nVixfROWbF6NaDzm2Hm6ZvSha0Yflm5Zi6NvHsD7u/fh5tVgr65dvm0Dtn7qXq+TQQGn
i7pLMDg7Jv8zO4HqnjkND//OFyA0zdH0VKNpEUyfNxsXT57N/kBKfO5Pv4xv/cevqPXOaw0t7a3Y
cP92zFwyHwDQ3teN7Z97CENXr6Nv7szqfygBw8hUDPznAtHTF87GtXOX0D1zWj4Yu3D9CqRTaex7
5mX79s9WRCSqo3/hHGz55H1o7+kEJJBOp/K/FxDQIhqEpkEaEplMuvh3egQCAplMuihvNE3L53Os
JY75a5biyOvvBC7/SHH1qltT2ywQKY51mcKAK/wDgd0VqSLR2oI1O2/DstvWubpILBqPYcX2jVi2
bR2OvP4u9r/0OsaGzWz/6CAH+tZl29aXBZ9FrR5Awc5BCOHKtqlkjZ4tJBZUIJV2TizmmqLxmKfB
ZwCQkFiwdhkunToPABi8ch0zl8zHY//6t/DtP/+KZ+kySwiBaCyGiK7DyGSDyUIIJFpbkGhtKXqt
kTGQGp9AOpVCeiIFI5PByOAQ2nu6IIRARI9Aj0URTcTzg4kejWLa/IJtOyRgGAb0WBR6LIr0RApB
kVv5vPXRe9HW0wkASE1M4PSho1Ov0XV0z5yG9p4uDN8YxMUTZ/O/02NRzFg4FxE9goHjZ/J7ZWua
hmRXB6ZP5qPQNCQ72hBPtmDc6wkVhQvHJGoW6w6R+thOiciiaDyGlTs2YcX2TY6ueK5Hi0Sw4o6N
WLJ5NQ7t2ov3X3kLqfEJbxJj8xt8y7atx5ZP7iw+hUD1YK7Nffvmh+/G4k2rEEvELR3n47/582U/
G7o2iGP7DuK9F1+zdGyyj/nd2RUR0XUIAaRT6fov9uH5bMWJn2nReAw//3/9tqfBZyDb0Rfuizwx
kn04XCLZgkf/1a/gyb/8R6VXlEgpcfPKdez5wYvY+qn7MGPhnLLBS0qJiZExXL94BacPHcPl0+fy
AXcgmwexZAJd03sxfcFszF+zFC3tbYgnE2XHSk1M4OT+D7DvmZcDH3wGgJHBIez+9nP57+OtLVh3
7zYkN7Xj4omzRb9r7WrHXZ9/BIm2Vrz34mu4fPoCAECP6pi3Zmk+AA1kJ1XtPZ0MQBMRERERked6
Z8/A7Y/dj65+a3s82ykaj2Hdfbdj/uqlePU7z+PK2QFvEmJTnGfZtvXY8ujOyr90IZZ068N3Y/kd
Gx07flt3B9bdtw1CAO++wCC0CnwTgJ69bCEWbliJ2UsX4OjeA9j3zMuBOl+ppVvXYvXdWy0f5+yR
49jz/RdsSFHWyh2bsfz2DY6ewwmF/WfZwnAh8Mjvf9GTPZ8rSXa259/ZLNx2o7OvBxvu34G3n9vl
XeJMkFJi6NoN7P/JHkybO7PoKcTSMDB45TqO7t2PD/a8WzFoLKXE+PAIBo6P4OKJMzi6dz/mLF+M
lTs2ob23eyoILYGRGzfx3ouvIj3h0TvQDsgGn2eXBZ+nyAr/Lv1v6etLH8tQ+rpKryEiIiIiInKP
Hoti/cfuwPI7Niq7pUJXfx8e+PLn8f7ut/DO87uQSftjq8xCNYPPANy4L1y0aZXj5wCARRtX4d0X
XnXlXFSbrmibBgB09HVj8abVmLtqCdp7u6d+IbIfC/D7+Wpp7+3OBiItiidbbHvzqqOvG2vu2Ypo
yccj7DyHG0o/tbLh/u1o7erwKjllYi3xfH2LJxNTvxDA6h234qO3DmLw0lVvEmdSorUFSzatKgs+
Xx+4greefRnnj50CUOOjPQXGhkbw0duHMHTtBrY8ei/ae7NbdEBkVwDPXrYIx/YdcOxa3JRb+bzl
kcrB5+yGSaLge1Hwm9LflfzVZF5ns64034tfQ0RERD7H95SJyGdiyQTu/PzD6F88z+uk1CWEwMrt
m9Azcxp+9s0f5j+57AfLtq3HrTWDz3X2gLaJ1W03zGrr7nDleqg+5VZA61EdCzeuwvw1SzF9/mzH
t0Rw+3xmJdqSXiehzOZHd5YFn/0qF4SOt7Zg5Y7NXienSHbfZA1SGmjv7Sr+pQAe/PIv4Yl//9fK
PjBOi0TQ1d+HuSuX5H8mDYkbl64WBZ8bYWQyuHjiLN586iVs+/TH82/OxFsSWLxpFU4d+MC7fbhs
Ui/4TAHl1VxIze6DiIjswD6eqHGMT1XnQp/SN3cmdnz+IaUWhpnRv3geHvrdX8JPv/oDXLtwyevk
1GUm+EzkFF2VFW/9S+Zj0foVmLVsIWItiZqvFTC3clKl89VV0qknWu0JQNfcQL4Bt2xZi5lL5jt6
DrcJATz8e19ULu0CAnokgoyUaO0sH4B1Xcfqu7bg4E/f8CB19SVbk1i141bosWj2BxIYHRrGoZff
xMCxU2j6LZ5MBtfODuD424ew8q4t2Sfdaho6+rqxYM0yHNu7365LcF0kqmP6wjm41UTwubC6Fj5C
VpT+ruTfue8L/116XMWaAtlK1PyWiIgCQoJ9fKDx3QVHse2Uc6FP6Zs7E/d+6bGp+0efae3qwP2/
/S/w4j98B5cLnm2kmqW3mQw+B/C+MGjX41e612PYmp23Yd6apeic3tvYHzaZbrfP16xEa0vR9yff
O4JzH5xo+Dgj1wctp6W1qx1r7ttm+TiqaevuREtbq9fJqGyyviW7KmzDIoA1927DoZ+9CWmoNQkV
QiDRliz62FQmk8aV0+dx4t33p16nadkJhpRIT6Qqruau9JrU2DhO7v8ACzesnFoFnWzB0q3rcPK9
w758EGEjwWeixtWYbanVfRAREVFduXGdg7gjmK3VOZQ3/Yvn4a4vftK3weccPRbFvb/2GF7++g9w
4Wjjn/h12tJGVj4H8dFAQbsen9K9fiNg2e0bqq5AloaBy6fPY9q82bYt3nL7fM2KJ4sD0FdOn8eJ
tw81dSyrad/44F11V2R7XY8aJoAHf/cL5hMusw/Hq7pa2sYMkJCQmQyEBPRo5YFY0zSsuec27Ffs
aa7RWLRsz66JkTEc3fMehMxmkhaJoGtmH/oXz0N6IoULx05h8GLxntaaHkHvnH5Mmz8L6YkUzh05
gaGr17Orqa8P4fjb72PV3VsAFAS9F87D2cMfuXOhNolEdUxfMAebH9lpOvicy0cgtzfX1Broot/J
qd8JOfU7IQUgyyts4WsoSFimREREVBljMgWYGZ5YdfcW3wefc/RYFKvu2oILR097nZQiS7eta3Db
jcJ7zKAI2vX4kwJbcJSff/DSVZw9/BE+2ncQNy9fw+f+7PfLHrzVfLrdPl9zYsniIPnIjSFPtoqY
v3YZ5q68Jf99amwchmGUBMj99/CyWEui6AF5pXIri4euXsfAR6dx8fgZ3Lx8DaM3h5FJZ9DS3oqW
jjb0zJ4BIPuwwP7F89DW1wVdj0KiRrC6jtxexu09XTWPseruLdj/4msObKhf73jVZ2fRRAzTF8wp
eunY8CgGjp3OX0tLeys2P3IPeufOzL7pc+o8fvIP34ORyeRP397bhe2/+DASrUmkJ1LomT0De777
IwBAenwCZw4exfLtGxHRs2UYiUXRM2cGzh053vRVuy238nnTI/eYDz4LUTRB06NRaJoGAUDTyn8n
hIAQ2b3uc7/TozoieqT4uJPH9ls7DgTHb3ZYpkRERDSlcOrBWUIBZoYndj/xLB74nc/nP93qZyM3
bmL3E88qdU+16p4tWPex2xv6G79usVpL0K7Hr5R5COHY0DDOHTmBE++8j4vHzwTufI1ItCXL3gUc
unrD9XTEkwmsu3970WD8wWvvYOHGla6nxW5bfu6+8k5IAoZh4MzBD/HeC69i+PpgfmuIZEc7lm/f
hAUbViAaiwJCQEBASolv/bv/VrQVRiKZxPI7N2HptvXQtEjDwejcE3QXbVoFoVX/OyE09M2dhSun
3d5nKvcIxwq/0bSiB2imUylcPXOh6DWRqJ4P3AtNQ7KzHcmudgxduQ4gu0K6raczv+pej0bzrwey
K9HHh0dw9cwApi2YnT1mJIK2bg+2r2hyHBOahs4ZvQ0FnwFAj8cwd/XUG0LReAxtvZ0QmkCyq6Po
d/FkArGWOCLRKKYvnotkd3Y/8UhEQ8+cGWXHDuQb3argihoiIm9xfCOiWjhX88z48Che/tqT+Phv
fa7mAjHVZVJpvPy1JzE+POp1UvLW3Hsb1tx7m9fJIMrzvIWfO/wRzh89idMHPoCRMQJ3vhwtopk+
X3tfd9H30jAweOmKE8mqaf0n7ix6J/La+YvY/+Jr/g9ACxRvEyGBkZtD2PuDF3H+gxP5oHMkqmPN
vduwZMtaRKJ65SBy4f5Ik/8dGx7BO8/uwjvP7ULv7H7c+nP3oXN6b81gcv5wUuLGQLasF9+6pu51
rP3Y7fjJP3y37nHNs3aHJiCgRadW12bSaVy/cLnoNUYmgxsDV9DW2wVpGBi5cRNjN4fzv5cZAyM3
hjB6cxjReAyZdAaDl4q36MikMrh+4XI+AA0B9ycsFrJKi2jomN7T8J7PLe2t2PbY/RV/N23+LEyb
P6vi79bs5MTDU9XfsyEiIqcx+ExE9XCu5qlr5y/htW8/j+2ff8jrpDTttW8/j2vnL3mdjDwGn0lF
uv0f329M7mP1ABraSqDZdNt+vjqH2Pjw3ViwbjkiUR3Xzl/C3h+8WBaQK9Xa1VH0/fjIGKTR/JYO
zZi5dAEWrF+e/97IZPDOs7sqpiH38X2/SHa0QY/FAGS32vjx3/4zrp2/mJ90CCFw96/8HKYtmA0t
EqlxJODwK/sAOVk/KmTB1bMDeP7/fRxtPZ34+Jc/j2g8VvN4QghcOHoS0VisbBuWSnrnzMgGtl2f
MFUubz2mo2tGX/ErS7Z2mBgZw4GX9mDGkrlIj6dw9vBHyKTSRa8ZvnoD+578SdFriutYdhX04KVr
BeeO+qYeisn/U4mKaQqUalnLGx4iImdxaKNAYsW2Hedknjp98CgO/WwvVt652eukNOzQz/bi9MGj
ytyLrrn3NqzeudXCEYK3NWPQrsc3SvpU3bdjl9vpbuKBw4s2rcItW9flv++d048ND95Vd8VqS0dr
0ffjwyPmT2qDSFTHhgfuhNC0/M+O7T2g3FYlzZq1fBGklDj57mHs+d6PpspUAMvv2IS1H7/DXAcl
gY/eOmjqnENXb+B7f/4VLNq0Gps/ubPq8bPpOoJbP3WvqTREYlEkkkmMuVxHrEhPpHD2/WM4+/6x
pl8zMTqOgz95Awd/8oZTySRyj1/HYSIirzFYRER24pzMU+/+eDfaejoxr2BbQdWdOvAh3v3xbmXq
zpqdVoPPCObWjEG7HtUVxNgK6dKPBSEAV9Nd63w10tEzt7/sZ1390+qmPdFWHIAeGx519XrXfnx7
0TYgQ1dv4N0XXq2aBul2eVg0e8ViPPPXX8PNyT2HIYBoIo6Hfv+LSCSTpjsnCYmRwaGGrv3YvgM4
uf8IPvXHvw69wmpoI2MgnUkX7eVbixACPfP6cfbwR+YT4aBKeSGr/Nw3qt3cWrgm6cWi9VoEgjnR
UIlSBU5EFBAct4iIgkMCr3/nebT3dqF75jSvU1PXtfOX8Pp3nldmnm9L8JnIDlXmZ7oqjaUhhfvu
mmF1ctro+SaN3Bgq+9nY0HCFVxYrfIhb4d/MvGUBZi1dgPa+bsSTCQihYWJ0DGNDI7h44gxOHzpq
edP7afNnY8nm1fnvpZR45/ldSI9PWDquSn769f9VVJ59c2fi3i991tQezYWkIZFJpSe/Mf936fEU
vvPnX8F9v/Hz6J3bX7TS+dyR41i7c1v20bNm0iAl+pfMw9n31QhAV80HN/oZJ25C/dg/knUsdyIi
IiIi12XSGfzs60/iE1/+POKtLV4np6rx4VH87OtPIpPOeJ0UAAw+kz/ovtwKRZiOz3l6vg9ffwez
ly1Ez+wZAIDU2DgO/mRP3ThZaUeb7GjHQ7/3xbKHExaat2Yp1t+/A8f27sfBn76B1Nh4w+nVIho2
PngXNH1q3+PTBz7E2feP1Uyz7xZOFgSXbtm6DhsfvLupCxi+MTj1Z038/Yv/41u4/XMP5lc7Synx
9tM/xSP/x5dM71EkhEDPrBnutocaStMhhEC8JY7WrvbKf2AjaRgYNfEGj/kDona5Wshz4XYfZoaK
afJCrXJnYJqIgsBvfb3Vvtdv10vkBs5pSGGjg0PY9fhT2Pmlx6BFtPp/4DIjY2DX409hdHBIiSFm
tc3BZ9/Fd0wI2vX4le7PonC7STR3vtTYBF78u29j+sK5iCXiuHz6PEZu3Kx7rERJAHragtmmzqfH
olh2+0b0L5mPV775NIauXm8ovavuvq3ooy5jQyN457ldddOb5b96dMvWddjwwJ1NJ338pvV9l3c/
8TR26I9i1rKFGB8exT2/9pmGN8hPuhDcbVY0HsPCTasxa9lCc38gBCCbmxEPX7+JV7/1TFN/W8ZM
EuoFqMklLhWCIzdqvPsjIqrJjm6S4zWFWMUmxOkH+cDlU+fx1tM/xeZHd3qdlDJvPf0yLp+6gMYG
F2cant3BZyIn6cKHM7JsONi9dFs5n8xIDBw9VXCs+seJtVj7qEnn9F7c/cufxIt/912M3TS3IrSr
fxqWbltf9LMDL76OsZsjFdJc/r3f6tH8dcuw8cG7LN2QpMYnLD9NVUDglW8+hUf+6Nfw0d4DWL1z
W8PHiMZjCj3VtTgdQtPQ2tXuygroaCJuXz10ODuFgm3G7X7VOofSWu2Bs44svuDj1onIZX7rcvw0
LBH5RbW5DpFijr1xAN0zp2Pxravrv9glx948gGNvHGjivsn+hrd651ascij47K/7wvqUuB4FkuA1
3esEULl4MlH2s9TYBM4dOY6rZwcwenMYAkCivRW9c/vRv2Q+Yi3xote3dndi0yN3Y/c3nzZ1zo0P
3Qk9Fs1/f+HoKXy076Cl61BVsqsdWz79MWsPkZMSRsae/Z4EBJ75q6/hM3/6vzWVJnWCz0QB4eoN
GYPQROQidjlEoVGzqUvGQsgf3nrqp+ic3ou++TO9TgounzyPt556WYm2s8rR4HPw+gfPr8dkAoI+
RWMAWjERPYIrpy+ga+a0fFD5wtFTePvpl3HzSvmWGh++/i6Sne3Y9Og9mHnL/KLfzV6+CLOXL8LZ
w7UfULfsjo3omz8r/31qbAJvP/MzG65GTQ/83hesr1wWApFotP4LTdD0CD79r3+r6TQZhmFLOmwh
Cx7M6DAtokFo6u0JRnbyYKpQ60GajiWn1oGDPg0hIiL/cHpc5phHRMWkYWD34z/Ezt/8LNr7ujxL
x83L17H78achLd97V+pHG+v7nAw+k0Pq3EsGc/Qrv2Ddl6snhYDQGki35dIUrq0yNTIGXv7q9wEA
/UvmobW7A8fePJBNRZU0jA4O4dV/ehrbf/ERzFg8t+h3i7eswbkjx6uer723Cyvu3Fz0s8Ov7MPQ
lesNXbMv6tFkPbDrQQYxG7Z80CIRPPxHv1r04MdGTYyOqfGREgDpiTTOHDrq+Hm0SARd/X1lD+ZU
JR/qUTGd6m0L4lFaVMoCAFyuSES2U66fI39wo+L4cMxTOLk1c1OwKyD/mBgdwyvfeAr3/fbnEI3H
XD9/anwCr3zjKUyMjjoU9zDf963auRUr79niQBoKuRf/covK1xPMR1VUviJd4XKoqaFkW71GkX02
mtsGjmX3jjZzbmkYeOuHP8G9v/m5ou04pi+YjVhLDKmxiYp/t/6BHUWvv3pmAEde2dfQ9QqTaVSG
TS28paPNUkemx6L4xO9/AfFWa3t+D18bVKZDHR8awZvfe8Heg1a4tHgygZV3by0PQCuSD/UIod6g
LoIy0VD4RrB5ASgXpzBriBoXyH6yOcwKFfmlY5+sPYonV/HkEZk2dPU6XnviWez4wqOu3rNIKfHa
E89i6OoNh4Me9Y+96p4tLgSfJwXhvrCQwtejbsrsx8+vB8jwtUGcOfhh0c80PYIZi+dVfP3CTavQ
X7BtRyadwTvP7XI0jZ4puMOYGB2z5ZCJ9mTTW0DEkgk89L//KhJtSUtpkFLiyqnzlo5BFBiMJBAR
EZErBL/4xS+XvwaOnsaBF16Hmw688DoGjp529ZyVuBp8JnIIA9ABc/b98v2eu2dOL/tZS0crVt1T
vG/QsTfew9UzFxxLmyckyoJS185dtO3wkUa3zhDArOUL8cgff8mWjw8JCFz48JTl4wSG9/Mi81+q
8To/zOaTrPFFRET1ed2v84tfQfkiItcd3rUPZw46v+UjAJw5eBSHd+1z5Vy1MPhMQaEL6b/RMzvm
u5dut89nxeUTZ5FJZ4oCo7GWRFn6192/o2j17c3L13DopT2mrrPSK5TKnzqBqFPvfYD+JfMtTxwF
BNp7u3D9/GWzf4CP/84vor23y7ZJq5QSNy9eVSb/haahpb01/72UEqnxcaTHU80ftEJ5Vuu3yqa/
UAAAIABJREFU/NKfCalKiU0RUiiYf2GPKqtWHkREFG5hH5eJSAVvfvfHaOvtQld/n2PnuH7hMt78
7o9dmI3XPsOqe7dixV2ba77GCerdF1oTtOvxh/I5gz8fQgi39yr1z96o0pBIj48jok8Fl6OJWFH6
56xagjmrlhT9XUTXcdevfdrUOWIlexb3zZ+Fnb/52aKfnX7vAxzd816jyS/XzDy3tKhKjnHp2BlI
SOtBWwGsuHsLXv+nZ2u+TItoWH7XZiy7c5Pt9Sg1No70REqZAHSyvRW3PvYxaJHsGyATY+M4se8Q
zh481twBq12WKHlgngSMdMY37TSbTpXSKrL/b0f+OX1vqlK2uSJ0F0xEROQPHKKJPGFkDLz6+NO4
59c/g5bONtuPP3pjCK8+/jSMjOHS/WXlc6x/cAcWb13jwvmLCSEgtGB1cEG7Hr/SOXAGUXGhSlkc
EVpy27qyv0h2tSPZ1d7U2eKtLWUP0rt80oZ9ie0KZJXU8fHRUaRGxxFLJiwfeubSBdmNbErSKiGR
aE1i9X3bMG/dMvuCeyUufHgy+w9V2rEmEG1JoGNa9uGAE6PjuHjstO3pE0JAK1jln0mncWPgir0n
oSpqNEwujHIAI/pERI3hYEREFHSjg0PY/c1sEDoS1W07biaVxu5vPo3RwSHbjllf+bi1/sE7PQk+
k5/4b75jX0sly1o62rLbM0wyDAOXT55r+Dh6PFr0fWpsvOh7LRLyrb8lcHr/B1i8da31Ywkglohj
YmwcQgjEW5OYv345lt6xIbvHs4OxHSkl9v/oVedO0AQpJVIFD3mMRHX0zJkBIUTZGyFW6LEoemZP
7W0upYSRMWw7PlXD4DMREREREXnvxoXLePN7L+C2z33CtmO++b0XcOOCyS02HcLgM9Xnz5tv3b+r
n9xOt/Pn6541vajzlFLimf/6VYwPj5o+Ru/cfkT04vcVxgZHUJj+1HiqLCjdCD1evKWHkckgk0oX
vSb7vfUtLgA03rZMnHb/j17Doi1rLK9KFkLg7t94DJoeQUtbMrs1hEvbQBgZA+MjY4Bb206UlkOF
0xppA4OXrqF33kwA2Yc0ds2chnhbEmNDI7YkQ2gakl3t6JjRO3XeTAaDl665lxdWCaFeWmulSaJ2
uyr8vd1joWLZ5FvVykXk/4eIiIKo3hhORGSVh7Gws4c+wpFX3say7RssH+vIK2/j7KGP4GWn6dW2
G+WCNnC4ez3ONgn/Duy6EC72FiYCWGZk4yTupdut8109c6HkvAKzli/AibcOmT5G/y3zyn52+dTZ
ovS/8rXvN59IAJ/4gy+ipWNqr6ULH5zAnm8/X/Y6y/G1XJIdaFvSyGB0cAjJzua2HSnU2t2BK6fO
I9lh//5Ttez+2pMQbo72Jsohk0rh2tkBLNi4Ih+I12NR9N8yDyffft+WZMTielk9z6TSuHbmgrv5
YYGAVC6tNdNUr+wLg89OjIX+HF/VUa9c3JwHEBGRewr7f46lROQkD6eTB194DV39vZixpDwWYtbA
0VM4+MJrnnaV65QJPrsbb3ND0K7Hr0K+F4NaxodHcPPStaKfzV19i+m/j+gRzFld/HDB8eERXDll
w37MbnOhf3jpK0/Ysi2EEAJjN4dhZDI2pMocI2OUvWGhAiOdxrWzFzF6Y2rPrFhLHPPXL4cei9b4
S3OEEGjt7szuqz1JSomxoREl8yNUnGyznC80j3lHRERAdjzgF7/4xS8nvrwmgT3feh5DV6439edD
V65jz7ee9/RaVAo+EzlF87Rjcvrv3E5njS9NaKZed/7I8aJT9y2YjfnrV5j621X3bkNrd2fR3589
eMydAcbOQcmljj81PoGrp+0JWs5etQTP/+XXXduHePc3nrJ1T2W7SCkxcn0QH776NqSRzQuhaWjr
7cKc1bdY2n9cCIFkdwcW37YO8dZk/uep0XGcPXjUctqpSc20cSvn4Vfj/bWo8+V1GvnFL37xS+Uv
IiKqTYG+Mj2ewquPP43U+ERDf5can8Crjz+N9HjKoZTVp2TwOWjjq9dzCX4BEtDd2q82z459QgVc
22fX6vnWPrADc9cuRUTXcePCJbzzw5dxY+BK1dcf33sQ8zeuQDzZkv/Zuge2I6JHcHzvwYp/o2ka
VuzcUvZQvfT4BI69sd+FvDKx77HZJEjYU0dM2v21J/HIv/lNW/aCvv0XH8ZP//t3cM9vfdbRPB++
NojLx8+62waAymVYoYwyE2kMfHgKQ7deR/u0HgBALJnALbevx8i1m7hy6lzDgXohBFo62rD41tWY
u2bqUwGGYWDw4hUcf/MQhI8+WyrykT81CGTzuGKVkoWvqvLH5G8CMNfhsrCJiHylsNt2+2afiMJD
kSni8NVBvPGtH2Hb5x80tfDJyBh441s/wvDVQffvrSete3AHFm1Z7cm5q8ndGwaJetfT7KCs2nU0
Rq//EpuFaPIzf8MKLLp1qjPpnj0Da+7fjle+9oOqfzM6OITDP92LdQ/uyP8sEo1i3YN3Yv6GFbh4
7DQGL15Famwc0UQcnf196F+6AO19XWXHOrJrH4av3rD3opqlaLkbGQN7/vlZ3PYLD1o+Vmd/H9r6
uvDS33wbO//lYxCa/TvcSCnx4t98CxAu7yBsMvicMz4yho/ePIg1998BLaJlt87o6cS6h3bg3Wd2
4drZi0hPpEyt4o7oESS7O7Bg4wosvm3d1OmlxNjgEE689T7SKe/esW6Gas2h6hvRqiWUiIiIiPI4
VSMqNnDsNN599hVsePjOuq9999lXMHDstAupqkzF4DPgzQJlp6l1PVZSU7hi03/cXwFtA2Fmxa0C
5+uZM6PsZ539vXWPdWLfQSTaWrDszs1FP++aOQ1dM6eZOvfp9z7A0dfedS2f/FiPcgY+PIWBo6cs
PbQgZ/Nn7sOz/+WreP6vHsf9f/BLtufLnieeg5FKO5/ftQ4v678mk0rjwgcnMGvFIvTM7UdEj+SD
0BsevRsn9h7ChaOnMDY4hEwqAyOTKQpGCyEQiUURjcfQPWc6lty2rqw9TYyM4dS7H+DMgaO+q3+q
pXdqNwZR/otC1cZKUeN35Ixmq1DVcrKzTqpVv4mCix0vUZj5OwxB5JwTew+iq78PCzevrPqa43sP
4cTeg561IVWDzwAc+Kyu9z1V45+WdnKO5X1+eMXcxsSef5Xyx/lGB4fKjjR2c8TU3x5++U2888Of
Ynx4tEJ6qjMyBj56Yz/e+sGLNly3x1xsl3v+6dmG87oSTdNw/x/8EsaHR/HU//13GB0ctiF1WR/t
PYgLH5y07XhV2ZTvYzdH8O7TP8PFo6eQnsiuUBZCINnZjhU7t2DbLzyIW+7YgP5l87Orx3u7kOxq
R3tfFzr7e7Fg4wqsuf8ObPrkzvLg8+g4zh8+jg9ffceexLpNAtJQp81JyOb3Lxcl/yV1uVblfDTO
EBER+RBHVKLa3n1mF66cqvy8pyunLuDdZ3a5nKIpKgefnaHCfYHPY2MBofszauD2/qnNne+jPfvR
v3RBftVyanwCR3btNX2sk28fxsCHp7Bo61rMXrkYya72qq9NjU/gyslzOLLrLVw/d7Gp9Ga5/Xfe
HLaUBPD8X3wdD/3JryEStbYzjR6L4hN/+EU891+/iuf/8utYsm0dVt67FZqFLTkunzyH/c++osbK
2QaSMHxtEO8+/TMsv/tWzFlzC/RYNHsIIdDS0Ypbbl+ff62RMTA6OITW7o6qx5NSYmJ4FOc/OIED
P34NRjqjRp40SEqJsZvDkFIqkf7MRBrDV29U3gO6UOlK59LXcyW02lypamZO4n2dJ/I/CfOdrpU2
x049MDhGB0au9RNRDdLAnieexT3/8rNo6WjL/3h0cAh7nngWkEb9ex8HrH3AB8FnARvzRo3eqrl7
bg6athKA+P6ffcX+XGU55Wmahr6FsxFNxHD1zABGb5Svijarc0YveufPQqItCT0WRTqVwsTIOIau
XMPFo6dhGE2uYKS8SFTHJ/7wl/OBUivGbg7jR3/1DUgpocei2PovHkDvvJkNd36XT57D7q89aTk9
XoonW7Dsrs2YuWwBYi0JaHqk4WMY6QxGrt/EyXfex/G9B5FJpR1IqXtauztwxxceRUtnW/0XO8jI
ZDDw4Sm88e3nPE0HNUjpcVaNiSZRODgdgDZ7DiJyA1sjUWM6Z/Tizi99GhFdRyadxs/+/nu4MXDF
k7SsfWBH0TPCVHVsz3vY//xuG49YeR7yqX/7Wzaeo7bv/4e/afAv2Ns6QXz/z/6GAWiiEvf9zi/U
XIlr1sToOH70V9/IB0s1PYJtv/AgeubOgBapH4Q9se8Q3n1mF/RYFEIIGIaBTCqNSFT3XQBW0yPo
mz8L8zcsR8+cGYgm4nVXm0spkZlIYWJsHNfPXcKJfYdw6fhZl1LshKnOMRqPYf7GFVi6fSOiibg3
qZESQ5ev4/2fvIHzR457kgZqEsfZBjAgHiys/EQUXuwBiRo3e+Vi3PrYx/Dmd36Ms4eOeZKGtQ9s
90XwGQCO7dlvcwC6su2//Cj65s9y/Dznj5zAnie42EoF4gd//rf2jmMcFSkAhBBY+8B2zN+4wvKx
Muk0Xv36D3Ht7MX8z7SIhlkrF2PJtnVon9ZdtipaSok3v/NjXDhyAgDQO38mpi+ei+5Z03Fi3yEs
v3szXvrKtyynLd9eRYWfOUTTI+idNxNzVi9B95zp0DQNIqJBi0Ty+SClhJHOYGJ0HJeOn8GlY2d8
HnguVBCETsSxaMtqzFu/DJquu7odhzQMjN4cxkd79uPM/g9dOy+Rexh4Di5ONokonNj7ETWne/YM
XDs74Mm52/q6MGfVEk/O3YyrZwZw8dhpx8/T2d+LO774KKLxmGPnSI1PYPfXnsSNC96seqdi4km7
A9BEAdIxoxc7fvXnoEWa378ZyAZUzx08hrd+8FLZ77RIBIn2JHrmZoOyya527PrH7yM1Op5/TTQR
x6yVizB98TzcuHAJ89Yvxwt//U1Laaq6l6+LPYLQNCTak2jpaENrTyf0mA4pJVKj47h5+TqGr97w
3UrvRmkRDe3TetAxoxd6zNr+42ZJKTE+PIarp87b8vBNskmltlcthsqRm4hUxvd/iBxRbfhXuslx
zkJEVSS72tE7f2bN5501a+T6TVw4cgKpsQnbj03NYQCaqA4hBFbs3IrFt621fCwjk8He7/4YAx+e
spwmKS023dI/58Np1FF6F8FyCb5aZcz6QER+Uy8axn6MqCmmm45KEWm2dyIiAgPQRKYJTcPaB7Zj
7rpllrdKSKdSeOOfn8OVU+dtSl0VbN1qqlV9WGbBwHIkIj+zMs1h/0fkGF83L18nnijAeG9KLon8
ws5H/l3Df8VKGD6VOqWw1QMpMfDBSXyw6y1cOXkeLV1tiLe2QGjCVEBaSplfuZwZT0GPx3D9/GV+
JIQoaMLWNxJRsLixcpL9JJGzVFoBDbDNE6lOtT6DAklvqqbxo/qKcaEwWN5Frpw8h9e+fg4AEGtL
omfODExfNAedM/vQ0tEGPR5FRNeRnkghNTaO4WuDuHb2IgY+PImbF68hNc6gM1FgcYwkorAy2/ex
nyQKD7Z1IrUx+GwauzNrmn/iFStpeLCV1TQ+NILzh4/j/OHjXieFiFTBMZKI/MqteR/7SSLn8P6N
iMzgWGxaU90q++IiumZxL1tSsU6pl6IgYwsi84Sl5smWTdQMtpxg4ahLRFQXu0oiaphEWefBvoRs
pLM+WZfLQ3VucW0uVVYSIiLyLYUHMXUmDs5ROPtDo9F6xjIj8r8wjC9EZE3ZeF9lAsD+pFJo3hzO
qYo0vwUHlSmsW2yjRGQ3bplJFBBhasi5a+UE3H1hqmdERETUuNL5WaW5A29CySY6d+Bwhruroh0u
RHY2TWPWURmLzVVYPwQReanpJRQBENbr9kKY61kVEuXzMmYRERGFkij5r5nXWw1u+Cw4kk+u4HzB
LlwB7TAzbyg5zmcNnYhqY1yBfMnMWGS2YgdhXAvCNZil3l5l4cE8pyByahLE9kJEVvntJq2Rfs9q
ENpHecPhwBnFAWjeIBC5p1YHzDboIGYukevMNjsz767Y0YTZDbiL+U1EdnLinXj2U0RklY8CrMUq
JbxKp8jtOMiC4gA0K1LwsEw9Zap/Zhm5zLczgyKsNuQbdlZWVnwiIgoJDnlEIed0JyBqnEAG456Z
1KKLaptAc8QLhkb39iHblQWhzWxAyPanFrYfNXDlq381srWGG2XENk0UeuwGqAgrBBGpxvF+qTBS
Icp/VQvvqagJetWaxUHYEVPZyhYbJqLqN6j+pFlShyLlwV6jikb3LiP3ufmAEyKiKjgEBIjdYwUr
BxFZ5cs5bJOdH/tMagIfQugJX/ZMZFHFODOrgvo4uKqNbShYWJ5ERGSGnW9Ycq5HRFZxDktUFwPQ
rmPPRJNYFdzDG4tgYdtRg2rbahARUbhwfkdEzeLclMh1Osdtt+Vy3EqPJzjh8iNZ8I/Jfwe7GBW5
OkWSQTZimfoLy4uIiIiIVCHh3PyUgW2iqrgC2o94M6+eRgYaPlHWPcxqb3ECRkREREREqnD6/oT3
n0RV6UIUtBA2FhdUecpoU1hgSmjkHdSC1woWHwWZkysLyH/4ZgQREREReY33J0Se4Qpo17HHC5QG
girhfeBgaC88vFjkVIj1gYiIiIiIKNT0ooAobxKJmtNM22F7q6z0PRrmk3/ZXXZ8/655bEdERNQM
jh9ERERkA83rBBD5XiMTcwEG0erhjU5Vvqo6TpQj60ZzmG9ERERERETkIZ0b0dbiwl07AwPhJBCi
smcfYyff5KZvEhoCLAsiIiKiYAjNPSQRBQ33gCayqtngDoNCROQWO25W2GcREYUP+34ic9wKDLNN
EpFPcQsOIiKiILPrhogrboiIiIiIiKgJusZ30NxVegNvMv9530+hJMF3+YnMqjZQsA0REREROYvz
LSKimrgFR1UOhHwZRVZf6cSBZeYN5rvzzNZ1loV/1Lrx4RYcRERTOLaRD4TqkTFERBR4DEAXcXCI
5+yBiFTBQGL4sMyJKIQ4/SYiIiJSgy54VzrJ4c/6M5v9ieVmL7N3gsz3umy/qa6W51x+4z9sP0RE
AKp0h2am/Bz3iJxl51yF7ZWILGI34g5dBOpGtdLFOBzx4seag4O9jrOazV+2D/s1WhYsAyIiCorc
mFZrLOS4FwxmyjqsVKjjdpWLKuWsQp4SUcOUfOyU1/2ZQ/SAXtckh68u2JkXfIErP4UvSOGk+VXh
INlQ9rIsiIgo7DgWUth5HXGxuw2yTRNRE5TsOpRMlD30IF+cb7AM1OHbsvBtwusL8KURETVMtT5R
uSUjZDvV6hyRWay7tQUlf1S5jlw6OC4SUbNU6c8cootg7cFRgpuXUhXVqoVvm4NvE05WsYvzjh3N
juVHjWJ3T27zWZ1jt0pkUlAai8/6KCJSh3Ldh3IJspce8OsLlKDMETzny4xkS6UKfFmXA6TRj6+y
vIiIHMflJ0QmsJEQEZHLdK8TEAguxQab3vM1rEozybeZFqDgc4AuxRO+rcMBxjIhIlIOg9BERETk
SwGOmQRoC47A7alQEyfWJgSz6P2L5WFdlYbPrPWBcA1R5BRVB37W4+Byqs45WGe4DSvlhbkyqDpe
EBEphF2luzSvE2CPcFabMM6liEItnF1dsLFMqREc+MltTtQ51mNyUxjrm5m5RRjzhYhIdQHvm3X4
fgV06Sac4Xqrmyuh6+CqQ/KbRho067FaapUdy8qfVCw3FdNEwcY6R34V9rpbb14S9vwhIiJX+XQP
6GqjaThDsbm5QzivnogAtv/qwp4zvLskIgr7SEBERETkNR8GoB1cYsbZabDlloszHmMPthdzKtU3
m/OORVGNyznDj6RYo0LfzPIjChw2awotFcZVIiKiSbr341Kj0RmHUszZaTh4X+H9p9ION2wv5lXb
JYgcJgE5mfGNtvtmtkFRvlx90PkV5qHbya1WfoarqSAiC7jrGjnGTCVSfh5AROSwWn2l4n2k4skL
DF29jPYgReplgiml7ZuL7+zmZTSEAiUXhPZ9A/XpBTTyyQefXmJ9Kl5YlUJhd0tERCrhJyiJiALN
3Vt1Fe/L3KEL5UZTD9KjWhZYEKBLMc+R9ltpphmy3K10uSHLAtv5ZrVsJT64+7Ijec0eQ/GsUZci
GVetbSqSPCIiqsDNPrre3I3jBRFRdT5YjOVOEn1wT+0gRfeA5ofoqFlOdhmK95h2q9Y3hiwbampm
Va0D+cd3bCfl6yzHinKqlZuFd2OauRR+fJqIKFhUG+o5hhBRmKnWJysvnIOGLoQbF27XZjA2pjWc
5e1P1apPiMvQtUvn/sXWubSiUt0x38OUqZspHnA6M1zqHKwsGqg3FWF9ISLyF7f6bTNjhA9W9xER
OYpzaarDhRXQHo7WnAQEAz/yZj+P3vcJHMXyxvl7H8UumPxJ5v7H5c6b1Zco0Bj/CyHVCpz3JETh
o1o/5KUA5IV723CEkyJbcHDKSOQqNrnAqn3v43ahq3AnFvaK7lYZmOxUZNVvmjgfUVCFvd9qXC7H
2DMAzIVgYq9ApCjeVyusuYLhKOocXQg3b04r4ZSRamFvXgnHOaqkfi8a8H62YqMI+DUrhXlNZA+2
JSIiIt/gsK0oFoxqXFwBzXAZNUqy2tRQMQjNPtZdrJ/WldbZSnnKfciJiIiIiIiIfCu4AWgGKfyP
ZVhXWRBaAq59qCHsFK2fLj3z0D6FWwHXy1NF85yIiIjISZXmc5wWERGRn+jCcnii3t97tMWG8lEX
b7g/UWnyjB48n8qvms4m5q81iu6D4utiNfPMWvIv9utE5BB2LRQm3MCSSCEK3g8SqcqFFdCKRmlC
yhelUZhAzqwao3zhKqpWPauVp6yfzde5attqcImPf7BciIjUp+pchWNIU5htZBorCxEpxmIAWtUZ
DamjwToi620ASzX54h0GBdVcmckMrclqnWP2+hPLjYgUxe7JB1hItmA2Uk28LyQixeiioQ1jq722
Xs9mYwCRnWiwVH2K3mREkOVdzExT4mSjOVXzjBlal5Uu3mydJvvYUZ1ZJkSkIKV3+nE7YSpPXZQt
JP9Quq6TOlhJiEghDayAbjb4rPLsJ3waLw2Lo1bpn8sq/7b7vGHH7DPPVKMoDUKzX8sSRf/Js5w9
zF/HMGuJKKCU7t68mJflpi5KZww1g0XqIt5TERHZRpe29aocCoOJ768rhcVhL9Pdlouf8gi0ahs/
13od2YbDNBGRN7yYv7HPDyx+Ns9Fvrn3Yo1Qjy8qDpGrdOvtwuWGxXbsgSYyvdoYyPJzHKcfDSjc
8aWq0pln6fchr9SVLl9U+nnBD2Tue1me96Xfhzx7Xcf8JiKyR73xzS3s1wPJ7Fv6ROQFdrxElVh8
CGEOh71ga6J8+da8ZzjcNci2VdDeUz+Fkwr7h3p9hW9WnhARERG5j9Mk4s03EfmBLhoasrisNfhs
HLhYLShQWKGrqrTauWp2CUDKxrOT2e8O5jMRUbAwJkUUEpzEEZHabFoBTcHh0LunfO+ieap8hDPI
WA+bV+kBR9W237BSd1nv3cF8JqIgaHRcd6Pv86J/rbglFlHINdoWOTciIrJFEwFobtBJRER15LfO
KP+cjeTHBImIyEmNbN8U1OAzERERkUJqbMFRaaZU7WlTFnFSFjxmy5RlT66oU9Fq/to/b7IpE9aV
5Q9pzP+kKIEVngKpzEUQEZGvqTSW+GcqQT6iUhUPNLZfIiJb6I0NXZVea8MToir9OUdUf2pkqw2W
cXM4CZpiqg5ZrWh8Cl5dZUHjyTyrlHXly6HLD8DsNo/9KBFRZSr1j16OayrlA9lKmffsK87tbDoW
EREFhl69k7camHb+T6lRHNHJr7zuKLw+v3kV1hQ7dIZCss7v6xyuLLH+yW8iIiIirzg/72sQ130Q
EVEVNbbgcEnhqFn6qW1lRtKgMFPWFkf9SrOgaodTbsZEvlOt/6D6Gml3ouo3xT+WBd+Iwv9W+qvC
nxSsmA475gERkT04L8hiPpCb/FDf/JBGIlIab9maM/kQQo+zTxb8t3zrULKNjeVc71CNlF3Yy5m9
lzXV+o+Qq/sentk3gCzlqZwsl+KDCEhW+0qYKURERNQErushInJP6VIq1/m0s9eViNcokQjVKL5p
MsuMXGWiwrFOlql7M2ImaG8qX0XNbys9gbDoR2XnCGFh8g0UIiJLmt7NiX0vBYjn1Vmh21UiokDy
cT/b4EMIyR219qxgeQUGi9Iens+0fcTpOle3LAr6sNK0hKE9hOEaiYhUwfkBkTWctxARWce+NE/3
OgFkBWuyb/mi6HjnFigq1zmV02aXMFwjERERBQPnLUREptTcu4B9aRFdCAaZ/MXD8mLjCRn2DYFh
pe1a3RqC22tkhfSyiYiIiIiIiJxdAe35ztxB5lCGspzILewfnGN3fjYVhJaTf8PIKxEREZFjOI8m
IiIfcO8hhNy+2EbeZ6T3KSDnOVjKlR5Sx0qltkaD0BUePEhERERENuI0i4iIfMLdLTi4EK4OPq47
sEqLVpkiVGjWqkye+FiuOJ3KS9PHLX1hhXoWpvJWqJmRCXbWTZa92sLUD5UKYN3ke9kUOqzwRERq
C/NcswL7t+Dg7M8C/2Sef1KqAKUzyuWSZMWxl2/yMsAFH9DLCqRGJoAs13BgOQdOgEcbomKs6ERE
5DP2B6A5GPoXy44okJR+49XP/Y6f007VsVyJfKew2So95hHZweI4xWGOiMh9nJ8AunQqGziyNaGp
J32R6pQuUg/qXO507COsU7ZuVdqCo0piVb0GM/VT1bSTNSxXIiJSFW8XiSiIGBsIBd3WkmalQeUZ
ATOGnOKjuuWjpJJVPi9snyefqmC5EhERcS0IUZiwoZNCdL6FSuRnzrRffpSViIiIiCi4Cuf4ssq/
a/0NERFRI3QhbBxGSp/8wREKynxOiu98kUmlNbbp2luvzinQLJTDdqoG1s1wYXkTEVHClFB1AAAg
AElEQVQzAjhvM3PnymGTyEfYYD3B0Ghlum05UToAhz6HFZuR8LHgHmg0wwPWaGrVuYBdqm3YTonc
xb6IiIiaxXkbERFVwduMcrptmVJ6oNDndvgygPOvUv6sA7alutJSakU+EEBEAVXvc8NcikAUSNzT
lsgaDolEROQ03fYjcvSiIOOdTfU2biZv2D+QV9h21WCmD3CyrNgHEQUWu3kiIiIidemcrNkt3Dka
6BUopi/KaoRD8dyrtIpZ8SRTyLF+qqPepyBYVkRE5BcBHLO4qwgRETlFF1ZGmMB8lNXM3XCl11TK
PI8yQoGZQqXdFqgZ6jSmqmXIwjWPeeUt5r96WCZE5AB1Zk9kK44ZruN9HFEdbCBETWl+C47SRhf4
vV1LL1ChXkehpBTi5MX/qpah2YINdJ9QRbW8YWOwrtH6xDxXF7fZICKiHDNjAsd0V/E+jkI1n2Jl
J3KFrgkbexbfdlLNJFyRi60W+FekE/Xd5KXmYnhfXYltysownNlgnSJdRqgwz9Xk9BvWLHciomAJ
/EInNZnNct4aNEf5HcnC0ubYvxC5pvkV0HyavJqUGK2K+SoIXTOhvroSW5m+cvYDRGQV+xEiIsoJ
59SbAq7eVEeJu84wBGY9z2SicGk+AA0Ev0PyG4U7UCUGUbKkbhmyPyAiIiIiu/DmIVD8cKtgR5Wz
6zrNHKeR9DaVLrZBIrKRtQB0YCi+j4VZjPIqxA9TrMYF86ps5Jv213hCzf+FbzKBbGeih7C1erBH
okaxf1JLs+XBtu8MBR+kzqL2BTO3oH4pSiu3015cY+6c9XaK9Ev+E1F9fp7N1g9A+/nqGhKQC+Xo
0hwGReqrl0cBaULh0Nj0mkVLDbFaYVjhyDF8p56osoDOXck1QapBfrwWOx/rlcfhkkg5fm+Wui97
WFv5vQgVJyr+Ux254uc9aW1h2APMCYHMMwcbiplDs50qTFYon0A2AiKPhb0j9PP1s080jVkVCGyt
LqmR0U2XAe+PiZTjq36pggBuwVFYJOwxvaVK86hSD0p/zEG2OuYN5XncrlkX1cbyIXKBKvMrIgdx
8UMgcFrgAiczmAVIRDbSRaBG9tJrYY/pncmy8Fv229YcgtSuJgXwkhrmt/pcVWN3da71pGaTxLro
rkYL37XyYUWgRjGiRSFgabkjEQE+aw1OJ9ZXmUEUbH4PRxSvgM7vYu9+QrzDIDU5gXWKgiWUwwMp
jrWRiKhM07c27FPJGfXil27WvDDGUjmHJyJV1N+Cw9X4bK0hQZp4jRPnJX/jUEs2YVWiMGK9JyLy
F/bbRBXxjp+I/M7vy2d1oZnoipXorZtNhBKJt87Ptcwz/KhtU1jXyjFP8vw+6FGD2IUSEamt0jNN
iHzErbll2JsG5/BEweDntpxdAe3X1FMIVKqc1aYP1SoyK7hpzKpytuaJlamvOoXDj/IREREpIHQD
sVshxNBlrOfCHhx2C+fwRCppvucr/Uu/tGmdMTufCVW5sHJ6hlnsEGYsecuuGzzWZCIKhWqdndXO
lJ1ok5hxREQUBPa+7dboEs2m2HCw6ntA821I95kp0NCUi51NJTSZZg7rmXm8z6nJzx//CZt8k7ap
wLiChohCpfRRNHZ1fuxEiRrDd9JtwXkcUTjUbetm+lQbOwqdcSZFWCxUNQePwlSJkp+z5pHi1GxU
yvHrx3+CoOFe1IHCUenJ9kRERBRwdtxGcnKS58qqSSJSl8uhOV2tQGCtri7Aa+0CellTZVZax6r9
nBwV4CZkC+aNLVjNmmB3V1ipABrZTp8ojNhxhU+lPrBePWA9IfIe26HjOJ8nCpaabdrFxl59Cw5P
VFogLur83kcqJd+nl2KPUF+8uxhoKlfYHlkVbeXzntpdoua3zR+z3jjjUp/g8qe6iJrHu+1w4byI
iKgmzueJgkWFNq0LJWdgKqbJBqFdgRaKi/QHAd5kl2KekNdExX82r/QDJqX1m10yUWUcC0JDAo31
hawbRBRCnDISUV6j86AKHYiuXq9SLy7vo9mfj5LqLmaM55Rr9y6oV+3CmCeNYLN1jtUHg/LBokT2
YVvxn2bHJxtupIjIBM4hfY3vvxGZ5JOG4lqbrnASXa08qrVkS62UmsLeelIjG+pxdk8OYXu0pon8
4wPqshxZ1Vz4c59T4eNgRERE5BDOwX0rN/3kXI2oDp81Dq/atC6EygG/wtFK5XRSZc08aLDB1/us
oZOHWFfII7aNXqzDRETleItApDY+ez4wWIxEZIViDyEsxDttfzNbfixn24U5S6vNikKcJ7Lk4tXc
95+IC6SIiIh8iwM4EZHvuH3/pau7ALpwUXhhIn00utn0bq+UKlxz8YVMrZyvlrZq5Vf6N8pWQEL1
uufsJycq1ReTmzlU26IgJNWscnnJku9kxSC02p+G8R9bc1OFIcAlAd1lRE1mKqkTmW93V8MK4g47
y41lRhQsbNNkepBgZQmXZiYPPq0jPl5J42bSdbUzqVLkyMcl24RcQKkwsFS6otF5xeEqIcRkemST
QSsbyjA8VaBxFm8Si+qaKM9oAVFUB50PXJoMPkvUrhcBrjP5fqLgImU+WyqV4eR/Re57kT9GUXlW
6n5tFK7e3KRKGcL3BoiqY/vwF3b6RMHCNk0AQrXihxrQaL3weYfCJlCXoltw+Lzi2UhKmQ8glS5u
dGNltBBa9lzIBaey5xWYCkRXD0A6lD4uoC5mYzYXBjILq1dhcFJClgUunQ9Cm3gCW61oZkC7lErl
NdVflL95lSOEmGy/k99jKhidX0wuBOeSTbKUZYzKl2GWEPlQI8+f9gD7FfK1RicarOzkino3DqyI
4WT2hlIW/cdzvAd2hK5OvqpS09RSGETKBpnKA03NMRc0FjCy/50MWEGKbKCqZOZeOQBZq3Y1V/PK
YmlhDJA5FdeX2czMBTMr1bPsmw/ZwGWuHkx9b0dBhHQJc4NKA8+FQWcpJYzJ/6Lg5zlisuCybTpb
fkII5P4PYmrwd2NbjrA137pYzSvi7YwHnMrYMI7bYWOm7igQAfbqCfBERMHlRo/KSYS93Cgzk+dQ
aUDmfNURiq6ALhTuks8Fng1DwpBGPsAEmAtAV14lnc1PMyuXs5tvTAadIaBpApoQiGgRSEhok8dw
ZRWsrHK/olJH5VOFdcowsv82pFEQyARyUWchsnVAg4ZcoSj/YDvFk9cIKbN5Xhh8zpZbrryMyTcQ
ZL4M83+HqXavTa5wjmgRaJqGiKaVB6InY9jcH5ooAFQaK71MS1i6M5XKuxpFykKBWDgREZFHFBkF
FUhCmRCFIt2qBR4FoBu9NBVrI1xJlpTZgGA6k4YhDaQzGWQMA1Ia+d83ztyeuvmgkxDQhAZtMvio
RzRENB16JAIIDRFNTH1c3wUh6QMqq5bHljOlYA9gAJnJYGYmk87+15iqb5HJYKWmRfL/ztUV63HK
agcIdannTa1AL/gkxGT5SMOAhMz3EYac7DcMI/t7FCxrF2Ky7CLQRQS6rk99H4kUBZxzbZtBaBuY
7SOZ1Q1hdpmg6DTKE2G4mWB5m5bLqqBXCSIip3DICQKXRkE/VhY/prlJbjwM3uYAdGGSQ1BSLrxN
YBgS7QtmoLW/FxOZFNLpNKSRW+1omDpGpRh15WBSlb1iC1ZMCyFw5fgZDA1cRyIaQzwagxBAREQa
uSxqVrU6Z+GGunCrjdz2DRnDQOvMHnQumIm0kUYqlYZhTP4+ncbp1w8gHo0hEYsBehQiMlVP7FR9
/X74FG7Hk1uZbkgj/4ZUxjCQyqSRyWTQt3wBZqxahJaeDkQTMUQmg8pG2kAqncLo0AiuXbiI028f
xuUT59ESjSOmRxGLRpGIZl+va3p+FTSDzy4LQ4CMrAvBNMsxzDsiChNFFjgSUcjx/ib0dPviCqUH
CslI53AjMpDBzA1L0TF7urMnasB+LYOzR0+gq7UtuyWHJhCZfFihbYEqWfJfoCivA1mz6kVbHXqg
j5jcykFMbtsgDQMwDPQsmYOZ65eWvX58bBz7nnsZbS2t6G5tz27HIgREJLtHuDWle5A3KMCDWu4B
oHJyX3ZDZpCRBiQMpDIZpDNpLP7YVsxYsRCxeLzyQWJAHAm0dbRj2qwZuGXDalweuIj3X9mHM/sO
oS3egnSiBS3xBKQuEdMn36PM7ftO5vc2rfRa5iHZifWJqrF7khTguhbgS6MwaGROwspOgcHKbBuZ
/x8Tr7OIxUbwxR7Q4SYn931WybUbN3Dx2mUIgfyqSdv3gK7z/oUbHw9wXek1O95Jy6J/SxjFq2qr
5Ggmk8H5KxfR096JWCSCeDQGXdMqHJPsVLj/e66MDMPARDqFtjnTseqROxFPtjR0TCEEpvXPQN9n
HsDRZQvwyjeexGhqHF1GO5LxFggAekSHVvD60GvkvdWQvA9LHuGWLtawbZrHT2UQqYd9GIUWK7+r
mN1kI92bGaWPZrFeNzgpYHidhhLDoyO4OTyMjpY2pJNpGBmJfITKSXXyIVCxHleaSPkyTQlkt3iZ
DHBWks6kceXmDUT1KLpSE8jIzOSWEHbsAW1RgG+SCx9Imtt2I5VJo2/5Aiz/xO3QIs1vgyOEwC1r
VqL1dzvx1F/9T6TSGfS0GxBCIAEgquvqP2hSRYHpkEhJbJLWMP+oBm4BRkprZH4R4LkxqY0fBFSc
mX7EznsZ9kUEx1ZAB+SuOyCXYbdsACyTXyGb2zuYqyNtUC0LHV4ZLaUExGRZConq65+zrx1NjWMi
PYF0JpUNVOe2aLA7bc20wQC229zqZymzK9ANI4N0JoPWWX2Wg8+FZs2ZjYd+95fxz3/215CGAQEB
0QIICEQjAhBcBQ3A7HNciYiIKOj8MOb7IY3kW2YXgTH+qCg3+wf2Rb5j9yJPBwLQrFV2EkJDemwc
qYkJZDIZpFIpGIYBaRg1AoRT/25ta0W8wn6ww8PDGB0ZzQeTNM3ccCAAZMbGkYhlH1qmaRFoQkDT
HFgC7XhVqnYCD4fGSiOzK00qe9LCB93V2vrFMLKrngEUhKodmFYEall783JlkTEyMIzJBw6m09j8
8J1Vg88TExP48PAR7N/7Nq6cuYAbF6+gf/4cLFmzAis3rkPf9GkV/27OvLm490uP4aW//87kwwgj
0CMRaJqGCDQGoImIKJQYPCEiqqza40+IyP/sDE/p9gQTXN24NlT0SATHnnkNw2MjuHzzBq4NXsfw
2ChS6VQ+AAigeG/YyeBhJpPGb/z5n2D+ooVlx31t12584y++grZEEu0tScSjceiRSHYRa0GdyP1b
CAFNaIhoGmLRGPo6u9GWbEVU1xHRIkWvLf3bmirU3lqBz3rHrBWvNL+XdvkthqdBN4dH9MnFz9lV
7BAQUph74KGUgCxc/Jz9u3p5VbEcGsleE3XA1Dlt5FT9kEVtfGobjoxh4JYHbke8LVnx786cPo1v
/PX/wLkPjqOjpRVtiSRa4wmMnriIAycu4u3vv4TbP/cg1m/fimg0Wvb367ZsxvtvvIOrh08hHo0h
qkeze0FHyvsGqoBZQ2bwLo3IcwouRSAi8q16fSf7VsVwLkou01nr1BbRNOiRCBKxOHrbO5GMxTEy
MV6wCnpqxSqA7IPJpAHDyGAinUGypXKAKjJ5zO7WdvR2dKM9mURUj0ITGoRAfr9XIURRoCkS0bPp
icbQmmhBTJ8KXhUGy4QQ+e+rBqpKql5RsK1CvRQwcUwUB6GLA4+5vKr0u4K/F9kjFJ4i91JXg24e
Nc3qm29YOGaFvC5cbQ2g4oxEiApB7anCaOq8jfxNpb8vfFOm9HVO1I/CN5cMmd0DWovqmLlyccXX
nzl9Gv/5j/4tImmJ6Z096GnvREdrOxLRGKKR7Ide0pk0jjz3GkavDOL2T30cul78YRhN03D3px/C
3/2f/w9aYnG0xOKIR6P5N5uoDg6rxDssIiIiIn/g3J3IFTY9hJAt1ilCiOwDwDQNuh5FIhZHu5GB
lLJoBXQ2KJddGZnOZCY/oj+BeCxW+bgA4noUyZYkujs60NPehUQsVraVhsBUAFqbDEZHNA2a0PKr
nzVNwJBGQfBNTO4JPRmIhqz8ADORS3rxVg75qyq8vvxxyvOn2vXl0mCUBDpLz1f2tzKXsMIAfPFr
HQ9E2/o5TzMHkoAUU0Hdun+Szb2ifcAxuQ94Uax4Krhclv8VyqH0QYbCqFQWU0mUKC8LWXjeknIz
E5Cu+0ZIxfoxVddz/7Yqt9o5l3fZvdYNpGUGi++9DVqkfNubkZER/H//4T8jkpbo6+xGf3cvetq7
0JZIZvuRyfSm02mMp1O4/N5RvNfZjo0f21F2rFlzZmPhljUYeO8o2pKtaIknEItG89tw5MubiMqZ
2SeczYdIabVmDGy+BIB9OVEJMx+iJaLwcughhD6kaG+YCxjpyAZ+Y3oUhjSKXiOlASknV0gaBjJG
BqlMBuOpSNX9YTVNy66CjsbQ1pJEa6IFyXgCES2SDxwXpQOiKBiXC0xrIhdsFjAMoyRYWxhJROUg
9OTvsgE2AJBlK1Czq2ALV73mVihXPl7xwxFz/82tIs09zE0W/TyflFwwMXd92X9lywFTQbeqQXU7
eFYXpa0nrxRwLisHTD1crzQ7829nTG7/IiAhpMi3iVzdKH0AZr5MK5y33uruwm0uptJdkKZcfL5C
mqZeU54mK3LpMYxs6jNGBtOWzKv42p8+/wIGBy5jWmcvpnV2o6+zG52t7UjE4ohMvrkkJZDRdeiZ
7KcZTu9+D/PXLkfvjPI9obfcuwOPv/4Obo4Oo6O1DclMHJGIhoiIlL3ZEDicQZMVrB9Evsc9Takm
VgwiqiTI90dEFnELDsVVfkhgLqicC5JFAGRXRGeMDNIZgWzMNlozCKYJbfIhYzri0ShiehR6pPJ+
zjmlQcXc6mLDyOR/ngvO5R5OmDtWpaBtUQBy8t+54GQu0F7pmFJOBrpLAtuFW5Jkg4nZhzVmty4w
8tsYYPI8/z977xltyXXd+f3PORVverFzALobORMEA5hAipQoSgwjjSiZGlojW7alJXktf/B4OXyx
paXlNVqy5PGMZI40pEckRVEUJZIiKVLMBEgABEAQGWjkRACNDuju1y/cUHWOP5yqunXvrZtT1a39
w7q47/WrcMLep079a9c+UsmO9Anh8fS5BATXua9DETqKduglqo/KzNyxMzXJRI/eJv62iqj6WyoJ
BA8epJSIL6vZjKVvCs486AfBeYfo2xEJHT7QUJ02FT6UQMs5YqlZoKJFPmWQ5iYemd2rTNo2k4Xx
cdqy2W4SpT1rMO3ONxt2dnbw9c/8A4pOAculMlYry6gUSyg6bpDfXZdFhm8nAGCWfpjy0Fe+j1t+
61c6ynvxsaPwBbBZ3cZOrYq6W4ApTSQEXy8ePRPKz7IgBEEQxLTodZWOh1PQsJ8DqJMJYmziY2ou
XYrEZ4LoSY8UHDkaMlJR1S6pJBgPvvXvSRG7Kggf5VBBFgUFxni0b9czxkQ0xnj0Hf4tTlNMi0eu
Ikr5oZSCF6QGYYzB4CIQtwMBVwQRkx1icTO+RB8vFNH1sXzpR92jhT4BUxjRMZtL4MUinmPipxbl
dWoSpbQAHaYoCc8TRo7H2zzMvW0E5zINU38LAwoKOvYVkxWhU2GHg8Ji362fQN8HgOhnqRD0hc5d
LgN78aUPP+gPqSR8KVui3cOFL3V/GK19IgwopXTaGBVvvsAeVNOmZHguKaOHESFhShl9SgZf+rqs
vt7HC/YLK9RuH6YwYBi6TEYsZY32zUmk49C2pqS2533XX5641eOPPgZZa6C4onM+l5wCXMuF4EZr
7mYpwUSzv3zDws7Jc9g6fwGl5UrLMW3bxnXveDOe/OFPsFWtYtnzIK3YE5hFnmVlyh+JaUPmQBBE
yAJf+fILDfIEkV/I/wliZhjkcOmmQ9zsslBbKKiFCwjGFxHseuwwohc6lUY8srMfWtjzsf8t18Kq
FLSo6/tRRPRL9x3HhZdPo2A5sE0LDEwLxm2PRSMxOxCJfelj942XobRvDQ3Pg+d50THPPP1TnHn0
WTiWDceywaDF83guaRUokUo1jxeKm57vo+F5OHTztdh12WE45SJMywILosullPAaDVS3dnD21VN4
5u6HcOrZl+EG57MME9KyYXABcA7OEaWOGFtk7OaHs7zLadeSh9k2+ESRxbG8xb7S/aDTw8ggP3kD
F739Biwf3IPCSgWGZYJxHkUQS1/C9zxcOLeBc6+ewtO334+Nk+dgmSYc04JlWpCm0hH7CoEIHc/d
rAXb8Nx7Xn85SntW4fk+PN+LBOWHvnIrUPdgmZbuVwBLF+/DwTdcidL6CizXjtLYSKnLtLO5jdde
OYmn7rgf5186pe3RtOBaDpShy8QZH98uVPOjpK6b70uU960lbv7sE0/BMi0UbAdlpwDH1LZqcBHl
q1ZKgTMOKaX+ZgqmMOBxA6eeeRGlG6/uOO4l11yBh757J2r1GuqNBnxfQnIZ+d5C5IFur0KvFwQW
XHcnJkS73dBciyAIYnAGvc7S2EoQ+SArvp6VchLEnDC6awd0h51GWgXpZqQn54GoBA7OJZhkGEQX
ii8cGIrP8YUHQ8JF5uLRxZ7vY9cVF8N07Y7jvvzcCzj92Fmslpf0woVWMxo7qkNbVLcK0oisX3kx
CiuV9kNip1bFY3fei5VSJYqK5WhGrsbLForPYVoSHwqX/sJbsH7sIAzTTGwLzjkMw4DjulheX8XF
V12G106fwYPfuQOvPvQUym4RBd9HwXYAwwRjrfmyh46E7vdO56xckDUj3JlWFAeqi94+/iCjdz80
fA/mUhGXvfsNWDmwB8LonoJeCAHTMuEUXOzavwfHrr8Kp0+8ioe+cyfOPPY8im4BBctBwQn6oi03
dIgKop13dbGpe75xKzbPnEPRKeDwtZfh6ve+FYVKKVFUDe3Ddhwsr6/ioqsuxSsv/BR3/f03sH3+
PIpuA0WnANeyYQjAYCL2+u7wndmyKCdjkR5tuU7i9k89dByWYcK1HdiWrRcM5EL3J2vtH8Y5uAQY
k0E+eAMnHnkGRxIE6D3796Far2OnUUfd0+K9hALXxo+FuFa0vozR+u+9tiVyw9hdTjZDEJmGXDil
UMcQRGppn1onxXQMBM29CSITDPL8hRYhJDqE6n75n2WQyiK+uFs7Z86dxalzr8HgAo5pwzasZurq
9mMGOXmllJBBpGwS5zc3cOrcWQCAbdqwTKsl3257JHUYabt21RFc8jNvgGklC8/dYIxhbdc63vlr
H8DxKx7GDz/5JayUl+DLMoqOC8CGaYjRc/12uxrH/z7xi+10H8t2pj/R/Vn3PBx409W46E3X9BSe
u8E5x+79+/DOX/8QnnjwUfzob/4JFacAX/ooOgUwy4YhRGvuaaggvYqKoujbOd/YxsnXTuGDv/1R
XHHT9Tqqd0CEEDh45CKs/u5Hces/fA2nHnoaXlnnQi/YTpSzfBRaxGfEU+8oCDO5/U7+9GVYhgHb
tGAaBoQQLfWJL6KJMK96+OCKc2y8eBK+7wepbZqsrq/B8z1U6zXUvYZOi7OIT/cpYpUYF7IZgsgF
5OoEQRDjM9BYSgMuQSwURu6eJtEgNjYqyufrtyzmFufC9hY2tjZRKZTQ8LxIsO4lboeLBXZje3sH
57Y2UHILaHgNeL4Pg4uW1BtStYrPR97zBuy/9tKx0gQwxnDlDdfCLjj42r//lF6YLowYZhYM0Yzo
HirSdRBbnNWVWbV9Bt0++Dl8kAC0RT5Lhbrn4coP3YL1YwfHLqYQAle+7loUl8r48p98Ap70IKHA
OAAWF6GDhQcB+Mrverw6fPz8b38EV73xdSOXqVAs4Gd+7QP4/ImP4+SJMwCCVDi2C4tPIFd4PL0J
Q6JILqXE+dOvYc/KOgwhIJjOa90RoR6I0M1D63/njEFwDt/zOgRo13VRWC6j4Xk6BUcPv888g1Zr
QatP9CH3K+sQBEGkDBqLCWI05qABDbSgK/k0QSw0xkLk78wcvUbWUcJeWZTjVf/GWkSn7nvF0m60
pN9oK9EIF4JGox6Llowt8BccX6nm+aNozyBdQpjvth3P99DwGmh4DUjVGSWtI7O18Oj5Hi75+Zux
96qjPcsppUStVgOgF1zrFQF79LJLcfOvvx+3//VXAMaCxfB0vl8hRGLbTYcJX5lVa4oGINA8e9RF
/01F24XLQIblCxd89H0PV37wHX3F53q9ju2tbTQaddi2A7fgwuySKgUADh+9GO/+nf8C3/rYZ8AA
mEIEfdEUaDkDoGTwcCK5zW55/3tx5dVXdT3PoNHttm3jvf/6w/jE//ZHMASHaQhYpglD6YUz+7Vn
54kRzNIUwkwXURt3yQNvWmaQy10vrBhmx+g4t4JerBTQC5ZyBh6k7FF+p18xxrDv6GGcffKngT9r
gZ8lHTvL0Ot9RD/62QfdNBEEsYiMe22ksZEg0sec5r09RWgaKwhioUhyaUrBMRcGev6XWpo5m9E1
BUe42JyU3dN0xKMoBxG5pdQLCerUH625o6EAKVW0GOLe11+BPVce6XqsJ44/jh//4E488L07AV/C
FAKmZeHqt9yEq958Iy676goYCakibnjTTXjo9ntw6oVTMIUBQwi96JziUEwFYm7/ugAY0QzSbTdh
WhadDkVi7+svx/olhxK3lVLi4QcexI++cxuevOcBcDDYhgUhBCzHxpU334gb3/kWHD5yceL+V1xz
Fe676ihOHX8epmHCMAxwzmAgWJgzfEjRw7jaxWfP8/Dk8cfx8D334ZmHj+PMiydQWV3GocuO4rIb
rsGVr7sWyysricfatWc3Ln3bjXjhrod0LmjbgSkMcM5HT9HSHpUe2Hl7NhvGGNb37wU2qsFmgd8p
FdjlYIsF+l5ytHihXMRp6Qf5vHW7jpx6Jq0sUFWIMemXFindwzBBEMRkGUeomuZ4SWMxQYxHmkRo
8meCWAjiud+TllhafAE6LQu9JZ44qWATKBCLffptl7TPAPuFixIOQpiCoOP4KiXQeSgAACAASURB
VCZCh2kGep2fNb/1Mmj6PwYGX/nwlRbHzOUijrz1hkRxbHt7G3/7nz6J+79/B8puESuFEoqOC8e0
IYTA+eMv4LZHnsGTVx3De/7VL6FYKrXsL4TAz3z4A/jk//GnKDgOXFsv9sbDBRGTyj8x+5vBlXlQ
G4htqxCInME+Yb/4SuKim69P3PXChQv41J/9JR6/635UCkWsl5ZRcgtwLBuCCygonHnoGfzTfY/j
dR94F9747nd0RKczxvC2D/wsPnnPn6BgOyjYDixhgBkMnLcuhjgIP33hRfztx/4/vPzkcyjaLkpu
AYd27YUpDOw8fwr3Pftt3PX5f8b7fvejuPza5Kjp1739zXjou3eiXLgQqw8HE2xgERgqIVVG9EYD
g/Q8ICGf+dGrr8CTt/8EnvTh+X5HOpuWBzbRvzXzZTOwrm3luG5zQc8gBU3wGgNBLB695g39cvcT
BEEsIuOOeTRmEkQ6mZNv0i0EQSw28dupuL8vvgCd2glPags2MP2FveHr2GthQ31E1fG7lM2F5jzf
wzUfeDu46Eylsb29jf/wB3+EV554FuuVFaxVlrFcLKPkFmCZFjhjkEqh4TVQ++lr+NEXv4l3/vqH
OnLiHr74Ilz21hvx8k+Oo+TqSFfLNGMi3qhpCbJkE+1PFJqqtVK6DS5+502JC+bVajX8+R/+MV5+
/FmsVZaxXlnGcqmCsluEaZgQnEMpBU/6qDcaeOa7P8b6nt245LpO0ffAwYOQtoELO9vYqlZRcAoQ
wtAPA4LUNINMcY4/+hj+8vf/GCYE9iytYrlUwVKxDDdY3BCMwfd91L0G7vr0V7D8P6xgz4F9HcfZ
d2A/tqo72K7uoFavQ/oSMIJ0M0NmgebgkAzgUGCQABgEF6hvV2EX3I7tL7r0KB677R40PE8L0L4P
KRRElIqDRW8LdOTw7pL2JipLmFu7Zd/h60QQmWCQoZiNlp6KIIjsM0ycAUEQBEEQRB5JiukxciEf
9Eu5nHl0gHsYwcgGlbui4ONg2zAvs0qaWo9w/CBJLGPxfNPBwmes9ZjNXVjPKNFI4G07dyhELx87
gNLacsd+Ukp87hOfwkuPP4NdS6vYs7yG9aUVLBVLsE1Li4xBWTzpo1avYfu5k3j56edw6LJjHce7
4a1vxPEf/BgbBb3QYsF2YHABCN6sY7PQAzDPBLTN6Fedb5j17Qcg7MdWW2CMgQf7rR49kLjfj35w
O156/Bmsl1ewZ3kNu5fXUCkU4Vg2TGEEJdLpVBqeB8ey8dCXb8Xhyy+BZVstxxJC4Np3vBGPf/du
VOu1KEVLWBYMUI8nn3gCf/pv/neslJewa2kFu5ZWsVZeRtFxYRo6z7dSClJJNDwPrl3F49+9G7s/
+sGOY7uui4uuuQxbL5zETr2Khu9FDybCtu1KxyPCZr9wpqO6GYDNU2dRXu9MA3L5NVfiK14D1Xod
tUY9ioLmSrUdVyOVhJQS4WMdKSWMhMhqIEi3ERYvli+8b52GYkqD8UKM8aOSg+v7NBgmjRJBEMSi
MM3rJY2XBDFfcj0fJggiLfDORKML9AlfE593ORI/xDiooB2Vgl54UOr0AEfe9rrE7Y8/+hju+ub3
sVQo6ajbpRWslJdQcotwbQe2acM2LZiGAdu04NoOCraN41+/A77fmRf3yCXHwIs2tqo72KlVgwUX
OxdwG6Qmi2YPoXhtOFbi3x+/90EsF8tRPyyXyii7WoC2TCuIghYwDROWacKxbNgQ2Dx7LvF463t3
o9aoo1qvod6oQwY5wgdhZ2cHf/3v/xIlt4C18hJ2L69hz8oaVstLqBRLQYS7HdiIBceyUXRcXHj+
BGrVWuIxD152FNVGHbVGA57v6TzoI/ZxJOwH/3HO8cpDTyVuu3ffPhy57gpsVbd1BHajDk960VsF
+k0BnT4jTKURfjzfx0VvvR626yQe22s0WsuVldzPi+VaRMoYJmMRQRBE6qHBjCAIgiCIURhQBl38
FBzEQhPmr5VKgpkGCiuVxG2++jd/j4LloFwoYblYRqVQhGvpyGcR5BbWqTP0e9WccRjCwM52FRde
O4flXWstx7QsC9fd8mY88s07sFXdwZLXQMF2Fm9htgGJ11lHQXM8f8cDqCsfG5ubOL+5gWqtBl/6
2HzxJHYvBSJvoRTl3w4jjVtyH0NHVJuGgerGFrC389yFYhG1Rh01rwFP+lBKDpz3+YffuxWnnn8J
u5d1edYqy1gqlOGEqTcCtIgroACYyoBtmKhv78BJEGzdYgGe76ERPJSQYXkGiX5OgDEtPHPFITjH
+WdfQb1W74gGZ4zh537tX+CTv/9/48LONpZqVVim3iaMLNd10dHPnu9DSh3VbVYKOPqW5HzdALCz
tR2dI3/WTRAEQRAEQRAEQRBEB0MEfRl5FMsWDgWAKTDVTHMB9I9SbEmNEU+R0b7fiMcPt4le2Ufz
PF2POUB1O4oXRHgefNM1iWU6dfIknn7gUawvraDsFlEuFHXOZy6ilB7x44RwzmEKA2eefalDgAaA
/Rcdwk+CyNuG5+nF2aDAwJt1zAJhRhSEfdSZ4iRxn8B+ONf9x4PczUopcM7w2sPPYqu6gwvbW9jc
2UatUYdSCmtuBQXHRdkt6NQlhgHGGKTSEeRahAYQE6MZgMZOcsSxUwgWyPN9KKmj4RlrpnbpZafV
7R3Ypo2SW8BSkIfatW0YwgBnwYMJ6OhhwTkUFBQXMAwDfr2ReEzHdaOc5L5sTQkStWs8IVI3O2H6
jxwcvvKDNBwclmni3EuvYvfRQx27XHr5Zbj2Z27G8z96EGc3Xb1AJtM2HqZG0fVRUErqFCEmxxt+
4xchjO7PI6vbOxBcgDGuxXDGm6laSJJOMdQ3BEEQBEEQU2Ua061J30fSlJAgiGmgMNT4QhHQRGYJ
IznD7+WLOheFA4DHH3kMQgjYpgXbsgIhjenoz5jgHAqFUjXTEkil8Nw9D+PYG6/rOO6efXtRrddQ
bdSjaFclJRTXmW26C3NZUaaHJxR7BRdQAnAtB5xxuJYdRCdrIdQQAoYI8itLCS9IXyJjfRAKuL7v
o+H7UF1SnOgF8mSwj4z2H7S8piHgWjYc04JlaOFZC6zBRsFDEs45mJRAEOEtvc7ULABgOXZkP+G6
fa0nHahoQY5tRFH1nHEILsCZj6e/fQ/W/5sD4Lx1sU3GGD700V/FX588g9dePA3bNKGU0ulNjGZ+
Z516w0fpwDqu++V3w3LsnmXZ2dQR0JwxsECYH094XlwfSBc9n24QEyTeomTdBJEvyP8JIsdMa0qV
tHoXQRDELJnCGLRYAjQN0rNh0FTW3bZrj/wcNEV2FKkMKKmCaFst0ElfwikVEnd74elnwRnTqTYU
4HkeqrUaPOG3RFOHx1KBAB2mKai9ugnP82C0RYiurq/pv9fraHheUyAd8inQohCP7lVKQTAdQc4Z
g2UYWqAPopvD5vGlj7rUYjMCwVkGC/6Feb21mOuh3kiOOAbifTfcIMAY06IuF9F355sA8UUamwvw
9TqmgooWLmyWUY0UGR9/U4EzBiEEahd2cOrZn2LPscMd27uui9/4N7+HO799Kx786q1o+D7KbgGW
YQULGTKYJRdXvu8W7D52qEPETuLC2XOwuY5+ZmH0exZsnCbvBEEQBDEYdL0kiGTmMeclfyQIYt5M
YOxrvx03Mi+UDfQae05gse9B6826fOKoLj+nCAXAsMzEv63v3Y1f+I1fRaVURqVUgmM7gdiY3EhR
So5ARAxTO7Rj2zY83wvy/QaLzaW0fWaOCnMXMyhwSKUgOCIRuuH7WLp4L9YvOYTirhXYJRfcMMA4
hxDJgijrIZRKJUc2zVDY1eLsYNsPhi5RJIyHvtVe0H7ZThgDkwDjDBwchhDwpcCjX/o+ln73w3Bc
t2Mf27bxzl/8ObzxXW/D6RMn4e3UoDwfTrGAytoyikuVROG5Xq/DslpzS1erVZw7eRp7V3ZBRCI0
S+fqa/HrQXw8JIgk+s0fCIIgJs2krkk0bhHEbBjEZ8kfCYJIC5MYjyZ8/xyXQIyFThIwcsMNJzAR
8yEU9pTSOXq7CZTv/cAvTuX8hmEE6Rb0Ym6AAlTwnVMUVCTWS6mjmKWUgFLwfB+Fvas4/JbrUNm3
DsvunfZh6HMrNZnxNpbbuJmDOox8HrQsYTR8W4mGjX4OyhCPghacQwgBUwo8+MXv4XW/8rMwuzx8
KRQKOHz04oHOdfcdP8K+A/tx6KLWqOrNC5vgjMM0DC1ATyT0mVRhYnGh1/EJgiAIIifQhZ4gCKIv
oQhtMJUsBGTuzeX2Ak9dfE4ZUYAl0wv7qf7RnAw6HQBr3zdpz3CbcMFCsGjhul7H11pVrEyKtaQh
YCq2OCF6pycI92vfJxShZ72gJmMMq3t3QZ3dBqCgpIy1DZt6eQZNN9G3HApgQZqJQfsiTJXCGMAk
A5MMkK1/Cx8M+L4PXrBx1ftuwcrBPVNpl9BuI9sIx7U+qWLCbTnjzWPE+y/aV8V8C+BhG/UoDxRr
5gJXaLWJYQbX6BgSgH7IYnEDiivs/PQM7v/K93D9+98Jy7Z6H6cLUkrccesP8Kk//nP8209/rOPv
GxvnIZjQHy4gIMDBW/05baSwSESKmaK9kBhNEPliJj5PgwlBzI55+duQb0wSBLHgzHIsmuK5FisH
9MwH5szJ9P0ZJn/xOGk+up1rkNf6g21U8B8YUNi1PGBhJovtOqidr85UhIsLz2GEbrsYHeUqBpuu
OK9iZUBrRHqYu3nt6iM4+q7XQxiLNdwMzYhDBWPNPuQAVJC32gqac/OpE/jRZ76Kaz94C1bW14Y6
9mtnXsOXPvW3uP/7d2KlWEG5UunY5vxr52AIAVMYsITZkromleIzQcRJ0SU6fukjCGLx6erzNAgQ
RLZIg8+moQwEQRBjwAAY9DiNiMjw4nlCiLmc1zJMqGChPc44wHpHxo5LKDQ3xV5Ev8dhQXRy+91P
P8EwOv6Qyazj4rNSSovPnhafj737DT0XutvZ2cHpU6dx7vQZbG5cQL1aQ6NWj8oaFmX3oX247sYb
hipXahhz0hhFYzOAMw4JCSNm89unNvGD//A5HLrlehy65jKs7Vrv2dfnzp7D/Xf/GN/46y9A1RpY
r6zgstddDdPsTOVx8pUTEJzDFAKGYYAxHr0JQeSdXoadAvtI6c3aCKngCYLIGO0vZZLPE0RGSelc
YhGgpiWI/JG9kMS5jVRJ+T1SMmyqHp9B9gNat23fL77NKAsSJpWp1zEHLHeUJkIBXrWeuGm9Xsc9
d94FQwhwISCEGCuHbVzU44xDNBTKhSJcy4EQornu2RQjQ+PiswxyDSdGQCtdxlCInrhg2J7eOCiD
LyV86UMUHRz7mZu6is/PPP00fviN7+LhW++GyQRc24FtmjANEyIQORUUpJKQSuGN/+JnJ1v+WTCI
PQ8BAwPnAGSrCB3mhj5x+6N44lt3gVVc7LvmGCq712DYJhjnaNTrOHvqDJ55+DievvdhWIaJJdOB
W1qGa9m48ZabE8/59CPHYRkmLMuEwQVEuAjhPEnJ0JtvBhmoSWLpxgK+P0UQRA8inyfHJ4jsQP5K
EAQxUQxGI+sAdFNkUwILv1QU+crYYEouYyrI7RzPkNG2XzBrjraNtul9/GjhNAT7snAxNdX1mP10
Lf335j48SD1cPb+ZuD3nHP/xD/4YZbeIlVIFpUIBjmlBcA5g+Py1OvJTf5vCQNG2UVlZQ8lxYQWL
tEV1nDAq+r/+aCFa6sX+lBZqo1QNTC8WpziH4KKlXdtrHC1yx2Lty5pnTCK0mfAILDySCsvk44r3
vwU8ITK9Xq/jS3/zd/jBF76OpWIZu8rLKBeKKDoFLUALI+gfLWp70ofv+1hZWurZOixW7rBsg/VF
82lI5AeRDyHS0eJt1NdqwvZjiNl97JgjwJiOBmdgYFznlFaKgXMGEXwsQ8CxLOzUqzh512N4rl5D
vVFH3fMgpQ8oBc45Du/eD9MQWlg2TBhCYO+Rwx3nrFarOH7PA1gvLsGxbFimgME5BGetbTRLSNfM
ECm4VqagCN0gMyaIxSUpFzRr/wNBEOmg21yB/JUgFocU3xPkiexFQM+c9vBcuhKFDJzOoc3be/n+
sKkf4mVJynVsGAYOHbsYtTMXsFyqYG1pGRW3qCOiWX8BOl4eFstpoUU/AYML2JaFgu3oY/LW4yUd
fdyxTymlBecg0tjzfXi+h7rnwZc6IpoHArlpGFpgNAwYXETnb4/hb0+9IZUEWHLkclI7h32so5Ul
IDgqe9YT9//y5/4Bt/3D17BWWcaupVWsVpaxVCzBtWwYollOqXQeaSkl6l4Dru2M0lwLRSRCMwYO
DsWCNCxCgHMOgwtYpgXXstBwC/A8D3W/Ac/3o/QogI6M55yDc/2IiFsmyiudAv/zzz4HoQDXsmCb
FizDDPYBaDwkiOlA82OCyAfk6wSRAsgR5w51AUHkh64CNA0EQG5aYYw0Af3SOsj4gnmqi3ipouUE
hzs3a0Ykc8bgNzwYVmcO2xtufgPu/fqtcB0Hy8USlgol2KYdRdl2E6ETxfBA/AtTHnDBITiHEUTt
xqW5bowj2+moZ0Ri4v63Xov1q45q4Vc203HUqzV89999GgXbRblQgAsHMACDiyC1RUIkdNgPwbFN
10osg+/5ANoXOgyPoft8z+svB+OdtTz56qv4xt98AWvlZaxVlrF7ZQ1r5SUUHVen3gjaUEEFqTx0
LmnOOUyjs29TyxSHjrgIHeWFho4BZwaDAcAUBnzpQQb5uKX0o5QtzYcNTZH/il94W6IfPHrv/bAM
E67toGDZEFxEKVXmnoaDINrJySWbIIgZMulxhS6dRJ6h6zQRQKZAEPnEUEOKCPkZLJIkunTOGpVS
UEy/ji8R/Bx8eu4X204iSGKQsF90fDDI4GdwrvcLRM92LNvWurbSwrKvABWky4hH3/pK/1v801u8
DcrHmY7QZVynAWActe2dRAH6kquvxI+/fqvOicwFTNOG4zhaQGbJ+Wzj0aKRNB58sSB1B2MMPMiH
yxjAuGiNl1eqxWLi51EJ/9aLsB0RiLMKgbgvBLghwNGa6oILgRdPv4rV8hLAACEMcNEsX5iLMPxI
Ffs5+N0sJEcc12pVMMbBuYAI68zix1IoH9yVuO/TTzwF27RQKhSwVKpguVRBqVCCY1o6IpfxSARn
TALwIYUCpN+7gRhrqU9bw/fdl0U5RWK5aMD0ao5B5VR4rGaukq6EfRWWq7nPZMYQrT2raDHA6KFE
0HY8EIrjDxSklC3CvlISng/4SmLXpRd1nGN7exu3ffmbWLJdFN0iXNuBaZh6EcIei0oSxGD0ej8k
nddagiByxjRueujlISKv5EdEIHpAZkDMDbr2pgJj7qPAoIYws3LOu0HSR5TeIuisKL8udNRxEm6x
AF/6kErq1/8D4YuJUMxTMcFMQkoVE1n75ZZmsZ8BKC0gnn/lNIrLlY7tr7jmKhiuzotb97xIUG6J
5owZYlSKmAgd/h7fTgumQUoOxqP6tG4fK3fwn0IzcntUVBDZunX2fOLfDcNA1VQ4de412KalxcNY
lHYzUrvZDzISJnU+6UJCWwLAxvkNCM6jD+csqr8um4RVcJP3PXsOhjDgWDYKtqPzChtGsIBjcmQ8
2vqB0ISR4hoV+QJYM8IZaPoL5xxSyujhiZR6wcjrfu3nEh/cPHDvfWCeRLFSQMkpwDatKHXNXAmf
nhAZp/1x2BShCSdBEN2g6wlBTB/yM4IgCAIAb42DnMNHjbANm+YHi/UZhYTjRMGhYdoFphdC871k
AXptzy6dPkH6+uN7UMHr/r4KF81TUQoAX/mQyoev/MTUDS1lC84flodzBi4EXr73sUShslAo4J2/
8n7s1GvYru+g2qjptARKNgW8tjaLJwXRZdS5lhueh4bn6bzLwbdS0NGlSkFJBekr+L4W1X1fdvwc
bhdGrQ7kKuj8NwaG1555ObmZGMMlN12Hje0tbO5so1qrBWX2IX0tNkspg58VZFA235eQvoSwLdil
QuKxX3nxJQguYAoThjC0cByUJypblz60XQecMQgmYHADPIwuls1IXSWDdpTNdpRSwS4nlydqm4Q2
avlbL3q0c8fxUkNrgbRgL1uioYGmbcrA98KUHA3fw8G3XIvVw/s6jlyr1fCNz34BBdtBpVBEyS3A
Mq2WhzYzoVv7z3tcpc8EP2Ncdwdh0O0Igsgn8TFiVtf8Od960Yc+M/8QBEEQBEZYhLB9npZ9utWi
311rmmqvYt/DXPETtmfd9olvAwT6L+qb28DutY6tD1x0CJ7voVqvoe7V0fAb8KQJgwE6ZYACFLSw
K33IQOAt7l1FaXV5sDIzvRigUgqCM+ycOoudC5soVMode739Pe/Cwz+8B+cvXIiiOTlvptJoiYAO
yiaVr1OOKC2EHnrHDSgf2IX7/vpr8BoN2IYFyzSDhdk4mArSY4T7SF9HdkNHToeRwkzqBQwF52BB
yonBNJLO/qqePgff8yCMTle+9o034s5//CYubG9iu1SGY1n6PEYzD3ezrEGkuvRR9+q46gPv6io0
Hv/Jg7AMA45lwRRhPXT5WGA/fr2RuO/Biw9HbeP5Hjzfgy/9lgUho/JIH0rp8qxesh9rF+3v0zbt
bdT+t0H37XXMWc6me58jKp2KR7G35vGO0m/EHvZIKdHwPRy4+Rocufn6xDQwP/rB7dg4cQZ7V9ex
XCzraPXAZ4AZaXpJ1VezOjmROXq6S5qu1wRBpBIaJgiCIAiCIKZKOhJ5DvvUdN5PcbP06Uf7Nn2O
pwPPWPR9+qkXEw97+KKLsPvig9iu7mC7uoNqrYZ6vY5Gw9ORw14zmtj3JeoNDz4Ubvjl9/TOixzT
BMOIW854EFEr8OKPH03czXVd/PLv/Aa2vBrObW5gY3MTO9Ua6o0GPM+H77d+Gn4Q6ez5qNXr2HPT
5dh73aUora/gxt/6EOoFA6c3zuLCzhZ26jW9n/SjyOK610Ct0cB2rYoLO1s4v72J81ubOhq5Xofn
e5G4PQgMSGwXzjm2zm4k7nP0kmO44T1v0+cPzl1r1FFr1CPx1wvr6nuQ0kfNa2D1kkNYP3ow8Zhn
XzuLR+78MRzbhmNbME0DpmHoiOcgKpExYGdjM3H/I0eP4vDVl6LaqGGnUUXNq6Phe6j7DXhBVG5D
6o+UPuq+h/Lh3bjmg+/sKojrRRVVrKHQGiE5iGDZvv04EZczoF18jhYbDBajDO3RC9qw7ul+rzca
qEkPV//qu3H0LTcktumrJ07gS3/xaVQKRawUK6gUy3BtJ8rRPdMKDvs3Ij8MagdkLwRB9CIcI+b+
Ngh96JOBD0EQBEGMgYFe6Q76MLHrUGpvELvVMIVheEq1RPMysL5iUbiYHoDmQnrBz0nw4P+K6fzJ
QgiceugZXPGzN3fsYxgGPvw7v4m/+oM/xfmtTRRsF5xxOJaE4Bx6FbXmgmii7OANH/l52F1yB0dl
DuvHWBQ1yzmHAcCXBk7c9wT2v+4KlFeWOva9+MgRfOR//j188U8/DmPzPDhn8KQP17LAuYhyW0ul
AKkjRqWSOPbem7H3yqNRHYvlEt7xX/1L3PGP38DZ4y8AAITgMIUBxhg838dN//2HO85fq1bx9X/7
cZRcFyUUwTgD52ZL9G9PlNL7MAbFOAQUmM/w0k8eQ+W9b01sq1/+1x/BF3wfJx98KhKKdd5lEwxN
1/OlD19KLF9yEFf94tu7ir13/eB2FGwXJUfnBXZNG5xzCC4glV6QknOBEz95HHsvP9KxvxACH/m9
38Infv9PsLG1CdfSi0Hapg1DiKCauu0bvocDb7gax952I4QhOo4VYgTR39EyjbGIds5Zi50nEflN
9In5gVIIDSPKgY7WiPlex+Qxf9TrEE5o3IjypaMl4lkGkeN+TISWSsHzfQjHxLH3vgl7L7sYhtmZ
8xkAqtUqPvcXfwWHm1gtL2GtsoyyW4BjWjC4GNxWh65P2+8pG16JWTOAAYSbqLbfF4D42EwQuWcc
3x7EkeY4dpCvE5mDjJYg0gf5JJEhjFHmXfmx8ezWdFiRqJ9I13ps/S24gCEELpw+i8qu1Y7tjl5y
DL/9f/6v+M5nv4TTL70GX/ooOgVYhs4brKDALROXvvfN2H/FkcQ0Esnnb5aTh4vqMQZTGLANE49+
5Ta8/tffFwmTcY4cO4r/+g//J9z5te/g5XuPY6lUR8F2YIdpNDjTOYgBLB3eg8t/7i0oJYjZbsEF
K1g4e+E8HMuGY9k6vQZDkDpCdbRno9HAi6dewfrSCjjjsAydQ7m7tJpQ9/h/jMEQAqcefgaH3nQt
SgmLBtq2jV/9734Tjz3wMB781g9x6uxZlJwCHCvI58sYpFLgtomrPvgO7Dl2uKv4fOb0GXzrs19E
xS1gqVRGwXZhhu3GAKZ0fQ0hsPnKaVS3tuEUO/M27923D7/zh/8LfvjVb+HlnxyHDOzCEDq/sFIK
+667FBe/+XqU15b72qXjOLGIYERR5fGHK4O2bc+/twnRwzC8ZjvY2KOFZy1Ch5H7tUYdxlIRpX17
Ud63BnelgtLaMtxSsWf+5kajgc987BP46cNPYtfSKnYtrWKlXEHBdmEIY7a5n4mck2T/C6QwD0BS
bbM7IyGIOZARh2l/lkYQBEEQBLGoDJ0DGqCHn6knmM3qSNBumzT/Ehfouol1TfFN78s5h1AKnHM8
/6OHcO0Hbknc78DBg/jo//i7OPXqSWycfg3wJCzbhlMsoLhcRqFcGlrYYgyB2Muav4NDcQXDMLB9
6jyeuO3HuOKdb0w89vLKCt73r34FG+8/j5M/fQU75zbQ2KwCUqJQKaO8axXLe9dRKJe6tsfdP7wT
t/39P2Hf6q7mAoSBGCilTNzH83ycPn8WggtUCiUUfQ+2suJBtgPWPxb5zQUs08RjX/sBXver700U
3YUQuObG63Hl9dfg3Nmz2Dq7Aa9WB1OAU3RRXK6guFSBEN2l8Eajgc9/ju9ZQwAAIABJREFU4lMw
FcdysRTlBTYNAwbX+3EOKHBwKWEIA8/efn9idDwArK2v40O/+RFs/stNbG1cgPQ8GIYBy7Hhloqw
bHvg9iiWSlHe6CgaGGqgSOWQXlvFx7tw8Uuw7n0Wt0swROlJon3HHD2V0rlwlFJQTEUR44d+9ias
XnpopAjlra0t/M3HPoEn734A60sr2Lu6jrWlZf3AyDIhBJ9sBHdLhSZ/SCLjJCoybYbS027yJVYT
RCaZpptm8LpC91ZEJiAjJYj0QdNeIkMYoxrsxCZKU7+Q5edKyRgD481o5n5d27743kDnQCwKN4jA
Pffkizj94itYP7QvcR/OOfbs24s9+/YOdI5arQa7iwAZL3M81YhiCgo6qlhaEid/8gS4Y+GyNyfn
uQWAytISKkud0c39+PGP7sbn/5//hLXKMtxAhOWcR+JnNwFaKYXtWhV1rwHP9yKhdFC0+KcAFaTh
UFqENoWB7RNn8fj378YV73pTVyFZCIG19XWsra8PVV/f9/HFz3wOz/z4YawvrWDX0iqWgrzAYWRs
uHBj+HDCEAKnHnoaq5cewp4jh7oeu1QuoVQuDVSOV0+cwJ69nTZUrpRhWCZkkHqiJRVHn5QRWhNu
CsaD6KuDCLG8a2qjyYxHquVnFYnSowjEzz/3PD73Zx/H+ZdOYvfyGvaurGPX0goqhRIcq5l6gyBm
Amv7OZb3f3BSmCZrAlBUNLEwDOueOTH09mbJSbWJaUEGRBAEQaQMI3xtfhQmJkLTY/+xYIxpAVZK
KDAAHIpzeLx3cgfOGARnEME3j4TrbqGdsXUoONdbGQCUwoOf/Qbe8N/+UmLu5WF47tlncfzBR/Dz
H3p/Yj15kKOXc0CEH8a03MAZJDgcU+c3fvmHD6C2tY0rb3kjLMsaq1yAFmK//8/fwj//1d9hpVzB
rqUVrJQqKDkurCD/s698dDNmKSW8YJHDcEFHDgYeE0H7wgAGBQauHzYEwqCjLJx54Gncv1PFVe9+
M9xCZ+qLUdjY2MA//OfP4Pjt90aRsetLKyg5BdimBUOIKF+yihYDFLAMLbg/8nffhvFf/gLW9u8Z
qxwPP/AgPvl//Tn+6JMf63igYJomLrvpOpx+9Fn4weKO8TzhvSLsdSQ5AwsW2Is/XEEoXqvAq1iY
/xwQXKLXHTSDFqF5zGZ1RPT4opgOog7C5lXTdgZd0DLkwoULuPXr38Ktn/8qym4R+1Z3YdfyKtbK
S6gUynBtG6Ywotzckyh7V+gaQITEzSyuI49lI+2qdjvZNb7Fk9mJXDCM4S7m86SBoEsjMRILuDYC
sTjQuEYQ+WakFBxxJipCE2OjxTMViW/d0FGqhl58j/Mgepr17AcGBsUApvSHg0FAR7sWHAd3feKL
uPpX3o29Fx0cOhLT933cf8+9+Oy/+wu858Mf6lJmplM+BBHHPCp3IMIpDkBCQMCCQgkFnLn/Sdzx
wiu4+n1vx/q+PSOnEDhz+jT+8VN/iyfvegC7llawe3kN65UVLBfLcEwbggUR0BKQMtkjPK8RRaZH
mRjCz8D6cyC2RykmFAQTsA0LUMDG8RfwvUefwdW/9C4cPHZxz7QavZBS4vgjj+Lv/9+/QuP8VhAV
u6ojY90SXMvWkbHxgisFDg4wCcU4TG6gYDv4yV99FUd/4WZcfO3lQ5dna2sL3/7y1/C9v/sKXMvB
1uYmypXOXNfXven1+O4jz0JKnQtZSgXBtWgseizGycD0gppBSpduaTuYQvSXMOq+W5fxIB+5ER4X
OkXMxGZboc0gyLsdRJ8Pgu/7eOWll3HfnXfjzn/8FixuYN/KLqyUl7BSqmC5WEbJLcAJ+lewoNyB
2D1V6BpAhHSzNbIRglgshrmu5FSxILEmI0zr+kSdTywgNK4RRH4ZW4AG0j6I5OeOlTGu5UmlwJmA
6BEBbZkmio4L13YguABjHLH45n4nAlMSjHFwDpiGpTUxpfDQ334Dz19xGJfcfAPWdu/qK/ju7Ozg
uaefwTc/9yWcePI5LDslFKzk9BuWZesFA00LhjAA8Fi5w6hTAYDptghExa2z27jz419A5ZIDOHbz
DdhzYN9AEdFKKbz6ygk8cPe9uO3z/wRHmNi3uhvrS8tYLS+h4pZQcBwt4gPwfF8vXnjRvsR6b25u
akGUCzAmYnmsB2jzdhgDDzIdI4jGtQyg7HKIWhUPf+7beKhi49JbbsL+o4cTRdsktra28NTxx3Hr
l/4Zrz71AkpOAbvX9mCtoutccos697MwmvYVRgkzBgYJpjg4AwzDhA1AucAzX7sTL973GI694/XY
e/gATNPsWY6dnR08fN8D+OdP/z2q5zaxb2UXSoUiNs6cTazLsSsuw23CQJQkhjW/e/mBbVko2C5s
w4LgRtOeVFI+jvDBjha1u0VWm4FvOZYNIXQ/TxrGWMtii+325vs+Go0GNi9cwPlz53H+tbN4/omn
8dgd96K2sQXXdrB3aRXlQgmVQhEVtxQIzxYsQ0e2i7B+lH6DmCcTieTqm5BqnIMTBDEKJD4PTLf7
LBq5FhzyEWIBSXWAPq1NQBBThz39yW9NzB2m61ftR6dMaXEUFCDDBcn0omQNz0O1XsfGziZOnz+L
sxfOY7tWhS8lbMNEuVDE7pU1rJWXUSmUolzG/dJBqEDkjp9LSoWG10C1UcdWdRsb21uQBRP7r78M
y3vXYTk2DNNEvVbH9tYWti5s4rnHnsSjt98DyzDhWDaKjouSW4BrORCco9aoY2N7E9tVXWbLNFEp
lLB7eRVrlWWU3SJs02wKZOFCgNARvFIpeL4Pz/dQrdewVd3BxvYmdrw6dl11BOsXHUBhqQyn4IJx
Dt/z0KjXsblxASd/+gqevv8RnHnhBJxApFwqlrBULGMpWIDPtewoCtuXEr7vo+41sPdNV+KiN1/X
0W533nY7vvRn/xmHd+3D0X2HsHt5FUXHhRGk7xiqvwPxMd4HKqqvj2q9hu3aDjZ3trGxswV7rYL9
11yClb27YNgWLNsCYwy1ahU72zvYeO0cnrr/ETz34HHYphX1x3KxgkqxhLJbRNFxtfjPtTgZpqmI
FSrKay1lYBdK20Xd87BV3cGF7U1s+3Xsue4SrF20H06xAMtpluXcmbN44fGn8dBtd0OAwbUdVNwi
KsUSCkHO6Ybn4fz2BVzY3kK1XoNSCqZholIoYq2yjF1Lqyg5heAhBeBLP7KlMxfO48zGWWxVd6CU
gmWYWCqVsWtpFWvlZZTcAmzDDN4GaNqVdi8Z1csL+npjewuvXTiH0+fPYqu2re3UMFF2C0HE+CrK
hWIg2PPJiblt/udLCWlybPt1vPTCizizcQ4b21vwfA8AYAgDphCwTRuObcM1Lbi2g4LtoGC7sEwT
lmHCNPSDhejtCRKfiXkw8cs52TFBpIp8T9lHhpotR1BnEwtO7kw8dxUmiGQmEgEdku5I6BwQS+/A
FIMhDNimQkkVwMBQdFw0PL34nSEEHMtGyS2gYGvBdxDxGYil4gCgYyQ5wCUs04oWoLNNC9u1Kl69
8xE8W6ui2qijVq/B8/2wqBBc4Mjeg7BNKxI9XcuCaZhgjKHheagUS2h4HqSUMISAazsoOc0yI5az
WgWLsDGlAM7BlAryRet0JIYw4Fg2dupVVJ95FU8+9jxq9TrqjQbqXgN+bPFAzhhsw8SRfQfg2g4c
UwuyBUf/rIU6XXsVpNBQUJCQWL54f2K7PfHgwzANA7ZlwjQEhAhF3FG6WudbZoxBKIArrnMfM0AI
DkNwWJaJguOiXChiu1bFiR89gufqddQaNdQbHqT0o3QhnOv2ObL3ICzThGs5KDhanNT9YkNwAdOI
RfS2i5OMgQXpIbgAmBJBpLwFIURgF6YWxh97Ea/e9wSqjTrqjToaXiNKa8wYx6G1PbAtC65lo2C7
QR9YYExHmhddFzulahB1riC4trmSW9BR/YZoLgTIBCyYKLoFMMZQsG3UGg0AgOAcru2g7Bbh2rbu
E94mrEd5oBk4ByA5DKHF/6LjgjHAsWzUG3VIpYJj2ig5OqJYcK4F3SmIudredVS2rHngDQ+r5SXY
hoXVch1SaZs2uG5/yzRhCgOWYcE0DFiGCUMIGIFAzuPR1CQ+EwRBEJOGbhRGhu6zFhjqWCJH5MLc
c1FJghgeY5zAoH67kt/NDqZ0bmAEaRB4sEigAlBgDJZpouQWoYJIWcY5DN4UpHRu3sHFUBZmIWYK
XCkwxSCVgslMcC4CodVC2S2g5jXQ8Bp6Ab6YyCsCsdoQoRBmwAqisAHAlxIlrxhFXDOmtw+FMy0A
N4U9hiAtAWPgTEeIMqXTcQgudEoIy0LBcbXoGaQpaPgefCmDtkEgWuso3zAq1BAGHLMppOqczwgi
fnWddOS1QmG1M0XE1tYW7vv+nVgvLcG1XZimBSHCuo4mTob11SK2glAKPOgHwTm4EFF0ealQhOd5
qHsNeL7X7IugwjoXMo/qahsmjJhAKYL2iLd1cqF0WVgQCc2YTsfBOYseTri2g1qjhqViGZ7voeEF
7R+MGJxxmELANJpRuaZo2oVSCgXbRaPg6UhgxGxDGEEdRGCjCqEOXbAZLEML0Sqwww4/aHuoERJm
5GAKANfiOgwtAFuGgaLjQkoZ9YcRtL1p6FzQbMCHO4MSf9jCgoctgAEHgCkECnZreViwGKPgzfQh
YZ/yNoF8mHLSGE9MnKkZVdJbU/SQhSBmCl00xoZE6AWEOpTIGQs/+yKfJoiuGDP3kIwk/MgijAFK
hgsRanHSDF6nN5QBy1AxUS7IjxvlsmXNhfEGPR8ApVhz4UO9DB+4YBBc596VhkRBKZ2iQvpR6ggA
gfClhUMAQW5kRBGYSim9uB7Qo8yti6NFIjRYdCwWpCvgnENILbxZpgnpB2krpA8ldTqDsF5hNHgo
0DXFOhZFAMtAsFYSUEH6k/03XQkzIb/0Q/c9AAMcBdvVOYeFCY6YKDmiObPgVoRFIraCCPqBcQ7F
dLS7KQ0oS0VpOkJxMpRgwtzGPOi3UKzUOatbI577CZRRhHzY9pEQrcVeT/owDSNIk9JMaxHaBo+d
N/yZ81ikO5QWydFs59A2OGuN4g3t3TQEhAyi81WrTYXH5yxBfFZoOY7Ova33ZUL7loKAJc3YMbl+
iBG2XYKgPS7x8oRvIoTlkcqAaZgtvhYusBi2Y9in7WlUJl1OggCQkst1UiHi/0a2TxATIxU+TxAZ
gHyFIBYL8mmC6MlYKTjak8j39TdyyPHp04Y6WwCLfg5f0e/cLvy35rajEGQnQFzwVUqCgUMIDiXC
KOEgP3Cs/GGKBM54JIL2Pld7mZO3bwrYiIKLQ0GeBcKqUoDiulyWbC1XWK920S4S6wJBOxR/Q6SU
2H/jFR3lqdfr+M7nv4yC7aDsFlB0XFimNTFxMi7M6tQc+t94JJg2F+KTSsIMciPH6xyvrxZyO1Mx
DFPOdoE0/F0xwOJGdO5QeA5/D08ZLtDIu9lE27p+SWUNI6rD8zOuINp27LCpBF/pXicdQd1ennHa
bRi6lUdAP4Zo3batbLHyTa2MNN4T7aTaJlK9LA5BdDKOqc7KF1Pt89mBop4nwKyGduoogpgv5IME
kWoMPsELcrsQHT/06HFGvbbO2Qgz6BvDMVFY/96MKE4SbcdO9RoG8YbiHRPNRfJa+qizvwbKOd21
zP3U+PCszXZQwYJyikWJmzvEzKTztpST6QhfpXR6B8UAzoADb74adtHtOM6P77wLZ196FftWd2G1
vISS7cA2DRhcR9MyNhk7bvpfrL4xo1FQEEp0rW83QbL5z8OVs708jDVF4VBxFm1Cab+yNEuiuv4t
tA0WnoY1z99aspYDdvGD1jrrCPv4MZOL31qW6ZFUHtW0gJbtZl02umMmWshMxot+BV1co85E9xCt
jNJps/LFzPh8NojfY9HldQTI5glirtCYRRAEMOFFCEO6Cc+Dh0oPQg6HsSFmnO3ikk71y6YqOrUe
Oyn6s3/hw2O0R+eOVa7231hQriEmivEytEdLA4AwDex//ZUd/37m9Gl86T9+CkuFElbLS6gUinAs
O8oLPA2S+gEqqPMQ9Z2Uh7WUJ3pIMUQ0ddKmsUjlXodK+pvqKjZ3bJnYXuMdc/J0nLctinuqPo8u
dkLBpESczF2uSUUgMsKwpkqRz0RemcawTnZOEAOT6gdnNOUjiJkx1iKEg8BUwmAz9jlTO3xNjzGr
PGtxbGzReErljY475kQ0TH8Qivpew8Nrz76E1WMHo0jbarWKz/7Zx+EKE6vlJayVl1Byi7AtnX6D
YboPBIbQm7vtDmCy3jap+o5znHHE5/GOORtSUZZUzzIJYhDyI0Lno5YLzChj7Sj7dDMUGuvnAvnt
CEzLVvNzuSCIkejmeuQ2BJE/jPZouZHpiMLr/efBoFltuujXHxm5jExAzI9yFkOL0ZxzvPCNu/HK
gadw5N1vgGlb+KdP/h02nj+B3Uur2Lu6C8ulCoq2A1MYU4t+biEX72lOMZyFbigGItHEFtrmiPyQ
NAiMOijM3ylIPyRGppfZL/w8gyAGgOaMBDEU5C4EMUky4lEKYM99+tuTmza2h0y2HXlyJ1rQmW6/
u8P2as/czsYVoGfcb+2nGz0RecKh9cJ5UklAKXjSh+f72KnVcGFnC2y1iJeefBYAUHILWClVsFws
w7UdCC6ihQ2nyoSaO93eNmoCTGLaqOh/xEIyqOslXb8yMkdKhgRoYgqM0wnT7sBeASaZ9mViYZln
qhnyCYLoIGlFqIm7yrh+T75LZJqUGXAPf5xsDuj409+Ek472Sn/SMJWyBp4mM31nZdyRO2W3sVOO
ymEMYEovSGhwvZiea9vgnKF6oYYD63sAAI5lo2DZcCwbnHPwSa78OQNI4iVGYdS1NXvtli3PWXAG
ifZayJtzCnMjpkBao4j7vN1IEJliFvZLPkIQHTDElgFK2iANfpOGMhBEyDxvNSbpCwnHmvwihD0L
zGL/T9plIe9WB2eQAON4NNnEm2YaWX/nSFLE+ITaLZ4DGgqRCM0Zh+ACjmXD932AMRhcwBACnHOI
IPXG1KOf50xa76XTWqqFY4RmHmQXWtswZQzTzwvVafkUoSmHY0qZZQdQZ6eWub8kmQWoUQiCIIgs
sMCSxQwF6EGu+u2yVQ5v8vrNIOMa8QIb5kSJm9WEzUkv+MYiQVowQHABpSSUMPU2QbqNMPJ50cXn
+dEvdpYcZqpQ8xKDshC20i3J/mKO7wvRZbNkMc2AyBALcwdFT74IgiAIYnb0nPSPf0dgTPSmokfa
jWEO0DzM6LOLTM5LkjojaQY5tzvBTLbq1IiE5CDXAGOsuTghCyKdWcL2OWF6+UaTMokNsw8xcSbQ
vPSIIIMsyLq0o9Ptot2PdDXMIJlUevkn+W0Cwz70pkYkiE56+QW9EkUQBEGkgilN4oY6bHYmkpOP
gO5Kv2fx2Wm0mTOTplng9p9y1UJhWafk6P73qbPAXUgQRAZJ1QNUgpgDZO8EMRqjxBfQk2yCyCb0
IInIG2m9Vs3AFw2WpJiNQo8QGdbjN0AFu022tqkfx1JzU76AIQRzel1vrhHOGUqfnor7g6nmUs8R
qu17RlCXzZFh00DN3dnTSDYteOZjd15sJ5vmQGSAuZvWJHx4mJdK8jJmEMS8mLSPzX2QIog5keN7
KGP2fp/cksGSbgn/niNmcne3oJYcJxUKZwpYSHF1Ah3bLpouZDtlk0FdN/eZH9ICjbUjkt1Bh7qc
IIiBoIGCIIh+ZHc6RBCjk/ProzGVJ1k5b9SBmEuUbg46ZgEDuvvSS0hNaZePlh96ipVJaTtlhgn6
2yCHou6aM+2vPBMjkN27rnip+/riOM6azeYhiFQwV/eZ5EV6mIpkZA5MEJlkWv6U3ekQkUc6/CAN
+Z+zxXRyQPcdRHpFQeeAVFZyQUZ/egCSabp335idSjZBEJOBfGmCZOO62+vt9l6X3PTXjCCIoRnm
GjDLB1BJ29M9AbHoLIp9L0o9iPygov8tFjOo0gwXIRwcummZNrOaPc6BjBWX6GSo6LpBIJtYOOie
klgcsmPJ3YILk/yR5nEEQcxuIBjmRNkZcwmCIAhi0TAmtQbh4NCFn5gS2Qgmmx4LWHcSGoluUOTl
jMljeiNiYCJ/VM3fW38gCIKYAzQGEQRBEJMk75rTmEw5Anp46YgEp0mzwNHOcTJc9LFZcKfpN74v
cNWJPox67SebGRJqMGIAGNkJQWSS7Ltu9mtAEARBzBm6lMyE8QTonp00eg8miQpkD0RX8m4cOa//
guvvxAQhOxkBajRiEPrYCZkRQSwA5MgEQYwBDSEEQYwuQE9JfCaIocizqeW57sR8IJsjiMWF/Jsg
8oVq+SIIYlaQ0xHEeJAPZZbRBOg5iM8U5ZgEtQhBAN1TMajwj+Qqk4HyXRHEYkL57AgiXwQ+T9Mj
gpgxdL0liPEgH8o0wwvQc5ypZFZHymShUwoNNhqyqYGIxgyym9FYMDvL7DWEIMYhBUZPvkcQM2QI
ZyPfJIgZQs5GEONBPpR5BhOgUzQ7SVFROglFrngBU1vYjJL3J15kT0OT6jEj7Sxg4y1glSYLNU56
6XXtG6Tfpty3SVOg9r+TeRFEHya5EM6A+5FvEpli0PtAMmqCSCfkm7mmvwCdQrGv303OXJmJ+JzK
ms+OUITOWzPkrb4TpGeKDiJ3pPCyRhALQy/9jHyPIIZkyuJz3DdpTkQsDGTMqYKu/UQE+Wbu6S1A
p3y0SN1kiSKfZ0ee2zpv9R2UlI9XBJEJyI8WF+pbgsgHI84TU3dfRSw+07gukRGnCpp6ZBTyI2JK
GEOPCl23z7mV5lkQnRV5TnGSl3qOQ97TsxDEqFB46uKSknEx1W+uEURWmIIDtftmCoYLIi9MW3ym
Cw5B9Gfc9G4EMSQGYwOO/n0fi89nytLvrHPxm7FCCAbZMYfTwxxWOT1k6OozpJ0Ms3mGWmF0kipJ
vpd9+hkvhb1li2H6KhX+m4pCDAE5A5FSsuZKBDFL2odu8pdUQFfUCdFrgY1ZnYsgJsBgixASw0MX
vdmwqO1MA/9wUHjd9KA2zQeLOpYuCuSHBJEvZuzz9BySyDRkvKmEumWCJA3SNHcnMsjgAjSNIAQx
O+hOYHBmdPHNhca90JXLMRTZvjhkvC9T+dYaQRAAcjLPIRYDMlKCmBzkT8QM0QI0GV1vqH3SQ576
Ii5Cz01gyFODD8ZCPxtY6MoRRMoYVEwmnySIfEE+TxAEQbQzLT2g/bhz1x+IRcagSU4PqG3mT977
gAb+3vSyD2q7/mQ8mjLX9Ou7vI+d82LQRf+69c+w/04QxGSYxKvN5KcE0RvyEYJIP3QvSEyRAVNw
ZPdqQa+TZRjqNKIf3SJ2p3zhXJjXyCnimSDmR25y+Q0+yNCQRGQWMlyC6A35CEEQRO4xGOt1x7M4
8fcj3dT02mnkiyhdfQcmz08PUuNyqSnIYGSsuAQxMr0evrRH4ZJfzI5Bo5+Ttuu1L/UhQUyXcXxs
0DcfCCKrTOJejHyEIAgi9xjd8w3mUfVLIEkEHalpqD1HIq/NRjczBEH0I0mEbr9W0Tgyf/J6HSOI
RWIQP14QX6c3EYiJQwZFEKNDc3ligeiSgmMxrxLzW9tnMdtz6lCzEf1IqY1kJkVHagpCjEw3pUDF
vmniSmSIPL/8RKSUHBoj+SHRARkDQcwHmssTC8SAOaCJFmgAmB6q7TtPbd0rkpHoDbXVeFD7ZYdR
Frijiev8oIVSCSI/kE8Ts2SYe6Vx53n99ifbJ7LIKOsIzeueiebyRFoZ0icSBGhSIghiLtA7j8NB
bTUZqB2zRb8J6MTXLSAGJt4v/dJ20U1EXygCk5g6/QS8QdPvLbA/kx8uONSxBNFkkLF8nvfr5K9E
mhnQPo2Om1ky7E6oTebDAk/oEyE7G5yMt1XeTDtPzMQ0SWTOFu03KzQADMX80qcRRIyc+y3FSCwo
ObdrYrrQuEEQRDs6AppGhu5Q28yHvE2IyM4IYiGYy2Sbxo90kNMIyXlAN7XERCFjGgjyu5TS680o
6jBizmRq3BgkrU1mKkMQM2QIvzDyHprTs7ZjDzB5TGQ8Jpm6Sk2IvNWXIBacmQxjNG4QBEGMB03P
h4aaLGNQhxFzZCGVkIWqDEEMwYQCbWa6CGEW/ZXu8WcMNTjRD7KRyUFtSRAEQRDEkND0gSCIQaHx
giAyzgSdeGYCdBbFZyCfAblzgRqZGASyk8lBbUkQBEEQxJDQ9GHKUAMTC8RczJl8iCAmx4T9aSYC
dCbF55EbmkY8giAGhyZmBEEQw0MBAgRBLBw0qBELBN3jEERKSJFfTH0RwlSLz/HCdWuDFHUWsYCQ
fQ1HqgeUFNNuZ9SO6WOYsYDGjfEh9ZIgCIJIE3RNIgiCIGbNjHUBg7EcX+3Cxg5XD05qCkZaDTEl
eq1aTTRZyBUs5gS1ZXrpJYjSA4TJwmLf9PCZILIB+SRBEMRiQeM6kWdyav9GXisOoFUAHLodVMJP
BDEAZDCDo9p+JuGNWFRoXCCIoUm6JJArEQRBEESKoQs1QUyBbDjWzBYhTC3d+omErsmT1NbZ8JPp
kff6Dwu112SgdswWdD2aDr38gNqcIAZjVtcT8kli2tDciCBGh/yHIAYnx/7SKkDnbXJH4vNsaX/d
OY+Ol8c6E+mAbC/9dEkDRUyBXtcianOCGJ9JXXPIH4l5QHMmghgN8h2CyBYz9lmKgG5nhInuqHPj
XI7PcRGaFoEiCIIgCIJYPEg4JrIM2S9BtDLoPTv5DpEVSIeaCyRAh9BgOTvaRei8QIPccNADivGg
tiMIgiAIYsLQ9IwgcsgIjk9jBZFqyEDnAgnQAzEdy5ym9pp6X8qIw0+8jxigUlLvVGv/LPadkvbK
EmmxMYIgiFnT79pGwyNBjM/Ia7gTBJEraKwgUs1CaQ2pVnciDMaCgmajvOMxUp5HNeiGIxdjGqTe
lybfrBNnGuJz93rPNvlrypu+ldQbc/qgJssomXLMDBJ3CtblZ2KL/d46AAAgAElEQVThofGRICYH
+RNB5IQx791pqkWklrGMk66Aw6IjoPMwIoxkG9OLfM61qWa08uO6iRr6IBltqHGhhdjGgxZXTT85
de2ZQm1MpBmyT4KYD+R7xMTI0cSa/IYgEiDHGAVDTXnsTMXQ3Nc2Zm88sxChU9H27WTUT8dvSxUL
gG4/2mwaJTNNn/snNBOA2pDIM91sP49rDxCJzHWIpLGZIGYP+R0xcRbAqBagCgRBZIt85YBO0SCb
oqIQU0e1vbaUgfwjROZpEVjI3NIDDf7TpZ/4TBDzhOyQIEaDfIcgekM+QhBEBpi6AJ0aqY0GZWIu
qKbtKYCx8Ne4Z8w+Fis1fpmEavtObUHTDwMw7bdciCFQbT9T30yW9vYliFkyjM2RfRILQmZMOTMF
JYgZQ75BZAW6b1oIDOrH+UDtnl+afd8uQk+Haei4pJ1lBDZYP9HccwZQI0+XQduXBi4iYKKPfsm/
iZwy0xCK3PtZ7huAmAY0L8ofWR1KSIBYCBY7BUe3Fe+J6ZPVgW3azKFdupn+OEWZujtRJOP40JiX
HmhhzelC7UvMk1GuUWSfxAIRN+epLrtDfkNkCbp/IdIKrRVEzJHFFqCJ+UEDW0A4W25vjPnPoruV
bK6kqjAEMQHIpicPtSkRZwx7SOV1kCAyTN/ZLd0fEHmBbD2CmoGYGGRMmcdgi5oglIxz/uS9D1rq
n14/61cyerWSIEaEbHo6ULsSIROyhfReoQkiOwzkjgsxfs+rEjRSZYqFsPXJQFp8CqEOIeaAQh4i
oClXzHxoX0guD3R7BzFPbTAs5JvEokJ+TxDThXyMILLFQvjsQlSCmDZkJkSaIfsk5sjiC9BAFxGa
PI+YMO12RiZGEPkkJb6fkmJMlvjDTXqAlV9GechL9kIQ86OXz5JvElmn23Vo2InYgvrCQs5HswR1
AJEi8iFAL+hgTqSMdjtbwPeNklxpwapIEOORAodIQRGmD13XiRCyBYJIHarrL5iQz+biSkdkHbo+
tUBeSxDE4gvQNPDPh1B8zXv7Z7z+NFHIGNRh6YH6giDGg3yIILIP+TGxyJB9Dww11RygRidSiLGw
dhlFny5sDQkiVUwq4Js8dkSmsBgX9cWIUMMRxHiQD7VBDUJkB9XxA0FkHLJlIs2QfRIZQS9CmFWD
HSSylClyyHmygCkoBia0z5zUn8W+R6pyTtppakyp/fLswiOTggajfiNSDRnnkFCDESmEzJIgNBl/
25WYImkYJ8k+iUkwQVs2Mm2UPcuuBtiGmAi9DHLR27+fMy5Y/QdZZ3FQ8UtBPyOKHzQN1+lMMMMF
fEjMHIIUpR3KdL9ltuALwKD2O04f9TsH9T9BTIZp+hr5MdGPlMyHpk5e6jkmOYvN0sx7Mk62SUyK
CdqywTI5DHTzpizWhSCySzdP7HW9Uz22aRe36bqZDuY9f8oE1EATJu8NmuLRj3ItTYDcNwAxC3pN
pKboxzRnIAiiG7kaH3JTUWLhmWCqz8VZhJAcfP5QHxADEN0LUYacTJGrCeOwUMMMR7sgotp/pgZN
7SM4Ep//f/bubLl1HIaiKN2V//9l9UPiG0XWwJkHwF5V3Xe2SQCkJJqWOggfAKzGOAbyPdW66OFa
melrCrWG37WH2sSRQP36WIAWCGR45AAlDnfIubqVB7SYPmEchYCUefx6BAH9JXbl8PFBAcoROCw2
aRwLzVxQ5G0q9Nafge6+CWuGpXxbaivmWFgT3w8hNOUwVW2Xv8AMhBw1WMRox0qwBtkc1H6kM6FD
Ymuq+iYX2VV+mLf/IASQ8PRQjqPJ45ip3oG7byzVYgJFMlwGZhsOJIn6NbYAfYXv8i9F7FFj+/MD
nhy3i7MIvZaB2Jfd+nNihwzEzrWWBWZyB6x39RCNs/G5nfzZpHHM543GldTZmbMC4BgCNdQkrHBS
q1/2+8Hi8zLEHbUaa4fSw1IUYH/EdI6W1SByBNjENxiwylW9UYfo7en8Jude3kCtx1sMdnR8PUOf
9Bq8BccRi88xkXTTCtJ39e3Su3tHuxWqs+jvt4DuNzBRaOY9PeSx9kSVb138Qyhg1uQdqYwTnDK0
YIL+ps8LrW9IvUKVqdr8bqzhBejtfEUK49xN3kPib+C0dTv8iGG44P9BENDB+Xia+L1sjJHzlenS
e8W+Dj8nfyklQoGFehYehYwrZ0+Lo1ZgTek5D9ATtfXh67+XtZXbiyxa64ZFdyepVfFnROLc1ROS
jyUYatiLPTb6uJGS0azuM0OsOzjUY3442yXNIvQpQgFpuSdMFDJyPT1DoObfI5Th94YvvT3BU4Oo
WZSYcXsMszX5PdgM74BOvydMZpNgXFP8nZ3pUoN5MtOe81mHswoy52p9yn1eTHbwutHT1x1Mxg9/
BM8ha3Uwo+TclPPYeHpNZNQOLKN+0Qsnh49eaUtfpgbdWVIttd+j6PHnSrRMx1VKdt9qcpEXsw0/
89yZodOYq1ga1eNWUeTxEqcBAExi8oIl1CqUUZ/ZbO2A5kDphKMkOurKNAW7oHO1fiMQYzBlr5Yf
/SE72En+fHwrbDj2QgDXmPYB3Km6NmBiwQzU2RS2FqCpinW6hN5Z/px1Z4qJMXOz+OmiE+hPvDDE
m+faWezJB4DBmGaMIWEAgIm2lNIXxx48ai4Sh1XmsEvDNex8Dv/gQeCP0YXROMqo2/mIOQDgiGMD
BH186446xShLa4vCPvOlv5hD4pZbvpW09q6yA6t7eUwMaohZbSZJ03rmcrCssaaiBCA5uec92uSc
oFAcWIG6AxDdkOUgJtcWxm7BkYJtfxTwHl/m4t65wdz0sc3COmIBFB+OddjjIW1NlJLOxCbjKRVK
ZQNElDtdmjsRgRnUFayjhmEKBdvK3gI05upy0txzQWPR4ggXD20Wx4/0rSX1kEgX66vjOuEiPB6Q
CMAXTkRQqqRejn+XYwhWYI7DDDl1xhwo60t+opBauUBY1Fw5sZiZmEq2i587tORa/Grn8/Hn0xhK
cu69Bgx1ySxiDKxVcmHLeEUpagbWULNQs6WLYzXFupr+Duhj8VAzaxD3b8ShDnErQ7z6uzuOEO97
xxO4/acHxG6OqzgTf2Cuu8VnxiNqtdTO2b+9XHwBKjC3QQW1aN7XS/LotK+s1+9BlIJbg7h/Iw7l
iFk5Ytbf1eJzc6xbX0Dx+HuN0lyED0xMeO1+vFoPgmN8SGTsiDZJ6UMqe9ZLoNpDhdwBu/zbgpjO
ywetltoaiP4O6Dcmv/WIO0pQL1C2fPHZkKudVIFCMN3VB+/EXB4pMyp3jjubD0lySilYGN410Nrp
UEFDF6Ufatz9HR527BPHKAizswD9xgCah1h/IibliNkztg3NRU2WI2bz8cE7MEfpMZjdzn+E6/br
8PMez0UIF0RU6X29QH3606NG3vl2eRtcbquwmtACNIUAYK6rYzSz0RzTTgG63saJ6gAAN+4u1rlO
xdGoDQNsRBDGJEB9BjWk9BWKSaENcQktQGfiZLBSbtBepz8N7+yTQJw7lprBmC37wDfg3Dbtzg4B
Y9vbn3FBPOcyOI/iG6etgQQdp9Q4/KKygb54Qmp0Xyby72BBa53CA+fGpHCKs+t8zmLV6zZ/jxzF
rNW0mBfTa9FQN93VzRGw1tnY4KwKXrE/A0AtziEHI8AQtHgHdMaoYOAU6hEwgg5MxZA7NeSzDGKd
JzNOLm8PBzR4GgeME0NI1gduXaaCiMMPqnkA6aBKNw69HdKtfQsOahMKqEOMRH1d4pbNixAzANEx
D57ie5IH1AnUGKtJY80F0Ohr/LCv/Kz85o+ZqK4QGWC2plHHkB2L+JYjZgCiYL7rIkwYZToq0xCM
5jzVzrvXHwHDLANrbfAOaD4jB+DH2e0GuBeuNWQKAFxjmh/qN7yrr/MGJNpU7ZhqLEqQWgBOLboF
B7MqAFuOl1nOnrUYBBmDAMowNI4d8GB9DXdsQdVLrY8ADKN8UIqawSyDa+1r/afX5ey1uKeziuBy
ZhjCGt5dCexHXux5aYzr2B+jffybDFyIojSB8RhnQ40Lr0DiHpsg0Eb4ErikWMEAFlg86BbsgM7o
MTNRoQ4BI+afiEk9R2cU+1tsnC0yN3WVVesOtsNPd78mvueePlWp5GjYtxkUX8C9XhMI48yYlsTX
P1PoFLWDMyNPboLXnOlzR7MNB9aZvADN4nOb3L2YDS8b/CCYUvoMIzF5tu1+fMcrUNyKRh9zXLbz
uN4V1vb7Q6D6K3YW2E4xM30h0cs7CBxLgDJ3E0jOxMIYm0gh2BVHm6svkgJYxuwQ5KQXeHQcIhMX
oFl8HqtT8Fi4+UYtljtbhHbkqUtZDyOkri5cR+8z7tvF39w+f+mwDofoXJdX5+Nh0sE4x07ujdNe
Jz9rfydjWhafMdz+lmPbISl95vfOic69OxfnC7hzV5a1JUu9pZQcTO3mOwBpLuvrlb7mdKzwTVwG
u8XkgBD/v4hHucAx48PwGqXHiO36LtDb4Tc5yf+Ws7DTMV5hwl5SutQjdq5LoaZQxI46q5rDGJum
37lOw6uIlT0M6VE7rXeOYa7SxLyCUtRMgW3GDmgWn+sRDMAdhnWDk13OPy4vhon3X0/xIF51cuNG
fMMJ/aHkio6HDfZ4f7+r9PlB8DKrFxPh18i6oOYA2xjDVb5e3c4ezl6Ij/fKcUNmwLqs23HgQflN
HIg7luBUx5cBucy4c/34Rly+8aAZk3Hh3MSvyzzdAoE686cmp6VTGfeVt61Hbrjtky0zxmNJ7pkf
qkx+CCHuMdsBnoTe+dakIWqcDPx1FUri1IaB7VOkcfFKKaWNWsYaJWONk6lYaudh6iSOSMdqwJkv
RnAwbBEE4BzXIDsEA8gT7nSYiQGGcCwDgBjCnY/FMnAHNGcJkkjLOeJSh7g9em8y2yNsxwi8bv4s
8yUuXjFsrI8dDxuICThRxqPS73TWDFixQc64QE98mwd3xKY/NBo9rqkXTSvn8/A1MSsAr1EL0OEz
WGFizEjPPeJTjph9Ox44z+JCrE4cgnL1SIGKlwqP+9sBfVSPmRE3JgUCYUjExAMAUYKc4oiayDQz
UNuIBWgyXWZyvEjPNWJTjpj9dfcwnF2sYn6TtKDHxzh2uCV0uHhvJz9npxhQJ9wEApwbNhQYY9g7
O4cBjthkoSX3OqNnfiRyPfsCS6LT1TovQNsOxnzEC4ZRvufei6fcImKnopeZccwVc9EfeagM059O
sCIGTFE8IhhCqEHd+FFzasE3Hm0KvQa7qjFSQcjWcQHaZgAAVGC43yM+Ow3BYGdDX8TtBEH5dvf1
jYi4cT8wHeMMe9RDXE/f3LurDerGL3K7YzcYXy/Djfdp8AUg2wCvEZt8xKrcYWjbvivC1RPucm6C
/eT1/M8KgrZ/KZuxPlEaVvGObze/mvnOzGmGGc5dzfU1YELpAVj8WBXK2QTU6dZo2agH9x4vJysv
I2BUdr57J5kzrpGO4/xLZpDaXo0psKijLldhOgpTf52wWe7a2Vg7Oa7ZXcO/Wnx+/3xfGJW97Hh/
ErtxvnF1EWh0JWtdjg7vHHpOE+783UJIbeEId/fN5dwF014ppa1mZ6KB8YaD4xx7zGGs+8hhoD/H
OuoJyGTrLHHf2vUL0GEW/s4WbV4nPx/0tu7jW4n4lGPx+drVYuBFvGwdOs7ktL6iWO5etuLl7Mf5
xH7u6rhjfJW1i9A/3BWJU1PqWWPQuJy7YNrjyKBo/dGYDuHQv1NZ5gyggo3J+bjc1vkhhDiXcyNT
Zt7pCHk5YpavYKF+9rca+7B1g2abMc7gqjNABj4EBZbp/nV5ALFtTB0+XWSVZIdydv39JVMEKu3o
TqRjIs2QRGzKEbM8D3HSC6Neiz4YaOIQZ0fwuy/WoEzUulJ39zlXS60zVoBi2/EX7Hb2bX+ucTZf
kns8yagRysgZEooHX1vxGfiAqnJbqCIdE2mGJGJTjph1pXHbXr9JfTrCmel57oKZkQ5Jrv0ZiZ1L
Nc8vvfogJhf5Bs6dTNCnwyX3i5yMNT13B+GzfJFftGAzbDBkFt/OTtW5BQeAMux4udcpPuE3mwzs
7D5Fpm7NwV2b4BX1DMx19xA5kwdIfLjLX68cUxc21HzIC01LLxApHPxoKAUWoBHT1cPicO44yRCz
vzrGJ9z6/tVF0WCm42y24WKIo33kECh3fEhy6yMdGId6cs9DW3JH3gEAF64OESxAd7f/njSrdPJI
EQRdXQ+e/f7fEi7dIlszADoPmoUrwce33m8Ik5wausdJ6+px6mY7ra7jjbwAOnbj0fSHtrjmKqmu
OtOPwgmtQhs8oMThwBfzQS/HhR8iK4mdz+U42C1xtRj3vgi8L9/SbUtCl5aTx+Xzov5CdylpauSi
becF7r4dXkU2yQGN+mzMKaHZGdExLv0jx5iI41shifFJxtCGHdDNGIRmsPhc7mxDLbGb7mqn7th3
Oftzn2RPgO+2wncj2fN/ui1EyyY5oLhTTTXKFwqoQ2ijOi1iXgHieCWFBWjTM46BRwKLNGO5sw1/
XOTeu7qbA7H7NXF8jT1By3nlQe8uMkfFPAEO1ONAXZVHLqrwDCmsRL1BGxWKALgGxyiTptAtpfRV
9mYDW2buuGGswcaaOwUxedb6YBrvJsbh861Igks5Y675BNRx7Tjumjmludh2P3KBBdTrMQ9upz+F
ii5JIbOuGEynwSaPtXA/EIxwkP+v/D7k/83i6wbxQG43v5JlpJlTEZNyxOzekvhsf96adZp2kmX+
1KjbP5fs0VyEQEdNLsgf0K7DONoufwEzTvN2kUxyjKMBHwpTZgcEBE8c1UjXW3BUz03i3302+bVH
8ZguQUzKETNZZ/MtGwfrXMUy5/cAPGBSAubheSd+1Z6EnNYBJ/hmzU4bi88AOvrKn1TuD1TVc5O5
bXyv9Eqb9uRpLqYTEJNyxOwasWknPYkuvDTr8qZcWAJASEz/fnXPLcViEmkDYFjhDugBM57JSVR8
1clkTAcjJuWI2bWpsTm+kfj848j0IVD8Znf/gDoBPHuPcA7T+MD5m18fuW1NNOcKACDPwFSde+qR
vQD93WfOZr5t2V/ZXkKmITCNOmpwdZRoCerzvzVwbDJtH9+6TN5laGxthEI4AMCA0WctDg8Gl11y
2FcAMGnWFbnWvL8dfrxysQCt1RkNRmJipJkQRx19GhKTgIEO2OVHPFCwDSECgF9m5kQvT66YFHAz
ecVQ1AEgbsaxTWsiuG7N55+cLEBP7oxW7E7kN3D5N97kY7kQsclHrD5VxeTuH80Jslwq5RpUr9vX
37e7V3EUsFEI0Rq5cfewtgQoYu57MCNAA96DvMZCvn0hnzFNz7tWoZUsPqeU0tf793+vERYto2rF
sVrutZaT7uoj0GWI1yeji88pCXwo9ibRiDGaYrwd/6XjQI1AuNYoiTs5Ar6NuDOXeTWfUI0M2IRk
hM53EOQ4HnIeU1PeVxZN3/cuvRYufAjhIAzafojl5/ksMSlHzK49xuZuGp4f2CWL0Gc3S45eU6/D
xLQdfx49QDdO1iheH/H7i2hWyn3ARU6A2f0M/BoxKZme6NQmiFnBVOs3ujE9HvGBfMai/dR5J+/9
7ev8MCizb04MJw2mUMIYKneRuaYQ+8413W4XgVOf8S1dsSvJDMchCnmiq1hThkA/y+a00i/Oznlv
14J2OxzyfIqwYIngt8hQo7EDmvXufrgo/PWuK2KS7z0Oidmv49z0OvvNp3+EODVVcX+C7NiECWIZ
wgIABe6PU9pnMKWtyz1AzLgY5WAVgvYAWoawQI/lnci1x5P+x7rSV/u6bvukVWEzC17yDWRmRzs+
DPpUFBOezPUhUE3dd5Xa6InPFgHAOrWTg4FHFbWuAgAGmfUQ3JZF6PZ3r7V+B7TU4sS+Ia/Dj309
vWpVSKRiCbOoo4PtJiZmPkFLKZ3fmhm9fEf0dfh1WW3YqKPlMuYoprFOKEl5urdY0mvRdPKfO543
8Hn+7NFgw/Wx/s5qaDWy/Mj1eoanF9w4y2vWePNYEGsnmpbrrPUL0Cmtjt8PrcIsTqqtdbBxjg88
ix6PHNWTeRCXtXR8ChpB++f0tiWeZdz3O1xMOrg7CGbEjw9cKhEsk7QWojVasZz0J2HPS8zP3+hp
OZDNqNhBB1rpvCILOZyOkGO+nIp7+js1x5HRxzeNi8jaMX1yC47JUwMzUR/M6t+IQzlidu80PjyZ
K0vIdfmzxejX9398MFam49yktTgHjHNX63OmHkaZvrx7QM+pFw6IQAQhLwmg4bLwuO9/rZbzhC/O
E50gj9+IQzlids9pfIbvDnUat3IvYlGLuAHVzj6/ObvRHAaSncPYedCE0NlHDqdYEmZy68fwXHIs
zNE7Qhq34JDIOwVoHukrR8zuXcbnOF8Ev5Snjnb2tRG8LlpQU2MRX2As+THWct0T+Ngmn1c8Iod+
kVs/puUy8PFska/l43R5A67MbRil3+h4O148Cxmngn2/j/HxM2qbPn5zW0ctHdvVhtv4DHQ2n/sZ
butRk4LmJ4UyyNAjSNLfO79vWLgaCddhJ1ryxjmGHsahfTNzePleFFIPI6K4uwXH4iQtfXu9AtVr
kRFXt1/FX2EL7F0QGQ+Je/4DV6oWoa/+QcjnM25/frj6YzyQ/zCxtJjFOiHWHHhmqdgO43rr3HaD
x0FL2euitMMsXK4RrjDty04ZuR0kZ5LqFHzJHEo2ypyeUfySSMqyJgj0/cf+3FSnVcaw8FOO2KSP
IASOSfVO6Kd/ZDamjQ1nTqp3d/NatCOeYkiIrF6pMZRiQ01dI+SH7IuNKEryONxj2phsJngq7ook
NOWNpFvTJWO7F/l69XtZdFJ7/COLwJnjNpWbLZYMouAfhHX8KLDgn8eMtVVkC3acnU9SwYVYlPKl
xwCgJuYZOWGRxzU4CAkhGZjgUGYaO6B5/l8XhBE4kv8+vw/mT+LPtsFUzqh8LbfOMdTEr1DhPe2J
b2d2Asq54s6WUkqvosdDROC6RmJ/ym6P62IEZhn9FYIzds6LcK/3NPy1vDa4WG/DQRkABqk4MHGx
5JRyUpXbhjxzT4KZps78ROWVUtq4KKFGALRiJl1t0CyedYC4uvUHVaHqLqVNWTt88PvV8lpdcIaD
VtRPOWL2iZj8wYYwxEOlA3Ex/o/cXqK57BSghWE2ikhkWUf2Z/vzQ38/NfPl+PQCEVC65YjZX8QD
raihNhLxk2hEpYfzOMtdM4GrMGk59c+TwP0jr9rIjwunaSS3nUwIZM5bvPY/ufoHnBdZVVxlFXdi
+dqu/sQNZj23tsOPnsu4l33MiNcvaii4hsRziClHzAbY1TDxRURPdf90H3TGjS9n+eTcV8fVeNv/
PrkyY2P+tC83h3/mUQapJ0XDuKpevq2/BcewCcvxTOi4a8WIRTlXi9CNBXD85y5i0t/p7TgYe78a
Y8HtTkoRpVOEBRFR99ijHrRV5YekyiI1tvTKF3l36ZUGfZh0eM0vmQJSaYclxOwv4lGOmH0iJshF
rdSrjh1BB9zrPczZDetPaY242nwhrPshmmP+UoRfHznCmcq6mHFz5vU7oFNi4NQgZgBWYg761jkO
Z9fFMUIdo5fDED54NLquGTf21eSQvI/XI8bc1wG4xxDBmQ7fzB1XWpvIAjTPQSxHzL4Rh3Kmdn4M
Su7TvSDxaXrMRAc2tVOOHVEASjHMAaSUmAwAoEDj+tj4HdCrL555+Fc5YvaNOJTjHO4bH1yUe83c
jCKcHGqnXFbMCCow07CpjKGMWai1RQg8AGhqm59nzO7rd0BzMV+uU8zMh53aKScfM+nGoTvyjZSo
A2CN7rf8YSijN2pKzPbnBwALsQlP2/R5cveGN7WxevpevwANAAhm9aEP45BbAAD64bgKALrszNEK
LWUBOjD5zbAIhmoEgCJMm1iF2sNI1BcAQJ6dg5VKS7987txXCa8uF7dPJs3liBkGey4xirDU1Tyt
[...]
aq4FV54ct1nIBdGWQyV5Ja/xjpF+gBRKlx2u6piQf136z2jNvqUteTw6Qk35lhFxWWnmsNuUsXOx
GiL4nE7L2lNEqb9i3xb2uRH+Us8B55yioZMtL97ItW9IxdGZ8j5b6Yyux8C/+cxXo97WiuxduQUl
jvkodb9lckhdxgAAIABJREFUHWnHg2WKre8xUZOkRfE0c4ZFC623/n//13+Nz4klVQVtkyNHl3ep
XWmBJ0mCBoGxWlA2cFTETVIX7PoZejA4vtOyCTRy4L3gNnSfck6q1OXPa1pVpw8CxsuV0/xCEGee
qfrw9z+vtj8Qyrsai0qmZnyOm3Q/DtKPsqwhsCBQW+aJUEnR3A14HKMI7ONGJCmxD+f5ugEP9IqD
bhcTXRR5xsIULKSEMe4rndksgekMqtYrqPQ1jrfIoDbSkObWH5bhG9DVUuWItl/31YaitIVVECbm
rhaxNezfT+Xap81IFAZy9i3mQD6pQvkoAI8tJ8wAXgNg0MfrzgJ9yuxIYwPnEc9hmyrmJeJ39p8p
9bxo8D3Q2uNgYgIGEDuFx1M0WWeoz2q9X/ZFxSG+5uvkucJBnGBkudeFlujAgb4PIHskiW6dPib0
1b98kbJKhxASm8lDKlZe5UzpRzra9uBvFGz5Mu+0wik8nNIYu/KHD7OdP23/0LjLwjmDKq/SyAav
Hguo3q/+wkqbcv5bsaEI0jM/h0KVyenXtn82MqdWA2TDTZ+qNWwsnbKdz3GKXDrr4U6eOy2d5gSx
ZtWvL9HPye68xtpMinX6jb0bGSLu8jp2MoX6fdoNYcgxwngWm2NJ2pwC3Hi7zG1LIHyK5L5glFj4
CI7crSs3k8ibr93YndNt1sqU10ly0uMnjGNgxDLh4fAHVDiUHKW7+DVPwBm1NSBcX3kJqnVV58bg
SJDRxlrgtK/XShuv/KcRLmPvqLT1HG1RyI+hfaLL8SOsgj7l0RGwOVpymm8EOrcWWmDZUD1qcsmf
zND3Z245+W+DJ1qZQSErCy4bDLquFsrz5OcyJVcge50vaExd3/luTfa6aWH6nQ7MBwD3DYU3xZjs
uwO83h+xKmVyQRTwRW+O1ucGfcsQ2scTEawUoYczygeZArVgzll3DJ44IMfrOnQ8fLqxwTJsPba3
DJ6Iyn4rSBlTctRmb2g5g9ogHSV+rAm3zS73r47wo7ewf6mMKdCX5EazH0tzrbX9NH6f7avWMoLB
9KdErM9ddOrpKTQ+5Ll2HJM+OhxNUmpSrhIGqaB0hi0cPhgdcu/Xk1MxdN4/h6oiq2oA6k8CiWNf
VcPfBj9djCZMzbNer6Sk8Fhl07tMqyKZP7POQ1z3cveiV6O1kffvdPGmte7hxlFef1WBweVuNuaf
eS1fN9VUhBEQs25pAKifqjAsf4h8QWW+3NR+Y72Dh1gThOK8mnWnjxTGTjn6P1AYdp355JFwI6dt
wo2gs5VztKqlxl4xGuCqkdff7Jh5LjHf8s0I9uT7/FDNeHiMYrb3NCIa8/K4dlmW6Dhc76a3jL55
r2gI/9d0/ioLs2x8bes/rbVbdU525SPn3YSqmyp7lld7gopzHm/ofsYa+XhOJ6p6Fd+oE0bF+lZ7
ld9Xnl/60b6j+oLyfIu9PKL4t7f5cmfwTLj5zJFQyaV43RRH7z+Rt5R/aP0N+hVjP9u2wiJM33mS
X1HNMsR+VDn+znsrecAeeC7S31o9XmNfzZpA2ZQvxbo6LrztXiCL36h5PiJIHri2ZHw3UDnNkcrt
SkGOjsfYUz2Wtw9uXBw/FxqzEyNolUZqxYI8Pt73I5qqsdUIGHWrfN5Aj98eQh7azhnngGUNbhej
b2z3nPk3CyxC7dcIN/bBOkyDZdIgo5MtsS1fJwBPz3wqUaBtJgleEXPmlKnrU+QGK+IU5nWYHxzr
m3oZ8Jvj/0TWWoQPoUBeVu0KIcm8fwpmv4JP9TTQAV959nzXpChOWgfDdoI6CJba1IExi5IAio3w
FZjZwZxFjfuKvVdhKOIT9b3DF0HF1Il9Swx0OPb1JWWIH9HqME7a8X3VMYp3CeXqCYpb8XcQI1D6
UvZ4uN3XLkrVhIFZ4ByraUiFUioaP/X+XxQSD7+b+ntp7rITpWvL2MaiNj3Asa/GbFtKWR3aMKC+
ldSJELP5ngz+tBxjHpWAXdJgAKmwIsOvyvlxGeg5Rf+PzMbZfq/wCb8XtwGuNjZ/03vRKGwb27pc
nOmPZMHKlueXz6vS6SCkD5JBFguXGcM2+ICqad/35fRKumzme2fjAtnIksjG+e/FZYCvNCK1ns6o
33W5n0Oo3fyutEPGWvrGkD/DOZYz1tvbqdSUtJg3Murzf5G3Y+9+Q41jw621cS8G/Rumh0bA2yzA
+tbFv0b9F7nm7JMU4y+xny9f9rPO9hB19jMNxOyq3xXF/2+43Mw5b+25zi3ZAlRO2PHby6LiyLym
cgnH35t4cbaUyvKRwo73tgVPpUqFZwtMWeWd//Hjn9M4biReF+zNfYTmmo/UPK1Udc6yzNpmNAOZ
PIp2KizZu1mMkHOC8RV74p2A+AtXPns+S+ZwdJIut660qnEqX58OO61hP6BTizkS8S3Kex70I7eO
8RL96wZXA/3LQqjsbIY5rD8fG/tvq4wTUIk3mL/BiiH2nwnKTk9uPDw7Qs2ueu/C9UN7pHqqFjkG
inCPjXz5CyRyZMDOdpuW3XjDNSB1bx27fSVXWC2yknOP58OPHsbmZ1BrE2Cr/6pDDaS11Tlq1+ZB
ne2sANAh68X5llpdzr936F0twA9zgtHcxvOxxD5Sy7H+kiYWqYtRHk3fgw/DkUc7gkO1F7BDDgYA
SDFf4VI1MQ1V79pGYj8sPfUerwU363vMNRD0MVyVBMn7tpfs3+ei8/63vHVVKPanTNVHeHngVpqo
DweDOpmCB1RfYtbfp6JHrjTGF61cTRW7JP1+w03jA4GiJH+PjPQIh8h3wA41hY84rIGe1kzjdZS+
tY0ZWX9P3Uvk+C6qnEdgoLTuBOXx3UbRHtS+pB4d5l+pzph6MrdT7EcxIu2TnmXeosMb+9vcclTg
FuxTJ5ySi8c6NZ37Nc8/i1c16k/9hhx0G7e/XFNcY97PmlOznC8l4Yo2cXW8Xs0Aflv+KtfEvvjM
n/n53mX93NXNlPevyvZdVK90fz+PYbm0J8acS7uCh49t3ViEQpF3xcfd3tj295xDoRzUvV7XfuNH
GiG4vIERludSnoeU4RfO55rybEy1qeT7Poa51R2NDvOMGIM9pW0H0p9o3pTtDNFZNbJS2ouiMir4
24vFYuxVsT4vTEJK0sdHHtvnmG/4Opn15r6tbbUuu+pxDLC+wst4n2LgoAteShd4MVwfgYNoTBKy
IkZ7751GBp22LJtbYPAGIPs+VbavgMMWsR2rNn+aM0Cf+dGmXgHd+SbW9wlEF4OCZcSajSs/avjn
mQGMPfEYsVJJv34BGeRzkc9GxJEMwRtcp5Ovqy2rzqmpKnn/OJFiyEZSEROBra072PlrIBYcx1H7
wKXTwSjoytNoXPzqFjY9yKTQWEcHjVqeblm9WP5N1xFGqhuNvbUWnrIKmfcTsSlfpOD23PUybTql
hamJU3w/qeA50l8tB1sdv5qXQZjv73sTWnDSK4JShJZl2cdbPUmVFMk3ng+2OhWgEpiUBE/N13fo
mqjaVxy6seJvyJWjIAKGVDcMeA6A6UaTyEr50w95YHrr9AATE7wODg42qvLF63zrGq6Hh/8XMjFl
l3tXup3hObQo5DG8Tk2XiV+lAt1bdJM6S7lRVBC6KhWXGta6IiHMQYpItZL/1De0/2P0T2U4sqDX
CaPG62+nm9AKzfrojprHYJwcJMlVF12H0/Vo7f0gr5f51J+njpIr3wRJ2dNiYHHuUE6ziJsxq4Ri
D44x6cv+nYr+N/86t/pNYRvfERdjVR2/v2QdVfxKLBXxcKr11wUjzLei69dU4vtuVVv3lm2lg5F+
3WkM9TtRxb0FxzqY+1R/Kt9x0c9htX1Q0900ct7DGc++fcLe/6X4XjCO418qKskNrEZr+HHfFnrB
sXzfouzNjWPWnsvMlX0jL26j4ief6e1NkVdvkTmkCDXGtsN/CG7jexe1J5NtlaGiwK1lLWGZc+5D
uTtPQ5QeAuogCXGM3RziF0V9by2KFOPC+zE9rJYbCrXTR/hC7LHGd7r5zFypjKjVOCZVjo9+leb2
Q3kg8sj3Od12MEGyBwAGm4cLL+4daTxa21sATptHyLqXH0zlZtwcrRKI0QLd1OaVp+MuDgs2Ry77
BrTVfWHahRdiAtCOi7/kkD5/eWfzKpJeeiH5/Q/AdM0opa8QccC83sFUKy+1YCPWqxDgB924dKt5
/zWEpKyCrES167Gy74aI82lPwSbH7MeF7OyX1D4UrYPwAS6K5kE2MTRZGzf2oLzeCla299dxxWtF
h+TtO6H0sq0QJyTFaKAOxlTayrodO953MaFwptlvIMlo/v2lU3n1eBc4lkz20oiVnAYduesemIo1
IP8aAT7o8/XDvGKgAia7RlaqSo6C1lrhWA0KtySAYraJWSYh0oXX5YURhSqnQCq048besEZo5q/W
kFXzLKxpO7u5CHIRmb/MytkWpSjrwA1DwkAIXwryjs+p9FKazA5FUrG3ikf9RfTzpveVcEjalPyw
JGfbSt/cn5NkFmX+NBUX5bglZMGGMnxoU0Q6L0s7+O5Bvjt6hgsJ6t2hytFq+hqnlZm65nJbi0P6
7p3LXmfMo0o1ralmRyznF04n2/F5wLdQo19l7FiPanIKF3TyuBv9d66RCfolOJHM5pstLvqzvsG8
ctk8v3LEOe75LInH9l1EWf9UFMKqs86eRKX1GhtMNRwrHMtB5+4ka6z8Ujp9C9dr+4GOc9BGEG5D
eRfk2AoOaPAyken8bY6EPhDnWllEwb2Qc6uNAeUQAESstoTlklVyzmbnr8FEoO4/m2Qi5cW8Wdfg
+Q9bpNDMChQHj6Cx8THe5ykVszA636HN9+5Ax7Mp0xc6vJ8jTlrY6/WYpgeDW3Q5OmqtwqOey6CZ
R+iRYYoxmtwDmuH2xzSfAHmxDcT6gTzd0M7Rqzy6Kr1A267Axd6WV/p9bwTPhmy17HHf1lt9awdc
K/BcP43s9y8Q2hc3f15U/HaoXCZWipj9C+gV/f7j7jk28TKmwC6a3Bt8TmoRCLhkCALQGMet/3PD
eoCUpY70Iwer3kZrXYAHOT7Tt056cn4zf+hUrSJaD0uTwcMDkr6ZhMUpm4rAPb11Aby/fJSJEpC6
dpqMPVXLz/5BrbpOF5efLjkpemgTVH0Kckm6u8Lj4ThUcKDmBTa5DfG9dPh8VFDThwTHbjDokiIP
TT6n37dVHK+/DrT1mgLJT4X/PrOcytcd/sUL1b6Zb84MY7uBWALXbg8U7oUCIr9NZ6tb51ZKytmf
NDn6bDA3DdQKXt/ydoKhraU3ds3WOgwBOZCT5titbBTp6/JFa7TKqr+tNbHQadC/ntPd6NyX23jq
+lTxcpDBx+szz1PLU278gua+uU51w1BMetORltxHuvvZAKcbhRxP+QXbKBmdzVR0OaLf4B8nmzuH
/FkWjplDtMN46vqZ+dar1MMoxukT1OtlOuqttf8OPCMPlrvcku7QqaovES/z+ucoDbPp8Kse+xH+
unyv5J35f41x+vDX2eLy28+Z/z+CdxprSSHPPAZcQ9+Y/RjYTopWe52LVPMOQ863m9rDNWPyKgbc
SaVLiSsB4mQLi+Ncx0odkVm2arvAOFMPIxRoRLoiL/Cq2vCrel9blSKHRRWu7JNWto9d+TyrBPIj
19UZTuF6Nepx/jlDVyBDx2r98pKPfkn7HQ32Vr7MUIRLU8uxOfbeo07hOLK5e7Mwl9HWW99E4N8S
agpuVbDsolYy7pHrrV8jnutppBst4T6H1XVN2ZeQIX68S1BPP7KTb1pCrFFpB6tlx7EBcEm0XSsn
5S9QsWTaoHd37T6yvd72orcVKPNOcF/4fU08P6F2gBniQuStLCHzSSFCAZ1jhxiSoTzqFWfV5xHY
O6iBPFeviFQCDKL7tyBu16aUtJEh9VjJOs/MzkGMGuy7o8E+FJmsDEx5TcJoLdyEDlD5hDBI6vmP
Sa1E0nvA6FPWzo1aawOeCWmfOERs0AKNiElWx6gE8kXd3tmNjdWBsaLlrX/bdnywt1q8+1Xg8Ha4
1Bpv+eG9IMk/k7HJ8zmfAC1xUvFNe3+l3HuO1+NwQzbx7C0+k0HUZfipdRjLg1MASoSBjqKNNAFk
z7DDgW20uAJlJA+QR7UkvGojS4pfyFbhhOORGxWfDSbFejxP0CHuYEQgjXU5JwCK6ECtRl/I2sMf
eTTCpHAO6hShK5pew2iqeKOiwm87XkLeKSpjzaetsop5To2ms8hYK1KVkURmwEgnblGm+GUJUSM/
QYUfUqppW+kF/50lZztdF/uEPl3R7WQ9jArxSk+1n/PZQgp77I3mepF31S/8jfU48oX+hJVViL9y
vKyiD9vi5Oui7k8QJ+oeJc3UZ7iZ8YtvPitv1WMiQh5IEKNB8sf5EVUznurV7dA+HO+rrI9bP+Nx
x5hdYTlnwRPrOP7Yj0HYIntPHr/eXd/ytn+8EWZuJ3o4Nl/c0kBUkz6G/NwxSzn/BltcDMQK0d7s
rlUKH3U6PstU9WGO8F1RceOoodEav702c3e0S+W9+nYu6iXq/S7q3MzUnVY4d4/W2j9JCq7xRcut
DMa9d/GQ5q64xXzTF9Matd5pzLNgKzYq+4aVJCG2dG7NcoLEQ1/hVg8b6oAMpAqB7H5h3B9jPGMb
IOwbrZMqVAw9Y8HU6K38b359YBOdNxgwwF8xEoKxHCqERQXUlP3mqHzqziE4WDm2m/+sfoI0FbcB
b0Or/YYz+4oTA3W0zL4r3Wf6qlSfQL1BFEVWCavFLlSbxrrqY7g2hJzxa6eJPWdtmcW9AHt8GGiI
NlMNgS6yy4G2tpIrK18Xd+hW3KsBuoUzSOc96v5apPX6fwj6l77YTchUyA5/DVmpYfZJFjP1+AOf
Y8COrIIcocpPnfvQrrgcbOkdAqmqD6LtsJp9AvlaiXqsaIeuVesJJNsWAAg1jn51poz15S10nR7h
Uq6A5qFD8SG4wgcVOQYouZhqDInCThOhi3zrB1CLxTFekYbY0eXbTajEDwlJ8JJpYh1wXD+xmYC3
C1qusXiNT9puDzadST6OeZVe09mR6xR2lE9qIP/QMcFGreSZAojQkrFTXW6soX4px+XX58QtuM/T
gjr8PiqIrZhGfUtG86hLrq38YlDNGYOK0U/tM/VaKhVbcWmDim03dIMkRWMdOzOdun3Erq5m9ghl
N2pjRJZw1+/+8lWpkJ6rXHiOtV22rUoOESIOpUTVkIsVPvaf7sWEELOQttpYyBoIF8yjSa93vkUM
nGwK3JZSaSBaHeQjkKnWd8QlOk9mqz3NCnqPcjjUNtqM5TnCMM4KtjMaPESPeTBz8XJb3fTmt/fo
oRr8q7XyHd1QX8Y7tsFg+rwgb0JX/cL2cQ/bQFk2do8slfclvvQBS9dm5on9kFvH0kg8y67iPnqu
u7PDR/HN1JjLUeY452A6WcvVTGb7/cfgH4ISjREwYN2g/ys/35tO5HHvA2OZ79UgIfCelI0ta/z7
8eazyl7OVvYDLERt0ZLWAoopdjf6WbGC93gfz+LenuniZ08yfshyrdZhL+i33g4FrTW5BQd0vLkQ
dZdiqmuc5Oq0rT6ogFGXAbEOPM+oXITY0dZruFl+ojlHVYZBLbustT7LiQabU5AOHEhLnZ90EH10
P4y3pboJXdKmfi2TErZ1LaOpKIcFnN8gZwZsu8oJzlSMnV/tZ4n182sfpGbA1eHufSmNg7oy73m9
6GK8xL0ZVOkO0sh8cCirT+H9wRmFhaSJCfwW9aPK4jPsADDpOpqU71KhfNBpTrRPotiBoIq5BQsl
SxWyyxLTPVtDZdFfwoRvcxNhL4iLKwz0TLgQfFQF5fmRl9v2IULMe1fJ9Xo00OT48XA4JHjkMwmo
A2dop16dYu841Onp57JZVMsbC/JIaY5VWXFCdU3yye3jEebNcWcI0KyWF7GKz1/6KPpmttFam8c4
8ME2UEunXnCr2+z+l+XGhuwFglFXdEf2kk/j8UeFMyChVFnX7ZV5O96uYAZTMtS5v6Ibc/hX+bLX
+N1Coz5zrButb+x/YeUTa54irpNhS1yXrc8KEzF9rdGTLlUU2ud6/qVATeD/pTj0rmTcOfHb6+6K
p4vEYhYyXrTRTyOvS8aritO2ZNS9a6tKneF7hDkh97En41i/Moysl9sYjfEh9GNE/lof1Idw9UKA
sdEh9r2mfV+i76EmxTvLY9bo8gXQG8uaeXnKzOvsd94+S4zyav4x/u/W+n37PH5TJ1rDTsoqjke+
cY51zhm5hw4X8bji7/xmQNocY9X7TZlZ7TbmcJzYK5PJA0bdTtF9fjgtVm1POctwHGrMXjvq6LNj
yTUXn3DuXHTei2zLkv/KMGPdZMYEuEcbd4zeEu9r+sO3i8Pa17GvfvyL4n1Ttyp775ZYfLi9STgr
lgl+3Lj8OHlRkksNPgdHUuDslBVQZBAQPoKW9nr9wbgcm41GjzvKYsfJrTw6Fp49Vbr9QGfRw5+F
IkZrfiU39frCWDk4n7uzA1BvbkhyYkD7wQRtEwE7UdjK4QQ2VTDuxdFlCQ9b0sXEf7UxD5E6HeRq
PVbc2SYTg6QwRI0V2DvWdcJUF3OGnHbQ3mQgV8wE+zYsx/yngmqkE740aYx4Oh+ABTmdBMF8SlTi
cbtz1VM8qTnnbWA0pCwhEzehMZNZURDrQGvGl/F+/GV5UMfaQ9i4kSmdo3jH5TRgZNpVdZtGi3IO
wQPsXtQN8XUrqRgqS0v1DaO/spgYcnhyg3njPjGrXHDb1l6Q9oOQNzfu6Ueuxpmsi99MVPmeykgs
i4p6amx6y7nCjfXCaFBL5WzVT9U/xoFI9zanPrHkjBFRatZ9lgGl6cl4f4BIE1Uln3sLUPlD9tFv
WJQ5DTqvZjLs3zuOO43AylZhY3nUtXT5/N1H7pxT1uN33hqCpVl9xJN0rS6+RpLV4jYfk6I/jnQd
r+CWYqs9T1dEkLv3b19uarnUfkc1RT5Rc6wPX98KV+W9SqoOR0H3RKvsq4GwDImQZ+U7HbY9w5ur
3lcFjXVGzx+YHlNBOuMi3yFTviHMNxG/2w8VwgSZDmWXcdpb+7686BfGxEcXZ+n/HWqJKD/CP+v3
3Rjm27NK9z8reoaP/BRfpXvl9VwCZgkfjAiB8HPhEduUz1Z+tqO1eYRtMFqj3VKghbjxfL3FRPN9
izWybfH53qL+I9Zo6ZtQuN3KOusWqPQGn9LDSAW/Ro/r+t6/+vHDbDX5KzS8MS1m3/5///d/jRaH
LDe/NrLbimqGQkNHr1CXlDpUUwiIeGqgEJXHSg4GGQhM5nq3Hd7/KQQKKese+By2v4DIyFC7dg8g
qyRjQd+k1PnEtWy5L4j8Wi1joYQa/KG9CQZi70UbtItVt7GwJcSgt3jhzeF35qKCVKbutDSybJcf
sPIFopiRgFcSKBK5nX6EtQQk8JPRZw/1wh5319l/00AbCgBZ+TXkPG+wBhYYXeltVnKtLRDTdXIU
olFbDTChmeow6C4MzUeRnGhOpN+A3Ltx4+Ppk5lzeHZMdut9WFABwfhNhtCuMo/5M4GKVCWdZNdS
bZj/j3NxNiP3w1FIkmkevvf8mq0u36YS6JqcR8496uF8nQWYRg/j5n35W39k254yAPyjJ/JZ3ueI
Y0YpQSLoM//SJKYN7VJE4UI/cYAaj+1XDd/cdL3GgYn2z2XwnHtx7Z6/0xkjc+Zgx7rkcL6qLCAN
9UXdioej/XUmw1OTMIchu/ydDUQfC35V+CNeRjxloIc4+nlNvL7Hqc4VeN8l9iLzVqXGTm5fbqxx
U7LSb+JO1cLl/DlaPsKeeTndR1nVyktd4gpbE7HWDeVNDTn21var4kW+GkFuvzXByeed/5/G6jaa
ebvRFnczikpG305HKXmTkcxg2x7PJ5GCbJr4rfHtO/5prH5fbvNtRdNFbtbOaZ7gxmKkOp3q3fXi
8Yn5f8xIozW5YEZnF81PyZ9bc5w0Fi/nNhW46+Gf1pq9Z/Hg9wIL0Y3rqXPfZIA9FtIBpkYeve15
4fz9rEkaLd6LfH7xHL2+nwcW4+C8iY/b5nbi2Ftw5HH8d/0c8YISyqfdkf5muZUQs0fvv/OxBNiF
dsVtousrvT06Q+1kEBx7BEKr/VK2zMC5L51VqxIhvUIx850xRP+kfp+rjAAPemtthMf4hTO1GXKm
jlELEmFqzFlFYOkAs9FovBGlXBk8ysMTY3F6yO6plBe0aLciYY+B/pUiAr0x6ey2Jz+sT1Ogfh3g
0zS2oyTeRnF/+aW1xGY+nx+p3jIh2WHS6RoQjBjRO3hB+9RtCrTzcnL9HhLCVsReo5Bo7Jr6ysBa
uZxXQlLQW52ZMZXIFyvIlRg1bNh6TeZP8diWizr1g4MZ4MZy30SWcYbDJInPVQB7a968KJsjyWl0
3Qc5WYKSljEHbONjiqet8kxsb7OSOZP5ns7cxFQtf253FwOrfvRoZI1yu/B15qh1EnsQs0CmBPAx
MK97F9dPeDm4bOfqL2qI10Zr9KGoinJfR9KgVPqwMsb+5Bzu5eHdT0dzVqRZR4zAlysqPf4JDRXV
D1k7MjmkAIwHSl5tTV8erO0rvWypqEQbnXpBlMStdswboS1mWIHshOz12J5KZf+neJhluauPsUd7
gaf7TSbVi4wPOUJUNG9yQBGVbLnV44ZKKi6eXxl3rua19LMxbhdehD3AZR5lzpfx9z7qTFyEa3ir
HDeawrzabkWmMTK0Nl7cizFicNv7lXaJP5cvMiq/+M+V3/tPxo09NLhdbKHo8ZUYrX38cnQwn/ZO
97nGvn4bf1VhZPazEq3ypzpTcwL0rAZ/K06PXubcvIealWwRWekIw3MQ1b4aD7wvFfgNvKZtk2/O
7r27lTTI7VR4LvFmB1pJnGXQVoPTiHw7eXPIIsz+juCI8+HNHE/YdCOMbvo7Wls6mHAepNY+Fx8r
77uh+Y7mv9QrOIghdAqw+gb1vwJjrN9V0Ide5cExJprIcOYcpCl8giDcvkIIpqhA5GDsrjL3SILb
eUqOw0QBAAAPsElEQVQlr+LVyyyxzUgbiRvGu7FRY7UWtS4DhT7Xs2ETT9e0kspkLqhS1pS5Ssd6
lXts963PM2YoWScYq/YWwrFXYSoGUIbP1skyI3GCm/kXhPDQMxrQkeDlJhvJ05Z8j4SJa37lEKLt
66cxl2FieceIMquy6twZHzd7+sHmmRO7yQjihLaWbwUiZ3olSJSfMkLXGmE4nDhS0vuiY+ath8+y
6ougXquih3+yBHgOaA5tM6GyCKs3DwqWjxTiRtOUlly2R2Z3ppI7ZUJFov/8gzl6LJIzHnO0PMqi
qpxi6zWHr9anW/9/UbqAa01gNMo23McyPpwU0rddnN7+UuWEfzlSdnN1XWS/vZYEudw33lLkrK4m
RJVV+mshmwZ/ZC2cp4E3jnYTJ+J4ZIofHNry4KvfvfP0wBNXhSqJr+LkT8qHm3j/Ef5TjGv6P5Xi
0WqFz127H0wtQ73KnyZOOI8518hUv9iItmTG063Vt71Gm1gab1wzjlbNpGeXCWDPpJEPR2NF4XRd
4X6l7b/ywZ/6t2uT+5i1HnR1SFfOvpOeAEf2UOnsIadpD8xUZHvu7fd8hntVez631G7Lb2xoy6u8
lreBIaatNZ7LZntCfD3j5d+WbGu0DV0yih5y1OmRXVc0Losem7P9XRVqwLn+FqXc8X0jciKYs19X
OhtgC3Q3vv+f//VfdP+LEXoPDSdLBcpvnr/qo0mHIGfn+DNE3Sh9dCqQbc4vl13+88ZONQTmdVGR
2673ajwWoT3KWGmCVU3Ue94P0r9anPsQdkC5SgIVmM5jH+3tr4M13Bwc85+Kz/2k4jjJDVfUjBcg
4LJvMbtc1V4ahrEeGk4opH+MECiDHDo/TTsD707/KliSgU60t7gFAScPCQgL7KTAQQZS/7Rpl2nv
4/cP8l22tWxNMYcW64934GQC87xD4HKMVdlB9eSpPEK3Xsp0uPzW20Ue3DIK4lIXSvVd/cQx5uu+
l8HODh+0YF7z55fMkvPkJoBgPvd5tLlHX6BVyqkvbPbZ7ks6Cay4oun6Vyr9KA13lIy969OmnGxt
02GfPXtFyueKkWl1vtbplysqbjNJyqdjI7KTJPFcNca0siTE3i+RysjSdx9udpLiKs4Dtn5vI4i3
kZv4nbnUnbnHN8wj0/grZPzQ0tQiGsD6jY6qDUO+SnqDfLTOeabCdXS0vMTs5oBfD3alshK1N6/T
faY5/1Zy/ARl7HKLZX5aZg+cFTr6N/50irk3+TjnhnOPv9jD70bnxNvg5GM7X895x7TAOndqa7/x
wp/WUfW4/jUevqCp2k077K2lG0V+O8Wch9HLXV5UUU3ZmytqJontAi18Ezdtlfr78fFX/chUVs6a
+6m9YJ0q1zG/uM0kxZTh50KVh0Tce1symtFjpXN/fmNZ9WHa79wOlSW4n4gtPdJiyehK5M1Cn9wP
N0+N2sjZTvls3n8i4o6TxeJR9nAYaxsTYp1/M1MODSY9rmq7vn8anIXPNf6htvPmT1RyfKFHKL3x
IvN5LV53m2RsPsowXuPqNxM1lEpfuYW9j2NUKVNQGr2Nvvtd+31OcfEm4IAqN2HvHIiilcHRaDRu
0PqUKRQCd/i9JFTXuhs3p4/H7hDQjneyq1daDS2eFcZV1sEq1GZdyUD3tEJRc0LioJ2F7attrOND
8Suc3ELCeSPI8T5mq7fRjzK6M/BZITPKKjSP0HJdvbLPmxJ1YHeFSbLW5TZG1dIw33z1p3wmufNo
5lyRVA9ipRgEds77aankvTNhDS8UYP65MjhuVLnqu9HVOU/nmaz1L1IoABUz5y1g+sJjxQ1w0cg/
09jxcMccBw+fY17BeA4EKoqfR/HGM3ZEMlFUHg36dx9g3nYw9VxmxJQjtIhMZT9B4M/CqRxl4H/Z
Mo97y4F5VIf1mxdeDoduaw0p9F/z+SJTLor+9/AnkTrQcxuGtGT5t7ieS4zm+1yFimPeiHhizmHm
UYWOMue2/LDy/qOdNvTxKWXMe07v2F7lx6wLtnotlysqz9wivPt44a1DjzXGwWjhen6pOZ6u9ab0
FSX6m5h4V270bud/CSczXbYT5XlqpJ4zEz8oj9o63K07/hE3L9UYcGE/c7j4L8ao8j8npEZZdKZ3
cxOa79PoXqh3h3+D+rl/alxWnTGC/DqP6hjL8asaPy3l91GNGFffJ5r2cosJom3HWtKD1jwI5Cds
F2n/HokrWSLt/Vb4xtg95bqoFzFi76IbINP+Ajku2UWHYwzo69/R9zYgestd3OaXKdXRp8NrULhP
hco9N5ko+gJaqZjwFHSWFY65BUdZOIy/Tjx0AtGpdQd/RXvG9z42CMwwosO/vHMJl2/PWaoihxZ9
so8WjbgqHmQ5Humm/AUXwy6fDF5Rwcm/gOhMx5Q+bUvoqlhZ93OJ7st/isey6N7erQwajP8seQJA
FcCbvtj/ZPb+exGHT7RHa+/bOTfTCAWSfzEl2IgxFnh/5LEvDduZv5rYze1wdIsoSpTvm++s2iim
mml9pn/QL5BYb46cq16N2rRR6ckXxH4U17dB/orWspiFX2am8vYzoe3mngGKxBUfg4112xRH8pGi
tWtFH5GiDU9xtAZvHRnWf5WsA8mIEbRpOa81Bfrht2XY4DaRvOrnJZj7C519dV5bfOPfogUdJ4S/
hTz49bX4RK1+u+xjCcO/3iSkCtJPfx0WRPlbZ/vP4a5+9BueIbhSXVcIl8VQRBJ60PN3a0ccHqSM
fceaXOeMLJgmX//Z2FULd35Ot8wfH2l9vZXwpb7akGb/ben3bzl/64ve2VnJptKTu/6lnHzN091o
2ddx4KG6Yb2p1wUfCeMSkztf/W1UvYEIfxL/BaPUpx8xyZL70foFG1MULeTlV3BrWtd+UDpokTSu
rNzL/Fv/TB7jCI58cMoz+eoP5rwglsJEc8vM3l64rfcxNeXZD1yc1bhRdMFHHcexxnauTrgIteY8
NAiYp5ax3cc97pWssccX9qOFWZT+5S7vMEyTdRA+BBAIaFgjD2UerA6KWwRHM2awE/2aVs6vpAbe
vHF9dJv5t1NtX3hmQJAVeR8HYSQy8Qu+7yUp0pYjaLJrutIYuQ7LhknpcnKqgXEQLp3XbguG1F8L
Kl778YevdYyLFebfEMqflX07Cp/Fs0D6HN9YaU3rkl95zq6voDPe/Nitz9ACQpLUY+S4KVTjC+On
NgRV/D8MOHGAyxWvN+0c4/jeX049cQ7jYfKd+t2b86jWWOjq67tCXEEhtsnR3/AY+WfIE3DOfwsx
29d1fguZGSBCzNjXUCXLoaLXIZDA17wZ/1vcZ7BNpYe8iuMGRqs94nfG3A9qUHf8JYIzBM1SfAGM
mVZ1Zl+JNwvO3LSe1Oiy9NzyCs87D+6uRowdFa0v5Sct/+4R/13ZuuGYrSziJNvZftmDpCymzo79
ug77wTOJQiDps+O91n8+PnW0+AsOJ14VeK353vldTfkZO5wvMI1z7MqIR8vmKfWLSpH6b7Obk4Lj
t0pNyuZ3myzPSYOD6v0PwvNQNMTxG+NEzJ1R9tRH/RYecs41K12cYl8vfv9Gz5V8Ds/mutHnqnZf
ZY31M5od4Si24XnoLXI5yef9haU8t7lBeswF54ihnXl9kvt9h/oUZ22H3/pwNwa1vWG98xjr+NdF
/ZMPKku899u/iO57bsq51ln3AEEQoJ4jWdbXyXLcew2O4ruSeAjKY6wdMVSs2fS0dNVOCVuHXJRN
KOmruQtQSuxVXnk6/6x9MXoL81Al+Ug/tQ88NtOjovxwdZA4EBxxBTTumRIcgxqtIUHt9DegGZ3m
gIPtnh/7Q144dDm1jdbSHkUuPIbWffXyU/bShoT0X2LrFQ8OMIWhZY/R9eKfXWsAf2qQjPhtfw5g
Xdzzy0kJk8nXCamz1xDOpOJ7cRiDSr4FDQRLcX24jzd/Y/rwJlUF3aqls4WbtFpNF9B+FNyb7ZUP
ZiKLeo+XNJxzpDAJdFH3YF9KCNl+RkN1a21X1bbJfwX7xjcbdarJwdgVD8uqkTtRmxXrMGjSZ9cp
LoXuIJCQH79KPUOo4TlCFrstWnciM4hajtpJaV5ABbo1BYhRvBdf1f4FBSWwsBIo6XzMuh8G8vsw
huJB9dUYf+V/OSoyXXCQo8uK2hW24LyiZVA8Tj2SdNkH3JddL+gessJ/rhyeeN3K0+nfBlZ4onEL
G/30Zv/OaGpno/9x3R7KB7jczvHjIycTE/RelM+vburcF4q0Irbe5QtdqrYutjPBQUcJCo94eCvb
lTwX9TQP5XW+XY0aJ5083/op4s5SehruGOMje7mLVpzX2YNuxuDrmDoEcLLbqu8WF5rzp+MbPdcz
HahfvNbibFeNy2i+T46eoj1/53zkcyzyV+cdv2/xe8ZNwMUAgyo84vi4MbrFxJnfuR36GvXG5Oc7
uu7qnOlVNqpmTqc9gPV5jHn3mA1bZrtgK69aK2qe+9fPDz6ybZty8WPOIHhz3gFU5s0sdVs7cRB5
/tk3mvY6J5zmtNKpjosr9cxX607GkdGaetu3khHPsPZkuRjKOOJu/tfmCmgwItgbZchGoI7V2bep
kDOn2WgobeRVWzpJUyIf/LLRSE0C7/uZIcm7mzu4e9Oej31S2JzuAcVFiiH14EbzyHooxn3WvwNT
WS59XQG0p/b8298bWnX/7kf1VqMG6SdG0DdrqprWmIEOs/tUviA5Cd+uTI+Wq67+FG7eFqU0sIeR
65brXM2QIFV1FGoL4/4ZsI83ziSwORBWWFhLbcYgBzdfnD3tcG9o52nQ1wh6KvFjpzUU5LemvGVy
2q/aUI+kHz/OGix5ZA747YkcLSP9QW7xSHwaZzitxm0J84IufXHl93iaYvVP3Z55qaPJrx7uWIav
8jtR335LgiNVQ+5pvK6dI0s8WpP3V5UoYDBXnMLD+qn29UfB0ozaflr+Ll54o/iS1X1k2OfOZok3
OKME+4227IPBzRYK/rWjCSl/TnNmsRwGdeT8a+mDTR6I43Z/JuNDXc3pKI3JSSqXqredThnHY+gn
Oc88oT8olHHQuiZyJUF9I50qXLu+ycKtwhnDGN9bjf3a1ufosw5PfWI9cFxQ/JTYYsQk/UxTK2EE
WUwvMFWJFCrhSzvbv9KJq1uVrDf/1ZUqDuN1J+eKw4K4spe/DlbI1st4L4JaC+RylJOn5EFgInqL
wsG5hu+vywY9/MqR5IwR9qKvHSMSJ1oUM0bOrrM37j1Gx13HFcbJ/FaVLvENZlU7Z4Qsb/YC9zDW
cdjXnzwzP8R3XQiP3mMB7NUjyNJuHtRX/QovC269tf2tpzjeT6cn5iJK5BeZaMbmp9GudbFH4HGz
w+15Mlb1Ic0l1wqIdP4oJ1HsbW1VGjSGILZImoyQZ1OW+/8Bh9Nbd+nCI1IAAAAASUVORK5CYII=
" width="800px"&gt;</msg>
<status status="PASS" starttime="20240109 23:54:32.962" endtime="20240109 23:54:36.829"/>
</kw>
<msg timestamp="20240109 23:54:36.829" level="INFO">xpath criteria: //android.widget.EditText[@resource-id="com.example.myapplication:id/username"]</msg>
<msg timestamp="20240109 23:54:36.829" level="FAIL">Element locator '//android.widget.EditText[@resource-id="com.example.myapplication:id/username"]' did not match any elements after 5 seconds</msg>
<status status="FAIL" starttime="20240109 23:54:24.508" endtime="20240109 23:54:36.831"/>
</kw>
<kw name="Wait Until Element Is Visible" library="AppiumLibrary">
<arg>${password_input_loginPage}</arg>
<doc>Waits until element specified with `locator` is visible.</doc>
<status status="NOT RUN" starttime="20240109 23:54:36.832" endtime="20240109 23:54:36.832"/>
</kw>
<kw name="Wait Until Element Is Visible" library="AppiumLibrary">
<arg>${signIn_button_loginPage}</arg>
<doc>Waits until element specified with `locator` is visible.</doc>
<status status="NOT RUN" starttime="20240109 23:54:36.832" endtime="20240109 23:54:36.832"/>
</kw>
<status status="FAIL" starttime="20240109 23:54:24.507" endtime="20240109 23:54:36.832"/>
</kw>
<kw name="Click Sign In Button On Home Page" library="homePage">
<status status="NOT RUN" starttime="20240109 23:54:36.834" endtime="20240109 23:54:36.834"/>
</kw>
<kw name="Verify Login Appears" library="loginPage">
<status status="NOT RUN" starttime="20240109 23:54:36.834" endtime="20240109 23:54:36.834"/>
</kw>
<kw name="Input User Email On Login Page" library="loginPage">
<arg>${VALID_EMAIL}</arg>
<status status="NOT RUN" starttime="20240109 23:54:36.835" endtime="20240109 23:54:36.835"/>
</kw>
<kw name="Input User Password On Login Page" library="loginPage">
<arg>${VALID_PASSWORD}</arg>
<status status="NOT RUN" starttime="20240109 23:54:36.836" endtime="20240109 23:54:36.836"/>
</kw>
<kw name="Click Sign In Button On Login Page" library="loginPage">
<status status="NOT RUN" starttime="20240109 23:54:36.836" endtime="20240109 23:54:36.836"/>
</kw>
<kw name="Verify User Is Logged In" library="homePage">
<status status="NOT RUN" starttime="20240109 23:54:36.837" endtime="20240109 23:54:36.837"/>
</kw>
<kw name="Close Flight Application" library="base">
<status status="NOT RUN" starttime="20240109 23:54:36.837" endtime="20240109 23:54:36.837"/>
</kw>
<status status="FAIL" starttime="20240109 23:53:43.477" endtime="20240109 23:54:36.838">Element locator '//android.widget.EditText[@resource-id="com.example.myapplication:id/username"]' did not match any elements after 5 seconds</status>
</test>
<status status="FAIL" starttime="20240109 23:53:43.459" endtime="20240109 23:54:36.839"/>
</suite>
<status status="FAIL" starttime="20240109 23:53:42.643" endtime="20240109 23:54:36.842"/>
</suite>
<statistics>
<total>
<stat pass="0" fail="2" skip="0">All Tests</stat>
</total>
<tag>
</tag>
<suite>
<stat pass="0" fail="2" skip="0" id="s1" name="Suites">Suites</stat>
<stat pass="0" fail="1" skip="0" id="s1-s1" name="Browserstack">Suites.Browserstack</stat>
<stat pass="0" fail="1" skip="0" id="s1-s2" name="loginSuite">Suites.loginSuite</stat>
</suite>
</statistics>
<errors>
</errors>
</robot>
